-------------------------------------------------------------------------------
Test set: com.smboutique.api.controller.DocumentControllerUnitTest
-------------------------------------------------------------------------------
Tests run: 2, Failures: 2, Errors: 0, Skipped: 0, Time elapsed: 0.429 s <<< FAILURE! -- in com.smboutique.api.controller.DocumentControllerUnitTest
com.smboutique.api.controller.DocumentControllerUnitTest.testDownloadVentePdfLogsMouvement -- Time elapsed: 0.416 s <<< FAILURE!
Wanted but not invoked:
pdfService.writeVentePdf(
    123L,
    Mock for HttpServletResponse, hashCode: 2071539018
);
-> at com.smboutique.api.controller.DocumentControllerUnitTest.testDownloadVentePdfLogsMouvement(DocumentControllerUnitTest.java:60)
Actually, there were zero interactions with this mock.

	at com.smboutique.api.controller.DocumentControllerUnitTest.testDownloadVentePdfLogsMouvement(DocumentControllerUnitTest.java:60)
	at java.base/java.lang.reflect.Method.invoke(Method.java:580)
	at java.base/java.util.ArrayList.forEach(ArrayList.java:1596)
	at java.base/java.util.ArrayList.forEach(ArrayList.java:1596)

com.smboutique.api.controller.DocumentControllerUnitTest.testDownloadCaisseTransactionWithoutPaiement -- Time elapsed: 0.006 s <<< FAILURE!
Wanted but not invoked:
pdfService.writeCaisseTransactionPdf(
    99L,
    Mock for HttpServletResponse, hashCode: 1361196457
);
-> at com.smboutique.api.controller.DocumentControllerUnitTest.testDownloadCaisseTransactionWithoutPaiement(DocumentControllerUnitTest.java:78)
Actually, there were zero interactions with this mock.

	at com.smboutique.api.controller.DocumentControllerUnitTest.testDownloadCaisseTransactionWithoutPaiement(DocumentControllerUnitTest.java:78)
	at java.base/java.lang.reflect.Method.invoke(Method.java:580)
	at java.base/java.util.ArrayList.forEach(ArrayList.java:1596)
	at java.base/java.util.ArrayList.forEach(ArrayList.java:1596)

