<?xml version="1.0" encoding="UTF-8"?>
<testsuite xmlns:xsi="http://www.w3.org/2001/XMLSchema-instance" xsi:noNamespaceSchemaLocation="https://maven.apache.org/surefire/maven-surefire-plugin/xsd/surefire-test-report.xsd" version="3.0.2" name="com.smboutique.api.controller.MouvementControllerTest" time="4.126" tests="14" errors="0" skipped="0" failures="0">
  <properties>
[...]
</properties>
  <testcase name="ownerCannotSeeOtherBoutiqueWorkerSummary" classname="com.smboutique.api.controller.MouvementControllerTest" time="0.216">
    <system-out><![CDATA[2026-01-09T22:42:57.519+01:00  INFO 263098 --- [smboutique-backend] [           main] t.c.s.AnnotationConfigContextLoaderUtils : Could not detect default configuration classes for test class [com.smboutique.api.controller.MouvementControllerTest]: MouvementControllerTest does not declare any static, non-private, non-final, nested classes annotated with @Configuration.
2026-01-09T22:42:57.525+01:00  INFO 263098 --- [smboutique-backend] [           main] .b.t.c.SpringBootTestContextBootstrapper : Found @SpringBootConfiguration com.smboutique.api.ApiApplication for test class com.smboutique.api.controller.MouvementControllerTest
2026-01-09T22:42:57.533+01:00 DEBUG 263098 --- [smboutique-backend] [           main] o.s.orm.jpa.JpaTransactionManager        : Creating new transaction with name [com.smboutique.api.controller.MouvementControllerTest.ownerCannotSeeOtherBoutiqueWorkerSummary]: PROPAGATION_REQUIRED,ISOLATION_DEFAULT
2026-01-09T22:42:57.534+01:00 DEBUG 263098 --- [smboutique-backend] [           main] o.s.orm.jpa.JpaTransactionManager        : Opened new EntityManager [SessionImpl(2046986915<open>)] for JPA transaction
2026-01-09T22:42:57.536+01:00 DEBUG 263098 --- [smboutique-backend] [           main] o.s.orm.jpa.JpaTransactionManager        : Exposing JPA transaction as JDBC [org.springframework.orm.jpa.vendor.HibernateJpaDialect$HibernateConnectionHandle@deaba61]
2026-01-09T22:42:57.544+01:00 DEBUG 263098 --- [smboutique-backend] [           main] o.s.orm.jpa.JpaTransactionManager        : Found thread-bound EntityManager [SessionImpl(2046986915<open>)] for JPA transaction
2026-01-09T22:42:57.544+01:00 DEBUG 263098 --- [smboutique-backend] [           main] o.s.orm.jpa.JpaTransactionManager        : Participating in existing transaction
2026-01-09T22:42:57.547+01:00 DEBUG 263098 --- [smboutique-backend] [           main] org.hibernate.SQL                        : 
    insert 
    into
        utilisateur
        (adresse, avatar, boutique_id, contact_utilisateur, email, mot_de_passe_utilisateur, nom_utilisateur, prenom_utilisateur, psedeau_utilisateur, reset_token, reset_token_expire, statut, type_utilisateur) 
    values
        (?, ?, ?, ?, ?, ?, ?, ?, ?, ?, ?, ?, ?)
Hibernate: 
    insert 
    into
        utilisateur
        (adresse, avatar, boutique_id, contact_utilisateur, email, mot_de_passe_utilisateur, nom_utilisateur, prenom_utilisateur, psedeau_utilisateur, reset_token, reset_token_expire, statut, type_utilisateur) 
    values
        (?, ?, ?, ?, ?, ?, ?, ?, ?, ?, ?, ?, ?)
2026-01-09T22:42:57.552+01:00 DEBUG 263098 --- [smboutique-backend] [           main] o.s.orm.jpa.JpaTransactionManager        : Found thread-bound EntityManager [SessionImpl(2046986915<open>)] for JPA transaction
2026-01-09T22:42:57.552+01:00 DEBUG 263098 --- [smboutique-backend] [           main] o.s.orm.jpa.JpaTransactionManager        : Participating in existing transaction
2026-01-09T22:42:57.553+01:00 DEBUG 263098 --- [smboutique-backend] [           main] org.hibernate.SQL                        : 
    insert 
    into
        utilisateur
        (adresse, avatar, boutique_id, contact_utilisateur, email, mot_de_passe_utilisateur, nom_utilisateur, prenom_utilisateur, psedeau_utilisateur, reset_token, reset_token_expire, statut, type_utilisateur) 
    values
        (?, ?, ?, ?, ?, ?, ?, ?, ?, ?, ?, ?, ?)
Hibernate: 
    insert 
    into
        utilisateur
        (adresse, avatar, boutique_id, contact_utilisateur, email, mot_de_passe_utilisateur, nom_utilisateur, prenom_utilisateur, psedeau_utilisateur, reset_token, reset_token_expire, statut, type_utilisateur) 
    values
        (?, ?, ?, ?, ?, ?, ?, ?, ?, ?, ?, ?, ?)
2026-01-09T22:42:57.556+01:00 DEBUG 263098 --- [smboutique-backend] [           main] o.s.orm.jpa.JpaTransactionManager        : Found thread-bound EntityManager [SessionImpl(2046986915<open>)] for JPA transaction
2026-01-09T22:42:57.556+01:00 DEBUG 263098 --- [smboutique-backend] [           main] o.s.orm.jpa.JpaTransactionManager        : Participating in existing transaction
2026-01-09T22:42:57.556+01:00 DEBUG 263098 --- [smboutique-backend] [           main] org.hibernate.SQL                        : 
    insert 
    into
        boutique
        (adresse, logo, nom, quartier, telephone) 
    values
        (?, ?, ?, ?, ?)
Hibernate: 
    insert 
    into
        boutique
        (adresse, logo, nom, quartier, telephone) 
    values
        (?, ?, ?, ?, ?)
2026-01-09T22:42:57.559+01:00 DEBUG 263098 --- [smboutique-backend] [           main] o.s.orm.jpa.JpaTransactionManager        : Found thread-bound EntityManager [SessionImpl(2046986915<open>)] for JPA transaction
2026-01-09T22:42:57.559+01:00 DEBUG 263098 --- [smboutique-backend] [           main] o.s.orm.jpa.JpaTransactionManager        : Participating in existing transaction
2026-01-09T22:42:57.559+01:00 DEBUG 263098 --- [smboutique-backend] [           main] o.s.orm.jpa.JpaTransactionManager        : Found thread-bound EntityManager [SessionImpl(2046986915<open>)] for JPA transaction
2026-01-09T22:42:57.559+01:00 DEBUG 263098 --- [smboutique-backend] [           main] o.s.orm.jpa.JpaTransactionManager        : Participating in existing transaction
2026-01-09T22:42:57.560+01:00 DEBUG 263098 --- [smboutique-backend] [           main] org.hibernate.SQL                        : 
    insert 
    into
        boutique
        (adresse, logo, nom, quartier, telephone) 
    values
        (?, ?, ?, ?, ?)
Hibernate: 
    insert 
    into
        boutique
        (adresse, logo, nom, quartier, telephone) 
    values
        (?, ?, ?, ?, ?)
2026-01-09T22:42:57.562+01:00 DEBUG 263098 --- [smboutique-backend] [           main] o.s.orm.jpa.JpaTransactionManager        : Found thread-bound EntityManager [SessionImpl(2046986915<open>)] for JPA transaction
2026-01-09T22:42:57.563+01:00 DEBUG 263098 --- [smboutique-backend] [           main] o.s.orm.jpa.JpaTransactionManager        : Participating in existing transaction
2026-01-09T22:42:57.563+01:00 DEBUG 263098 --- [smboutique-backend] [           main] o.s.orm.jpa.JpaTransactionManager        : Found thread-bound EntityManager [SessionImpl(2046986915<open>)] for JPA transaction
2026-01-09T22:42:57.563+01:00 DEBUG 263098 --- [smboutique-backend] [           main] o.s.orm.jpa.JpaTransactionManager        : Participating in existing transaction
2026-01-09T22:42:57.567+01:00 DEBUG 263098 --- [smboutique-backend] [           main] org.hibernate.SQL                        : 
    insert 
    into
        mouvement
        (id_boutique, date_mov, description, id_inventaire, id_ligne_livraison, id_ligne_reception, id_ligne_vente, id_magasin, montant, id_produit, quantite, reference_id, reference_inventaire, sous_type, id_stock, id_transfer, type_mvnt, id_utilisateur) 
    values
        (?, ?, ?, ?, ?, ?, ?, ?, ?, ?, ?, ?, ?, ?, ?, ?, ?, ?)
Hibernate: 
    insert 
    into
        mouvement
        (id_boutique, date_mov, description, id_inventaire, id_ligne_livraison, id_ligne_reception, id_ligne_vente, id_magasin, montant, id_produit, quantite, reference_id, reference_inventaire, sous_type, id_stock, id_transfer, type_mvnt, id_utilisateur) 
    values
        (?, ?, ?, ?, ?, ?, ?, ?, ?, ?, ?, ?, ?, ?, ?, ?, ?, ?)
2026-01-09T22:42:57.571+01:00 DEBUG 263098 --- [smboutique-backend] [           main] o.s.orm.jpa.JpaTransactionManager        : Found thread-bound EntityManager [SessionImpl(2046986915<open>)] for JPA transaction
2026-01-09T22:42:57.571+01:00 DEBUG 263098 --- [smboutique-backend] [           main] o.s.orm.jpa.JpaTransactionManager        : Participating in existing transaction
2026-01-09T22:42:57.572+01:00 DEBUG 263098 --- [smboutique-backend] [           main] org.hibernate.SQL                        : 
    insert 
    into
        mouvement
        (id_boutique, date_mov, description, id_inventaire, id_ligne_livraison, id_ligne_reception, id_ligne_vente, id_magasin, montant, id_produit, quantite, reference_id, reference_inventaire, sous_type, id_stock, id_transfer, type_mvnt, id_utilisateur) 
    values
        (?, ?, ?, ?, ?, ?, ?, ?, ?, ?, ?, ?, ?, ?, ?, ?, ?, ?)
Hibernate: 
    insert 
    into
        mouvement
        (id_boutique, date_mov, description, id_inventaire, id_ligne_livraison, id_ligne_reception, id_ligne_vente, id_magasin, montant, id_produit, quantite, reference_id, reference_inventaire, sous_type, id_stock, id_transfer, type_mvnt, id_utilisateur) 
    values
        (?, ?, ?, ?, ?, ?, ?, ?, ?, ?, ?, ?, ?, ?, ?, ?, ?, ?)
2026-01-09T22:42:57.577+01:00 DEBUG 263098 --- [smboutique-backend] [           main] o.s.orm.jpa.JpaTransactionManager        : Found thread-bound EntityManager [SessionImpl(2046986915<open>)] for JPA transaction
2026-01-09T22:42:57.577+01:00 DEBUG 263098 --- [smboutique-backend] [           main] o.s.orm.jpa.JpaTransactionManager        : Participating in existing transaction
2026-01-09T22:42:57.578+01:00 DEBUG 263098 --- [smboutique-backend] [           main] org.hibernate.SQL                        : 
    insert 
    into
        mouvement
        (id_boutique, date_mov, description, id_inventaire, id_ligne_livraison, id_ligne_reception, id_ligne_vente, id_magasin, montant, id_produit, quantite, reference_id, reference_inventaire, sous_type, id_stock, id_transfer, type_mvnt, id_utilisateur) 
    values
        (?, ?, ?, ?, ?, ?, ?, ?, ?, ?, ?, ?, ?, ?, ?, ?, ?, ?)
Hibernate: 
    insert 
    into
        mouvement
        (id_boutique, date_mov, description, id_inventaire, id_ligne_livraison, id_ligne_reception, id_ligne_vente, id_magasin, montant, id_produit, quantite, reference_id, reference_inventaire, sous_type, id_stock, id_transfer, type_mvnt, id_utilisateur) 
    values
        (?, ?, ?, ?, ?, ?, ?, ?, ?, ?, ?, ?, ?, ?, ?, ?, ?, ?)
2026-01-09T22:42:57.585+01:00 DEBUG 263098 --- [smboutique-backend] [           main] o.s.orm.jpa.JpaTransactionManager        : Found thread-bound EntityManager [SessionImpl(2046986915<open>)] for JPA transaction
2026-01-09T22:42:57.585+01:00 DEBUG 263098 --- [smboutique-backend] [           main] o.s.orm.jpa.JpaTransactionManager        : Participating in existing transaction
2026-01-09T22:42:57.586+01:00 DEBUG 263098 --- [smboutique-backend] [           main] org.hibernate.SQL                        : 
    insert 
    into
        mouvement
        (id_boutique, date_mov, description, id_inventaire, id_ligne_livraison, id_ligne_reception, id_ligne_vente, id_magasin, montant, id_produit, quantite, reference_id, reference_inventaire, sous_type, id_stock, id_transfer, type_mvnt, id_utilisateur) 
    values
        (?, ?, ?, ?, ?, ?, ?, ?, ?, ?, ?, ?, ?, ?, ?, ?, ?, ?)
Hibernate: 
    insert 
    into
        mouvement
        (id_boutique, date_mov, description, id_inventaire, id_ligne_livraison, id_ligne_reception, id_ligne_vente, id_magasin, montant, id_produit, quantite, reference_id, reference_inventaire, sous_type, id_stock, id_transfer, type_mvnt, id_utilisateur) 
    values
        (?, ?, ?, ?, ?, ?, ?, ?, ?, ?, ?, ?, ?, ?, ?, ?, ?, ?)
2026-01-09T22:42:57.591+01:00 DEBUG 263098 --- [smboutique-backend] [           main] o.s.orm.jpa.JpaTransactionManager        : Found thread-bound EntityManager [SessionImpl(2046986915<open>)] for JPA transaction
2026-01-09T22:42:57.592+01:00 DEBUG 263098 --- [smboutique-backend] [           main] o.s.orm.jpa.JpaTransactionManager        : Participating in existing transaction
2026-01-09T22:42:57.592+01:00 DEBUG 263098 --- [smboutique-backend] [           main] org.hibernate.SQL                        : 
    insert 
    into
        mouvement
        (id_boutique, date_mov, description, id_inventaire, id_ligne_livraison, id_ligne_reception, id_ligne_vente, id_magasin, montant, id_produit, quantite, reference_id, reference_inventaire, sous_type, id_stock, id_transfer, type_mvnt, id_utilisateur) 
    values
        (?, ?, ?, ?, ?, ?, ?, ?, ?, ?, ?, ?, ?, ?, ?, ?, ?, ?)
Hibernate: 
    insert 
    into
        mouvement
        (id_boutique, date_mov, description, id_inventaire, id_ligne_livraison, id_ligne_reception, id_ligne_vente, id_magasin, montant, id_produit, quantite, reference_id, reference_inventaire, sous_type, id_stock, id_transfer, type_mvnt, id_utilisateur) 
    values
        (?, ?, ?, ?, ?, ?, ?, ?, ?, ?, ?, ?, ?, ?, ?, ?, ?, ?)
2026-01-09T22:42:57.595+01:00 DEBUG 263098 --- [smboutique-backend] [           main] o.s.orm.jpa.JpaTransactionManager        : Found thread-bound EntityManager [SessionImpl(2046986915<open>)] for JPA transaction
2026-01-09T22:42:57.595+01:00 DEBUG 263098 --- [smboutique-backend] [           main] o.s.orm.jpa.JpaTransactionManager        : Participating in existing transaction
2026-01-09T22:42:57.595+01:00 DEBUG 263098 --- [smboutique-backend] [           main] org.hibernate.SQL                        : 
    insert 
    into
        mouvement
        (id_boutique, date_mov, description, id_inventaire, id_ligne_livraison, id_ligne_reception, id_ligne_vente, id_magasin, montant, id_produit, quantite, reference_id, reference_inventaire, sous_type, id_stock, id_transfer, type_mvnt, id_utilisateur) 
    values
        (?, ?, ?, ?, ?, ?, ?, ?, ?, ?, ?, ?, ?, ?, ?, ?, ?, ?)
Hibernate: 
    insert 
    into
        mouvement
        (id_boutique, date_mov, description, id_inventaire, id_ligne_livraison, id_ligne_reception, id_ligne_vente, id_magasin, montant, id_produit, quantite, reference_id, reference_inventaire, sous_type, id_stock, id_transfer, type_mvnt, id_utilisateur) 
    values
        (?, ?, ?, ?, ?, ?, ?, ?, ?, ?, ?, ?, ?, ?, ?, ?, ?, ?)
2026-01-09T22:42:57.598+01:00 DEBUG 263098 --- [smboutique-backend] [           main] o.s.orm.jpa.JpaTransactionManager        : Found thread-bound EntityManager [SessionImpl(2046986915<open>)] for JPA transaction
2026-01-09T22:42:57.599+01:00 DEBUG 263098 --- [smboutique-backend] [           main] o.s.orm.jpa.JpaTransactionManager        : Participating in existing transaction
2026-01-09T22:42:57.599+01:00 DEBUG 263098 --- [smboutique-backend] [           main] org.hibernate.SQL                        : 
    insert 
    into
        mouvement
        (id_boutique, date_mov, description, id_inventaire, id_ligne_livraison, id_ligne_reception, id_ligne_vente, id_magasin, montant, id_produit, quantite, reference_id, reference_inventaire, sous_type, id_stock, id_transfer, type_mvnt, id_utilisateur) 
    values
        (?, ?, ?, ?, ?, ?, ?, ?, ?, ?, ?, ?, ?, ?, ?, ?, ?, ?)
Hibernate: 
    insert 
    into
        mouvement
        (id_boutique, date_mov, description, id_inventaire, id_ligne_livraison, id_ligne_reception, id_ligne_vente, id_magasin, montant, id_produit, quantite, reference_id, reference_inventaire, sous_type, id_stock, id_transfer, type_mvnt, id_utilisateur) 
    values
        (?, ?, ?, ?, ?, ?, ?, ?, ?, ?, ?, ?, ?, ?, ?, ?, ?, ?)
2026-01-09T22:42:57.602+01:00 DEBUG 263098 --- [smboutique-backend] [           main] o.s.orm.jpa.JpaTransactionManager        : Found thread-bound EntityManager [SessionImpl(2046986915<open>)] for JPA transaction
2026-01-09T22:42:57.602+01:00 DEBUG 263098 --- [smboutique-backend] [           main] o.s.orm.jpa.JpaTransactionManager        : Participating in existing transaction
2026-01-09T22:42:57.603+01:00 DEBUG 263098 --- [smboutique-backend] [           main] org.hibernate.SQL                        : 
    insert 
    into
        mouvement
        (id_boutique, date_mov, description, id_inventaire, id_ligne_livraison, id_ligne_reception, id_ligne_vente, id_magasin, montant, id_produit, quantite, reference_id, reference_inventaire, sous_type, id_stock, id_transfer, type_mvnt, id_utilisateur) 
    values
        (?, ?, ?, ?, ?, ?, ?, ?, ?, ?, ?, ?, ?, ?, ?, ?, ?, ?)
Hibernate: 
    insert 
    into
        mouvement
        (id_boutique, date_mov, description, id_inventaire, id_ligne_livraison, id_ligne_reception, id_ligne_vente, id_magasin, montant, id_produit, quantite, reference_id, reference_inventaire, sous_type, id_stock, id_transfer, type_mvnt, id_utilisateur) 
    values
        (?, ?, ?, ?, ?, ?, ?, ?, ?, ?, ?, ?, ?, ?, ?, ?, ?, ?)
2026-01-09T22:42:57.604+01:00 DEBUG 263098 --- [smboutique-backend] [           main] o.s.orm.jpa.JpaTransactionManager        : Found thread-bound EntityManager [SessionImpl(2046986915<open>)] for JPA transaction
2026-01-09T22:42:57.605+01:00 DEBUG 263098 --- [smboutique-backend] [           main] o.s.orm.jpa.JpaTransactionManager        : Participating in existing transaction
2026-01-09T22:42:57.605+01:00 DEBUG 263098 --- [smboutique-backend] [           main] org.hibernate.SQL                        : 
    insert 
    into
        mouvement
        (id_boutique, date_mov, description, id_inventaire, id_ligne_livraison, id_ligne_reception, id_ligne_vente, id_magasin, montant, id_produit, quantite, reference_id, reference_inventaire, sous_type, id_stock, id_transfer, type_mvnt, id_utilisateur) 
    values
        (?, ?, ?, ?, ?, ?, ?, ?, ?, ?, ?, ?, ?, ?, ?, ?, ?, ?)
Hibernate: 
    insert 
    into
        mouvement
        (id_boutique, date_mov, description, id_inventaire, id_ligne_livraison, id_ligne_reception, id_ligne_vente, id_magasin, montant, id_produit, quantite, reference_id, reference_inventaire, sous_type, id_stock, id_transfer, type_mvnt, id_utilisateur) 
    values
        (?, ?, ?, ?, ?, ?, ?, ?, ?, ?, ?, ?, ?, ?, ?, ?, ?, ?)
2026-01-09T22:42:57.607+01:00 DEBUG 263098 --- [smboutique-backend] [           main] o.s.orm.jpa.JpaTransactionManager        : Found thread-bound EntityManager [SessionImpl(2046986915<open>)] for JPA transaction
2026-01-09T22:42:57.607+01:00 DEBUG 263098 --- [smboutique-backend] [           main] o.s.orm.jpa.JpaTransactionManager        : Participating in existing transaction
2026-01-09T22:42:57.607+01:00 DEBUG 263098 --- [smboutique-backend] [           main] org.hibernate.SQL                        : 
    insert 
    into
        mouvement
        (id_boutique, date_mov, description, id_inventaire, id_ligne_livraison, id_ligne_reception, id_ligne_vente, id_magasin, montant, id_produit, quantite, reference_id, reference_inventaire, sous_type, id_stock, id_transfer, type_mvnt, id_utilisateur) 
    values
        (?, ?, ?, ?, ?, ?, ?, ?, ?, ?, ?, ?, ?, ?, ?, ?, ?, ?)
Hibernate: 
    insert 
    into
        mouvement
        (id_boutique, date_mov, description, id_inventaire, id_ligne_livraison, id_ligne_reception, id_ligne_vente, id_magasin, montant, id_produit, quantite, reference_id, reference_inventaire, sous_type, id_stock, id_transfer, type_mvnt, id_utilisateur) 
    values
        (?, ?, ?, ?, ?, ?, ?, ?, ?, ?, ?, ?, ?, ?, ?, ?, ?, ?)
2026-01-09T22:42:57.609+01:00 DEBUG 263098 --- [smboutique-backend] [           main] o.s.orm.jpa.JpaTransactionManager        : Found thread-bound EntityManager [SessionImpl(2046986915<open>)] for JPA transaction
2026-01-09T22:42:57.609+01:00 DEBUG 263098 --- [smboutique-backend] [           main] o.s.orm.jpa.JpaTransactionManager        : Participating in existing transaction
2026-01-09T22:42:57.610+01:00 DEBUG 263098 --- [smboutique-backend] [           main] org.hibernate.SQL                        : 
    insert 
    into
        mouvement
        (id_boutique, date_mov, description, id_inventaire, id_ligne_livraison, id_ligne_reception, id_ligne_vente, id_magasin, montant, id_produit, quantite, reference_id, reference_inventaire, sous_type, id_stock, id_transfer, type_mvnt, id_utilisateur) 
    values
        (?, ?, ?, ?, ?, ?, ?, ?, ?, ?, ?, ?, ?, ?, ?, ?, ?, ?)
Hibernate: 
    insert 
    into
        mouvement
        (id_boutique, date_mov, description, id_inventaire, id_ligne_livraison, id_ligne_reception, id_ligne_vente, id_magasin, montant, id_produit, quantite, reference_id, reference_inventaire, sous_type, id_stock, id_transfer, type_mvnt, id_utilisateur) 
    values
        (?, ?, ?, ?, ?, ?, ?, ?, ?, ?, ?, ?, ?, ?, ?, ?, ?, ?)
2026-01-09T22:42:57.612+01:00 DEBUG 263098 --- [smboutique-backend] [           main] o.s.orm.jpa.JpaTransactionManager        : Found thread-bound EntityManager [SessionImpl(2046986915<open>)] for JPA transaction
2026-01-09T22:42:57.612+01:00 DEBUG 263098 --- [smboutique-backend] [           main] o.s.orm.jpa.JpaTransactionManager        : Participating in existing transaction
2026-01-09T22:42:57.612+01:00 DEBUG 263098 --- [smboutique-backend] [           main] org.hibernate.SQL                        : 
    insert 
    into
        mouvement
        (id_boutique, date_mov, description, id_inventaire, id_ligne_livraison, id_ligne_reception, id_ligne_vente, id_magasin, montant, id_produit, quantite, reference_id, reference_inventaire, sous_type, id_stock, id_transfer, type_mvnt, id_utilisateur) 
    values
        (?, ?, ?, ?, ?, ?, ?, ?, ?, ?, ?, ?, ?, ?, ?, ?, ?, ?)
Hibernate: 
    insert 
    into
        mouvement
        (id_boutique, date_mov, description, id_inventaire, id_ligne_livraison, id_ligne_reception, id_ligne_vente, id_magasin, montant, id_produit, quantite, reference_id, reference_inventaire, sous_type, id_stock, id_transfer, type_mvnt, id_utilisateur) 
    values
        (?, ?, ?, ?, ?, ?, ?, ?, ?, ?, ?, ?, ?, ?, ?, ?, ?, ?)
2026-01-09T22:42:57.614+01:00 DEBUG 263098 --- [smboutique-backend] [           main] o.s.orm.jpa.JpaTransactionManager        : Found thread-bound EntityManager [SessionImpl(2046986915<open>)] for JPA transaction
2026-01-09T22:42:57.614+01:00 DEBUG 263098 --- [smboutique-backend] [           main] o.s.orm.jpa.JpaTransactionManager        : Participating in existing transaction
2026-01-09T22:42:57.615+01:00 DEBUG 263098 --- [smboutique-backend] [           main] org.hibernate.SQL                        : 
    insert 
    into
        mouvement
        (id_boutique, date_mov, description, id_inventaire, id_ligne_livraison, id_ligne_reception, id_ligne_vente, id_magasin, montant, id_produit, quantite, reference_id, reference_inventaire, sous_type, id_stock, id_transfer, type_mvnt, id_utilisateur) 
    values
        (?, ?, ?, ?, ?, ?, ?, ?, ?, ?, ?, ?, ?, ?, ?, ?, ?, ?)
Hibernate: 
    insert 
    into
        mouvement
        (id_boutique, date_mov, description, id_inventaire, id_ligne_livraison, id_ligne_reception, id_ligne_vente, id_magasin, montant, id_produit, quantite, reference_id, reference_inventaire, sous_type, id_stock, id_transfer, type_mvnt, id_utilisateur) 
    values
        (?, ?, ?, ?, ?, ?, ?, ?, ?, ?, ?, ?, ?, ?, ?, ?, ?, ?)
2026-01-09T22:42:57.617+01:00 DEBUG 263098 --- [smboutique-backend] [           main] o.s.orm.jpa.JpaTransactionManager        : Found thread-bound EntityManager [SessionImpl(2046986915<open>)] for JPA transaction
2026-01-09T22:42:57.617+01:00 DEBUG 263098 --- [smboutique-backend] [           main] o.s.orm.jpa.JpaTransactionManager        : Participating in existing transaction
2026-01-09T22:42:57.618+01:00 DEBUG 263098 --- [smboutique-backend] [           main] org.hibernate.SQL                        : 
    insert 
    into
        mouvement
        (id_boutique, date_mov, description, id_inventaire, id_ligne_livraison, id_ligne_reception, id_ligne_vente, id_magasin, montant, id_produit, quantite, reference_id, reference_inventaire, sous_type, id_stock, id_transfer, type_mvnt, id_utilisateur) 
    values
        (?, ?, ?, ?, ?, ?, ?, ?, ?, ?, ?, ?, ?, ?, ?, ?, ?, ?)
Hibernate: 
    insert 
    into
        mouvement
        (id_boutique, date_mov, description, id_inventaire, id_ligne_livraison, id_ligne_reception, id_ligne_vente, id_magasin, montant, id_produit, quantite, reference_id, reference_inventaire, sous_type, id_stock, id_transfer, type_mvnt, id_utilisateur) 
    values
        (?, ?, ?, ?, ?, ?, ?, ?, ?, ?, ?, ?, ?, ?, ?, ?, ?, ?)
2026-01-09T22:42:57.622+01:00 DEBUG 263098 --- [smboutique-backend] [           main] o.s.orm.jpa.JpaTransactionManager        : Found thread-bound EntityManager [SessionImpl(2046986915<open>)] for JPA transaction
2026-01-09T22:42:57.623+01:00 DEBUG 263098 --- [smboutique-backend] [           main] o.s.orm.jpa.JpaTransactionManager        : Participating in existing transaction
2026-01-09T22:42:57.623+01:00 DEBUG 263098 --- [smboutique-backend] [           main] org.hibernate.SQL                        : 
    insert 
    into
        mouvement
        (id_boutique, date_mov, description, id_inventaire, id_ligne_livraison, id_ligne_reception, id_ligne_vente, id_magasin, montant, id_produit, quantite, reference_id, reference_inventaire, sous_type, id_stock, id_transfer, type_mvnt, id_utilisateur) 
    values
        (?, ?, ?, ?, ?, ?, ?, ?, ?, ?, ?, ?, ?, ?, ?, ?, ?, ?)
Hibernate: 
    insert 
    into
        mouvement
        (id_boutique, date_mov, description, id_inventaire, id_ligne_livraison, id_ligne_reception, id_ligne_vente, id_magasin, montant, id_produit, quantite, reference_id, reference_inventaire, sous_type, id_stock, id_transfer, type_mvnt, id_utilisateur) 
    values
        (?, ?, ?, ?, ?, ?, ?, ?, ?, ?, ?, ?, ?, ?, ?, ?, ?, ?)
2026-01-09T22:42:57.625+01:00 DEBUG 263098 --- [smboutique-backend] [           main] o.s.orm.jpa.JpaTransactionManager        : Found thread-bound EntityManager [SessionImpl(2046986915<open>)] for JPA transaction
2026-01-09T22:42:57.626+01:00 DEBUG 263098 --- [smboutique-backend] [           main] o.s.orm.jpa.JpaTransactionManager        : Participating in existing transaction
2026-01-09T22:42:57.626+01:00 DEBUG 263098 --- [smboutique-backend] [           main] org.hibernate.SQL                        : 
    insert 
    into
        mouvement
        (id_boutique, date_mov, description, id_inventaire, id_ligne_livraison, id_ligne_reception, id_ligne_vente, id_magasin, montant, id_produit, quantite, reference_id, reference_inventaire, sous_type, id_stock, id_transfer, type_mvnt, id_utilisateur) 
    values
        (?, ?, ?, ?, ?, ?, ?, ?, ?, ?, ?, ?, ?, ?, ?, ?, ?, ?)
Hibernate: 
    insert 
    into
        mouvement
        (id_boutique, date_mov, description, id_inventaire, id_ligne_livraison, id_ligne_reception, id_ligne_vente, id_magasin, montant, id_produit, quantite, reference_id, reference_inventaire, sous_type, id_stock, id_transfer, type_mvnt, id_utilisateur) 
    values
        (?, ?, ?, ?, ?, ?, ?, ?, ?, ?, ?, ?, ?, ?, ?, ?, ?, ?)
2026-01-09T22:42:57.629+01:00 DEBUG 263098 --- [smboutique-backend] [           main] o.s.orm.jpa.JpaTransactionManager        : Found thread-bound EntityManager [SessionImpl(2046986915<open>)] for JPA transaction
2026-01-09T22:42:57.629+01:00 DEBUG 263098 --- [smboutique-backend] [           main] o.s.orm.jpa.JpaTransactionManager        : Participating in existing transaction
2026-01-09T22:42:57.630+01:00 DEBUG 263098 --- [smboutique-backend] [           main] org.hibernate.SQL                        : 
    insert 
    into
        mouvement
        (id_boutique, date_mov, description, id_inventaire, id_ligne_livraison, id_ligne_reception, id_ligne_vente, id_magasin, montant, id_produit, quantite, reference_id, reference_inventaire, sous_type, id_stock, id_transfer, type_mvnt, id_utilisateur) 
    values
        (?, ?, ?, ?, ?, ?, ?, ?, ?, ?, ?, ?, ?, ?, ?, ?, ?, ?)
Hibernate: 
    insert 
    into
        mouvement
        (id_boutique, date_mov, description, id_inventaire, id_ligne_livraison, id_ligne_reception, id_ligne_vente, id_magasin, montant, id_produit, quantite, reference_id, reference_inventaire, sous_type, id_stock, id_transfer, type_mvnt, id_utilisateur) 
    values
        (?, ?, ?, ?, ?, ?, ?, ?, ?, ?, ?, ?, ?, ?, ?, ?, ?, ?)
2026-01-09T22:42:57.632+01:00 DEBUG 263098 --- [smboutique-backend] [           main] o.s.orm.jpa.JpaTransactionManager        : Found thread-bound EntityManager [SessionImpl(2046986915<open>)] for JPA transaction
2026-01-09T22:42:57.633+01:00 DEBUG 263098 --- [smboutique-backend] [           main] o.s.orm.jpa.JpaTransactionManager        : Participating in existing transaction
2026-01-09T22:42:57.633+01:00 DEBUG 263098 --- [smboutique-backend] [           main] org.hibernate.SQL                        : 
    insert 
    into
        mouvement
        (id_boutique, date_mov, description, id_inventaire, id_ligne_livraison, id_ligne_reception, id_ligne_vente, id_magasin, montant, id_produit, quantite, reference_id, reference_inventaire, sous_type, id_stock, id_transfer, type_mvnt, id_utilisateur) 
    values
        (?, ?, ?, ?, ?, ?, ?, ?, ?, ?, ?, ?, ?, ?, ?, ?, ?, ?)
Hibernate: 
    insert 
    into
        mouvement
        (id_boutique, date_mov, description, id_inventaire, id_ligne_livraison, id_ligne_reception, id_ligne_vente, id_magasin, montant, id_produit, quantite, reference_id, reference_inventaire, sous_type, id_stock, id_transfer, type_mvnt, id_utilisateur) 
    values
        (?, ?, ?, ?, ?, ?, ?, ?, ?, ?, ?, ?, ?, ?, ?, ?, ?, ?)
2026-01-09T22:42:57.640+01:00 DEBUG 263098 --- [smboutique-backend] [           main] o.s.orm.jpa.JpaTransactionManager        : Found thread-bound EntityManager [SessionImpl(2046986915<open>)] for JPA transaction
2026-01-09T22:42:57.641+01:00 DEBUG 263098 --- [smboutique-backend] [           main] o.s.orm.jpa.JpaTransactionManager        : Participating in existing transaction
2026-01-09T22:42:57.641+01:00 DEBUG 263098 --- [smboutique-backend] [           main] org.hibernate.SQL                        : 
    insert 
    into
        mouvement
        (id_boutique, date_mov, description, id_inventaire, id_ligne_livraison, id_ligne_reception, id_ligne_vente, id_magasin, montant, id_produit, quantite, reference_id, reference_inventaire, sous_type, id_stock, id_transfer, type_mvnt, id_utilisateur) 
    values
        (?, ?, ?, ?, ?, ?, ?, ?, ?, ?, ?, ?, ?, ?, ?, ?, ?, ?)
Hibernate: 
    insert 
    into
        mouvement
        (id_boutique, date_mov, description, id_inventaire, id_ligne_livraison, id_ligne_reception, id_ligne_vente, id_magasin, montant, id_produit, quantite, reference_id, reference_inventaire, sous_type, id_stock, id_transfer, type_mvnt, id_utilisateur) 
    values
        (?, ?, ?, ?, ?, ?, ?, ?, ?, ?, ?, ?, ?, ?, ?, ?, ?, ?)
2026-01-09T22:42:57.646+01:00 DEBUG 263098 --- [smboutique-backend] [           main] o.s.orm.jpa.JpaTransactionManager        : Found thread-bound EntityManager [SessionImpl(2046986915<open>)] for JPA transaction
2026-01-09T22:42:57.646+01:00 DEBUG 263098 --- [smboutique-backend] [           main] o.s.orm.jpa.JpaTransactionManager        : Participating in existing transaction
2026-01-09T22:42:57.647+01:00 DEBUG 263098 --- [smboutique-backend] [           main] org.hibernate.SQL                        : 
    insert 
    into
        mouvement
        (id_boutique, date_mov, description, id_inventaire, id_ligne_livraison, id_ligne_reception, id_ligne_vente, id_magasin, montant, id_produit, quantite, reference_id, reference_inventaire, sous_type, id_stock, id_transfer, type_mvnt, id_utilisateur) 
    values
        (?, ?, ?, ?, ?, ?, ?, ?, ?, ?, ?, ?, ?, ?, ?, ?, ?, ?)
Hibernate: 
    insert 
    into
        mouvement
        (id_boutique, date_mov, description, id_inventaire, id_ligne_livraison, id_ligne_reception, id_ligne_vente, id_magasin, montant, id_produit, quantite, reference_id, reference_inventaire, sous_type, id_stock, id_transfer, type_mvnt, id_utilisateur) 
    values
        (?, ?, ?, ?, ?, ?, ?, ?, ?, ?, ?, ?, ?, ?, ?, ?, ?, ?)
2026-01-09T22:42:57.650+01:00 DEBUG 263098 --- [smboutique-backend] [           main] o.s.orm.jpa.JpaTransactionManager        : Found thread-bound EntityManager [SessionImpl(2046986915<open>)] for JPA transaction
2026-01-09T22:42:57.650+01:00 DEBUG 263098 --- [smboutique-backend] [           main] o.s.orm.jpa.JpaTransactionManager        : Participating in existing transaction
2026-01-09T22:42:57.651+01:00 DEBUG 263098 --- [smboutique-backend] [           main] org.hibernate.SQL                        : 
    insert 
    into
        mouvement
        (id_boutique, date_mov, description, id_inventaire, id_ligne_livraison, id_ligne_reception, id_ligne_vente, id_magasin, montant, id_produit, quantite, reference_id, reference_inventaire, sous_type, id_stock, id_transfer, type_mvnt, id_utilisateur) 
    values
        (?, ?, ?, ?, ?, ?, ?, ?, ?, ?, ?, ?, ?, ?, ?, ?, ?, ?)
Hibernate: 
    insert 
    into
        mouvement
        (id_boutique, date_mov, description, id_inventaire, id_ligne_livraison, id_ligne_reception, id_ligne_vente, id_magasin, montant, id_produit, quantite, reference_id, reference_inventaire, sous_type, id_stock, id_transfer, type_mvnt, id_utilisateur) 
    values
        (?, ?, ?, ?, ?, ?, ?, ?, ?, ?, ?, ?, ?, ?, ?, ?, ?, ?)
2026-01-09T22:42:57.654+01:00 DEBUG 263098 --- [smboutique-backend] [           main] o.s.orm.jpa.JpaTransactionManager        : Found thread-bound EntityManager [SessionImpl(2046986915<open>)] for JPA transaction
2026-01-09T22:42:57.654+01:00 DEBUG 263098 --- [smboutique-backend] [           main] o.s.orm.jpa.JpaTransactionManager        : Participating in existing transaction
2026-01-09T22:42:57.655+01:00 DEBUG 263098 --- [smboutique-backend] [           main] org.hibernate.SQL                        : 
    insert 
    into
        mouvement
        (id_boutique, date_mov, description, id_inventaire, id_ligne_livraison, id_ligne_reception, id_ligne_vente, id_magasin, montant, id_produit, quantite, reference_id, reference_inventaire, sous_type, id_stock, id_transfer, type_mvnt, id_utilisateur) 
    values
        (?, ?, ?, ?, ?, ?, ?, ?, ?, ?, ?, ?, ?, ?, ?, ?, ?, ?)
Hibernate: 
    insert 
    into
        mouvement
        (id_boutique, date_mov, description, id_inventaire, id_ligne_livraison, id_ligne_reception, id_ligne_vente, id_magasin, montant, id_produit, quantite, reference_id, reference_inventaire, sous_type, id_stock, id_transfer, type_mvnt, id_utilisateur) 
    values
        (?, ?, ?, ?, ?, ?, ?, ?, ?, ?, ?, ?, ?, ?, ?, ?, ?, ?)
2026-01-09T22:42:57.657+01:00 DEBUG 263098 --- [smboutique-backend] [           main] o.s.orm.jpa.JpaTransactionManager        : Found thread-bound EntityManager [SessionImpl(2046986915<open>)] for JPA transaction
2026-01-09T22:42:57.657+01:00 DEBUG 263098 --- [smboutique-backend] [           main] o.s.orm.jpa.JpaTransactionManager        : Participating in existing transaction
2026-01-09T22:42:57.658+01:00 DEBUG 263098 --- [smboutique-backend] [           main] org.hibernate.SQL                        : 
    insert 
    into
        mouvement
        (id_boutique, date_mov, description, id_inventaire, id_ligne_livraison, id_ligne_reception, id_ligne_vente, id_magasin, montant, id_produit, quantite, reference_id, reference_inventaire, sous_type, id_stock, id_transfer, type_mvnt, id_utilisateur) 
    values
        (?, ?, ?, ?, ?, ?, ?, ?, ?, ?, ?, ?, ?, ?, ?, ?, ?, ?)
Hibernate: 
    insert 
    into
        mouvement
        (id_boutique, date_mov, description, id_inventaire, id_ligne_livraison, id_ligne_reception, id_ligne_vente, id_magasin, montant, id_produit, quantite, reference_id, reference_inventaire, sous_type, id_stock, id_transfer, type_mvnt, id_utilisateur) 
    values
        (?, ?, ?, ?, ?, ?, ?, ?, ?, ?, ?, ?, ?, ?, ?, ?, ?, ?)
2026-01-09T22:42:57.660+01:00 DEBUG 263098 --- [smboutique-backend] [           main] o.s.orm.jpa.JpaTransactionManager        : Found thread-bound EntityManager [SessionImpl(2046986915<open>)] for JPA transaction
2026-01-09T22:42:57.660+01:00 DEBUG 263098 --- [smboutique-backend] [           main] o.s.orm.jpa.JpaTransactionManager        : Participating in existing transaction
2026-01-09T22:42:57.661+01:00 DEBUG 263098 --- [smboutique-backend] [           main] org.hibernate.SQL                        : 
    insert 
    into
        mouvement
        (id_boutique, date_mov, description, id_inventaire, id_ligne_livraison, id_ligne_reception, id_ligne_vente, id_magasin, montant, id_produit, quantite, reference_id, reference_inventaire, sous_type, id_stock, id_transfer, type_mvnt, id_utilisateur) 
    values
        (?, ?, ?, ?, ?, ?, ?, ?, ?, ?, ?, ?, ?, ?, ?, ?, ?, ?)
Hibernate: 
    insert 
    into
        mouvement
        (id_boutique, date_mov, description, id_inventaire, id_ligne_livraison, id_ligne_reception, id_ligne_vente, id_magasin, montant, id_produit, quantite, reference_id, reference_inventaire, sous_type, id_stock, id_transfer, type_mvnt, id_utilisateur) 
    values
        (?, ?, ?, ?, ?, ?, ?, ?, ?, ?, ?, ?, ?, ?, ?, ?, ?, ?)
2026-01-09T22:42:57.664+01:00 DEBUG 263098 --- [smboutique-backend] [           main] o.s.orm.jpa.JpaTransactionManager        : Found thread-bound EntityManager [SessionImpl(2046986915<open>)] for JPA transaction
2026-01-09T22:42:57.664+01:00 DEBUG 263098 --- [smboutique-backend] [           main] o.s.orm.jpa.JpaTransactionManager        : Participating in existing transaction
2026-01-09T22:42:57.664+01:00 DEBUG 263098 --- [smboutique-backend] [           main] org.hibernate.SQL                        : 
    insert 
    into
        mouvement
        (id_boutique, date_mov, description, id_inventaire, id_ligne_livraison, id_ligne_reception, id_ligne_vente, id_magasin, montant, id_produit, quantite, reference_id, reference_inventaire, sous_type, id_stock, id_transfer, type_mvnt, id_utilisateur) 
    values
        (?, ?, ?, ?, ?, ?, ?, ?, ?, ?, ?, ?, ?, ?, ?, ?, ?, ?)
Hibernate: 
    insert 
    into
        mouvement
        (id_boutique, date_mov, description, id_inventaire, id_ligne_livraison, id_ligne_reception, id_ligne_vente, id_magasin, montant, id_produit, quantite, reference_id, reference_inventaire, sous_type, id_stock, id_transfer, type_mvnt, id_utilisateur) 
    values
        (?, ?, ?, ?, ?, ?, ?, ?, ?, ?, ?, ?, ?, ?, ?, ?, ?, ?)
2026-01-09T22:42:57.667+01:00 DEBUG 263098 --- [smboutique-backend] [           main] o.s.orm.jpa.JpaTransactionManager        : Found thread-bound EntityManager [SessionImpl(2046986915<open>)] for JPA transaction
2026-01-09T22:42:57.667+01:00 DEBUG 263098 --- [smboutique-backend] [           main] o.s.orm.jpa.JpaTransactionManager        : Participating in existing transaction
2026-01-09T22:42:57.668+01:00 DEBUG 263098 --- [smboutique-backend] [           main] org.hibernate.SQL                        : 
    insert 
    into
        mouvement
        (id_boutique, date_mov, description, id_inventaire, id_ligne_livraison, id_ligne_reception, id_ligne_vente, id_magasin, montant, id_produit, quantite, reference_id, reference_inventaire, sous_type, id_stock, id_transfer, type_mvnt, id_utilisateur) 
    values
        (?, ?, ?, ?, ?, ?, ?, ?, ?, ?, ?, ?, ?, ?, ?, ?, ?, ?)
Hibernate: 
    insert 
    into
        mouvement
        (id_boutique, date_mov, description, id_inventaire, id_ligne_livraison, id_ligne_reception, id_ligne_vente, id_magasin, montant, id_produit, quantite, reference_id, reference_inventaire, sous_type, id_stock, id_transfer, type_mvnt, id_utilisateur) 
    values
        (?, ?, ?, ?, ?, ?, ?, ?, ?, ?, ?, ?, ?, ?, ?, ?, ?, ?)
2026-01-09T22:42:57.670+01:00 DEBUG 263098 --- [smboutique-backend] [           main] o.s.orm.jpa.JpaTransactionManager        : Found thread-bound EntityManager [SessionImpl(2046986915<open>)] for JPA transaction
2026-01-09T22:42:57.671+01:00 DEBUG 263098 --- [smboutique-backend] [           main] o.s.orm.jpa.JpaTransactionManager        : Participating in existing transaction
2026-01-09T22:42:57.671+01:00 DEBUG 263098 --- [smboutique-backend] [           main] org.hibernate.SQL                        : 
    insert 
    into
        mouvement
        (id_boutique, date_mov, description, id_inventaire, id_ligne_livraison, id_ligne_reception, id_ligne_vente, id_magasin, montant, id_produit, quantite, reference_id, reference_inventaire, sous_type, id_stock, id_transfer, type_mvnt, id_utilisateur) 
    values
        (?, ?, ?, ?, ?, ?, ?, ?, ?, ?, ?, ?, ?, ?, ?, ?, ?, ?)
Hibernate: 
    insert 
    into
        mouvement
        (id_boutique, date_mov, description, id_inventaire, id_ligne_livraison, id_ligne_reception, id_ligne_vente, id_magasin, montant, id_produit, quantite, reference_id, reference_inventaire, sous_type, id_stock, id_transfer, type_mvnt, id_utilisateur) 
    values
        (?, ?, ?, ?, ?, ?, ?, ?, ?, ?, ?, ?, ?, ?, ?, ?, ?, ?)
2026-01-09T22:42:57.673+01:00 DEBUG 263098 --- [smboutique-backend] [           main] o.s.orm.jpa.JpaTransactionManager        : Found thread-bound EntityManager [SessionImpl(2046986915<open>)] for JPA transaction
2026-01-09T22:42:57.673+01:00 DEBUG 263098 --- [smboutique-backend] [           main] o.s.orm.jpa.JpaTransactionManager        : Participating in existing transaction
2026-01-09T22:42:57.674+01:00 DEBUG 263098 --- [smboutique-backend] [           main] org.hibernate.SQL                        : 
    insert 
    into
        mouvement
        (id_boutique, date_mov, description, id_inventaire, id_ligne_livraison, id_ligne_reception, id_ligne_vente, id_magasin, montant, id_produit, quantite, reference_id, reference_inventaire, sous_type, id_stock, id_transfer, type_mvnt, id_utilisateur) 
    values
        (?, ?, ?, ?, ?, ?, ?, ?, ?, ?, ?, ?, ?, ?, ?, ?, ?, ?)
Hibernate: 
    insert 
    into
        mouvement
        (id_boutique, date_mov, description, id_inventaire, id_ligne_livraison, id_ligne_reception, id_ligne_vente, id_magasin, montant, id_produit, quantite, reference_id, reference_inventaire, sous_type, id_stock, id_transfer, type_mvnt, id_utilisateur) 
    values
        (?, ?, ?, ?, ?, ?, ?, ?, ?, ?, ?, ?, ?, ?, ?, ?, ?, ?)
2026-01-09T22:42:57.676+01:00 DEBUG 263098 --- [smboutique-backend] [           main] o.s.orm.jpa.JpaTransactionManager        : Found thread-bound EntityManager [SessionImpl(2046986915<open>)] for JPA transaction
2026-01-09T22:42:57.676+01:00 DEBUG 263098 --- [smboutique-backend] [           main] o.s.orm.jpa.JpaTransactionManager        : Participating in existing transaction
2026-01-09T22:42:57.676+01:00 DEBUG 263098 --- [smboutique-backend] [           main] org.hibernate.SQL                        : 
    insert 
    into
        mouvement
        (id_boutique, date_mov, description, id_inventaire, id_ligne_livraison, id_ligne_reception, id_ligne_vente, id_magasin, montant, id_produit, quantite, reference_id, reference_inventaire, sous_type, id_stock, id_transfer, type_mvnt, id_utilisateur) 
    values
        (?, ?, ?, ?, ?, ?, ?, ?, ?, ?, ?, ?, ?, ?, ?, ?, ?, ?)
Hibernate: 
    insert 
    into
        mouvement
        (id_boutique, date_mov, description, id_inventaire, id_ligne_livraison, id_ligne_reception, id_ligne_vente, id_magasin, montant, id_produit, quantite, reference_id, reference_inventaire, sous_type, id_stock, id_transfer, type_mvnt, id_utilisateur) 
    values
        (?, ?, ?, ?, ?, ?, ?, ?, ?, ?, ?, ?, ?, ?, ?, ?, ?, ?)
2026-01-09T22:42:57.678+01:00 DEBUG 263098 --- [smboutique-backend] [           main] o.s.orm.jpa.JpaTransactionManager        : Found thread-bound EntityManager [SessionImpl(2046986915<open>)] for JPA transaction
2026-01-09T22:42:57.678+01:00 DEBUG 263098 --- [smboutique-backend] [           main] o.s.orm.jpa.JpaTransactionManager        : Participating in existing transaction
2026-01-09T22:42:57.679+01:00 DEBUG 263098 --- [smboutique-backend] [           main] org.hibernate.SQL                        : 
    insert 
    into
        mouvement
        (id_boutique, date_mov, description, id_inventaire, id_ligne_livraison, id_ligne_reception, id_ligne_vente, id_magasin, montant, id_produit, quantite, reference_id, reference_inventaire, sous_type, id_stock, id_transfer, type_mvnt, id_utilisateur) 
    values
        (?, ?, ?, ?, ?, ?, ?, ?, ?, ?, ?, ?, ?, ?, ?, ?, ?, ?)
Hibernate: 
    insert 
    into
        mouvement
        (id_boutique, date_mov, description, id_inventaire, id_ligne_livraison, id_ligne_reception, id_ligne_vente, id_magasin, montant, id_produit, quantite, reference_id, reference_inventaire, sous_type, id_stock, id_transfer, type_mvnt, id_utilisateur) 
    values
        (?, ?, ?, ?, ?, ?, ?, ?, ?, ?, ?, ?, ?, ?, ?, ?, ?, ?)
2026-01-09T22:42:57.681+01:00 DEBUG 263098 --- [smboutique-backend] [           main] o.s.orm.jpa.JpaTransactionManager        : Found thread-bound EntityManager [SessionImpl(2046986915<open>)] for JPA transaction
2026-01-09T22:42:57.681+01:00 DEBUG 263098 --- [smboutique-backend] [           main] o.s.orm.jpa.JpaTransactionManager        : Participating in existing transaction
2026-01-09T22:42:57.682+01:00 DEBUG 263098 --- [smboutique-backend] [           main] org.hibernate.SQL                        : 
    insert 
    into
        mouvement
        (id_boutique, date_mov, description, id_inventaire, id_ligne_livraison, id_ligne_reception, id_ligne_vente, id_magasin, montant, id_produit, quantite, reference_id, reference_inventaire, sous_type, id_stock, id_transfer, type_mvnt, id_utilisateur) 
    values
        (?, ?, ?, ?, ?, ?, ?, ?, ?, ?, ?, ?, ?, ?, ?, ?, ?, ?)
Hibernate: 
    insert 
    into
        mouvement
        (id_boutique, date_mov, description, id_inventaire, id_ligne_livraison, id_ligne_reception, id_ligne_vente, id_magasin, montant, id_produit, quantite, reference_id, reference_inventaire, sous_type, id_stock, id_transfer, type_mvnt, id_utilisateur) 
    values
        (?, ?, ?, ?, ?, ?, ?, ?, ?, ?, ?, ?, ?, ?, ?, ?, ?, ?)
2026-01-09T22:42:57.684+01:00 DEBUG 263098 --- [smboutique-backend] [           main] o.s.orm.jpa.JpaTransactionManager        : Found thread-bound EntityManager [SessionImpl(2046986915<open>)] for JPA transaction
2026-01-09T22:42:57.684+01:00 DEBUG 263098 --- [smboutique-backend] [           main] o.s.orm.jpa.JpaTransactionManager        : Participating in existing transaction
2026-01-09T22:42:57.685+01:00 DEBUG 263098 --- [smboutique-backend] [           main] org.hibernate.SQL                        : 
    insert 
    into
        mouvement
        (id_boutique, date_mov, description, id_inventaire, id_ligne_livraison, id_ligne_reception, id_ligne_vente, id_magasin, montant, id_produit, quantite, reference_id, reference_inventaire, sous_type, id_stock, id_transfer, type_mvnt, id_utilisateur) 
    values
        (?, ?, ?, ?, ?, ?, ?, ?, ?, ?, ?, ?, ?, ?, ?, ?, ?, ?)
Hibernate: 
    insert 
    into
        mouvement
        (id_boutique, date_mov, description, id_inventaire, id_ligne_livraison, id_ligne_reception, id_ligne_vente, id_magasin, montant, id_produit, quantite, reference_id, reference_inventaire, sous_type, id_stock, id_transfer, type_mvnt, id_utilisateur) 
    values
        (?, ?, ?, ?, ?, ?, ?, ?, ?, ?, ?, ?, ?, ?, ?, ?, ?, ?)
2026-01-09T22:42:57.687+01:00 DEBUG 263098 --- [smboutique-backend] [           main] o.s.orm.jpa.JpaTransactionManager        : Found thread-bound EntityManager [SessionImpl(2046986915<open>)] for JPA transaction
2026-01-09T22:42:57.687+01:00 DEBUG 263098 --- [smboutique-backend] [           main] o.s.orm.jpa.JpaTransactionManager        : Participating in existing transaction
2026-01-09T22:42:57.687+01:00 DEBUG 263098 --- [smboutique-backend] [           main] org.hibernate.SQL                        : 
    insert 
    into
        mouvement
        (id_boutique, date_mov, description, id_inventaire, id_ligne_livraison, id_ligne_reception, id_ligne_vente, id_magasin, montant, id_produit, quantite, reference_id, reference_inventaire, sous_type, id_stock, id_transfer, type_mvnt, id_utilisateur) 
    values
        (?, ?, ?, ?, ?, ?, ?, ?, ?, ?, ?, ?, ?, ?, ?, ?, ?, ?)
Hibernate: 
    insert 
    into
        mouvement
        (id_boutique, date_mov, description, id_inventaire, id_ligne_livraison, id_ligne_reception, id_ligne_vente, id_magasin, montant, id_produit, quantite, reference_id, reference_inventaire, sous_type, id_stock, id_transfer, type_mvnt, id_utilisateur) 
    values
        (?, ?, ?, ?, ?, ?, ?, ?, ?, ?, ?, ?, ?, ?, ?, ?, ?, ?)
2026-01-09T22:42:57.689+01:00 DEBUG 263098 --- [smboutique-backend] [           main] o.s.orm.jpa.JpaTransactionManager        : Found thread-bound EntityManager [SessionImpl(2046986915<open>)] for JPA transaction
2026-01-09T22:42:57.689+01:00 DEBUG 263098 --- [smboutique-backend] [           main] o.s.orm.jpa.JpaTransactionManager        : Participating in existing transaction
2026-01-09T22:42:57.690+01:00 DEBUG 263098 --- [smboutique-backend] [           main] org.hibernate.SQL                        : 
    insert 
    into
        mouvement
        (id_boutique, date_mov, description, id_inventaire, id_ligne_livraison, id_ligne_reception, id_ligne_vente, id_magasin, montant, id_produit, quantite, reference_id, reference_inventaire, sous_type, id_stock, id_transfer, type_mvnt, id_utilisateur) 
    values
        (?, ?, ?, ?, ?, ?, ?, ?, ?, ?, ?, ?, ?, ?, ?, ?, ?, ?)
Hibernate: 
    insert 
    into
        mouvement
        (id_boutique, date_mov, description, id_inventaire, id_ligne_livraison, id_ligne_reception, id_ligne_vente, id_magasin, montant, id_produit, quantite, reference_id, reference_inventaire, sous_type, id_stock, id_transfer, type_mvnt, id_utilisateur) 
    values
        (?, ?, ?, ?, ?, ?, ?, ?, ?, ?, ?, ?, ?, ?, ?, ?, ?, ?)
2026-01-09T22:42:57.691+01:00 DEBUG 263098 --- [smboutique-backend] [           main] o.s.orm.jpa.JpaTransactionManager        : Found thread-bound EntityManager [SessionImpl(2046986915<open>)] for JPA transaction
2026-01-09T22:42:57.691+01:00 DEBUG 263098 --- [smboutique-backend] [           main] o.s.orm.jpa.JpaTransactionManager        : Participating in existing transaction
2026-01-09T22:42:57.692+01:00 DEBUG 263098 --- [smboutique-backend] [           main] org.hibernate.SQL                        : 
    insert 
    into
        mouvement
        (id_boutique, date_mov, description, id_inventaire, id_ligne_livraison, id_ligne_reception, id_ligne_vente, id_magasin, montant, id_produit, quantite, reference_id, reference_inventaire, sous_type, id_stock, id_transfer, type_mvnt, id_utilisateur) 
    values
        (?, ?, ?, ?, ?, ?, ?, ?, ?, ?, ?, ?, ?, ?, ?, ?, ?, ?)
Hibernate: 
    insert 
    into
        mouvement
        (id_boutique, date_mov, description, id_inventaire, id_ligne_livraison, id_ligne_reception, id_ligne_vente, id_magasin, montant, id_produit, quantite, reference_id, reference_inventaire, sous_type, id_stock, id_transfer, type_mvnt, id_utilisateur) 
    values
        (?, ?, ?, ?, ?, ?, ?, ?, ?, ?, ?, ?, ?, ?, ?, ?, ?, ?)
2026-01-09T22:42:57.694+01:00 DEBUG 263098 --- [smboutique-backend] [           main] o.s.orm.jpa.JpaTransactionManager        : Found thread-bound EntityManager [SessionImpl(2046986915<open>)] for JPA transaction
2026-01-09T22:42:57.695+01:00 DEBUG 263098 --- [smboutique-backend] [           main] o.s.orm.jpa.JpaTransactionManager        : Participating in existing transaction
2026-01-09T22:42:57.695+01:00 DEBUG 263098 --- [smboutique-backend] [           main] o.s.orm.jpa.JpaTransactionManager        : Found thread-bound EntityManager [SessionImpl(2046986915<open>)] for JPA transaction
2026-01-09T22:42:57.695+01:00 DEBUG 263098 --- [smboutique-backend] [           main] o.s.orm.jpa.JpaTransactionManager        : Participating in existing transaction
2026-01-09T22:42:57.695+01:00 DEBUG 263098 --- [smboutique-backend] [           main] org.hibernate.SQL                        : 
    insert 
    into
        boutique
        (adresse, logo, nom, quartier, telephone) 
    values
        (?, ?, ?, ?, ?)
Hibernate: 
    insert 
    into
        boutique
        (adresse, logo, nom, quartier, telephone) 
    values
        (?, ?, ?, ?, ?)
2026-01-09T22:42:57.697+01:00 DEBUG 263098 --- [smboutique-backend] [           main] o.s.orm.jpa.JpaTransactionManager        : Found thread-bound EntityManager [SessionImpl(2046986915<open>)] for JPA transaction
2026-01-09T22:42:57.697+01:00 DEBUG 263098 --- [smboutique-backend] [           main] o.s.orm.jpa.JpaTransactionManager        : Participating in existing transaction
2026-01-09T22:42:57.701+01:00 DEBUG 263098 --- [smboutique-backend] [           main] org.hibernate.SQL                        : 
    insert 
    into
        utilisateur
        (adresse, avatar, boutique_id, contact_utilisateur, email, mot_de_passe_utilisateur, nom_utilisateur, prenom_utilisateur, psedeau_utilisateur, reset_token, reset_token_expire, statut, type_utilisateur) 
    values
        (?, ?, ?, ?, ?, ?, ?, ?, ?, ?, ?, ?, ?)
Hibernate: 
    insert 
    into
        utilisateur
        (adresse, avatar, boutique_id, contact_utilisateur, email, mot_de_passe_utilisateur, nom_utilisateur, prenom_utilisateur, psedeau_utilisateur, reset_token, reset_token_expire, statut, type_utilisateur) 
    values
        (?, ?, ?, ?, ?, ?, ?, ?, ?, ?, ?, ?, ?)
2026-01-09T22:42:57.706+01:00 DEBUG 263098 --- [smboutique-backend] [           main] o.s.security.web.FilterChainProxy        : Securing GET /api/mouvements/reports/caisse/summary?period=day&userId=73
2026-01-09T22:42:57.706+01:00  INFO 263098 --- [smboutique-backend] [           main] c.s.api.security.AuthTokenFilter         : Incoming request: GET /api/mouvements/reports/caisse/summary - Authorization present? false - startsWithBearer? false
2026-01-09T22:42:57.706+01:00 DEBUG 263098 --- [smboutique-backend] [           main] c.s.api.security.AuthTokenFilter         : Authorization header missing or not a Bearer token for request GET /api/mouvements/reports/caisse/summary
2026-01-09T22:42:57.706+01:00 DEBUG 263098 --- [smboutique-backend] [           main] o.s.security.web.FilterChainProxy        : Secured GET /api/mouvements/reports/caisse/summary?period=day&userId=73
2026-01-09T22:42:57.706+01:00  INFO 263098 --- [smboutique-backend] [           main] c.s.api.security.AuthTokenFilter         : Incoming request: GET /api/mouvements/reports/caisse/summary - Authorization present? false - startsWithBearer? false
2026-01-09T22:42:57.707+01:00 DEBUG 263098 --- [smboutique-backend] [           main] c.s.api.security.AuthTokenFilter         : Authorization header missing or not a Bearer token for request GET /api/mouvements/reports/caisse/summary
2026-01-09T22:42:57.717+01:00  WARN 263098 --- [smboutique-backend] [           main] org.hibernate.orm.deprecation            : HHH90000021: Encountered deprecated setting [javax.persistence.query.timeout], use [jakarta.persistence.query.timeout] instead
2026-01-09T22:42:57.722+01:00 DEBUG 263098 --- [smboutique-backend] [           main] org.hibernate.SQL                        : 
    update
        utilisateur 
    set
        adresse=?,
        avatar=?,
        boutique_id=?,
        contact_utilisateur=?,
        email=?,
        mot_de_passe_utilisateur=?,
        nom_utilisateur=?,
        prenom_utilisateur=?,
        psedeau_utilisateur=?,
        reset_token=?,
        reset_token_expire=?,
        statut=?,
        type_utilisateur=? 
    where
        id_utilisateur=?
Hibernate: 
    update
        utilisateur 
    set
        adresse=?,
        avatar=?,
        boutique_id=?,
        contact_utilisateur=?,
        email=?,
        mot_de_passe_utilisateur=?,
        nom_utilisateur=?,
        prenom_utilisateur=?,
        psedeau_utilisateur=?,
        reset_token=?,
        reset_token_expire=?,
        statut=?,
        type_utilisateur=? 
    where
        id_utilisateur=?
2026-01-09T22:42:57.723+01:00 DEBUG 263098 --- [smboutique-backend] [           main] org.hibernate.SQL                        : 
    update
        utilisateur 
    set
        adresse=?,
        avatar=?,
        boutique_id=?,
        contact_utilisateur=?,
        email=?,
        mot_de_passe_utilisateur=?,
        nom_utilisateur=?,
        prenom_utilisateur=?,
        psedeau_utilisateur=?,
        reset_token=?,
        reset_token_expire=?,
        statut=?,
        type_utilisateur=? 
    where
        id_utilisateur=?
Hibernate: 
    update
        utilisateur 
    set
        adresse=?,
        avatar=?,
        boutique_id=?,
        contact_utilisateur=?,
        email=?,
        mot_de_passe_utilisateur=?,
        nom_utilisateur=?,
        prenom_utilisateur=?,
        psedeau_utilisateur=?,
        reset_token=?,
        reset_token_expire=?,
        statut=?,
        type_utilisateur=? 
    where
        id_utilisateur=?
2026-01-09T22:42:57.728+01:00 DEBUG 263098 --- [smboutique-backend] [           main] org.hibernate.SQL                        : 
    select
        u1_0.id_utilisateur,
        u1_0.adresse,
        u1_0.avatar,
        u1_0.boutique_id,
        u1_0.contact_utilisateur,
        u1_0.email,
        u1_0.mot_de_passe_utilisateur,
        u1_0.nom_utilisateur,
        u1_0.prenom_utilisateur,
        u1_0.psedeau_utilisateur,
        u1_0.reset_token,
        u1_0.reset_token_expire,
        u1_0.statut,
        u1_0.type_utilisateur 
    from
        utilisateur u1_0 
    where
        upper(u1_0.email)=upper(?)
Hibernate: 
    select
        u1_0.id_utilisateur,
        u1_0.adresse,
        u1_0.avatar,
        u1_0.boutique_id,
        u1_0.contact_utilisateur,
        u1_0.email,
        u1_0.mot_de_passe_utilisateur,
        u1_0.nom_utilisateur,
        u1_0.prenom_utilisateur,
        u1_0.psedeau_utilisateur,
        u1_0.reset_token,
        u1_0.reset_token_expire,
        u1_0.statut,
        u1_0.type_utilisateur 
    from
        utilisateur u1_0 
    where
        upper(u1_0.email)=upper(?)
2026-01-09T22:42:57.731+01:00 DEBUG 263098 --- [smboutique-backend] [           main] o.s.orm.jpa.JpaTransactionManager        : Found thread-bound EntityManager [SessionImpl(2046986915<open>)] for JPA transaction
2026-01-09T22:42:57.731+01:00 DEBUG 263098 --- [smboutique-backend] [           main] o.s.orm.jpa.JpaTransactionManager        : Participating in existing transaction
2026-01-09T22:42:57.743+01:00 DEBUG 263098 --- [smboutique-backend] [           main] o.s.orm.jpa.JpaTransactionManager        : Initiating transaction rollback
2026-01-09T22:42:57.743+01:00 DEBUG 263098 --- [smboutique-backend] [           main] o.s.orm.jpa.JpaTransactionManager        : Rolling back JPA transaction on EntityManager [SessionImpl(2046986915<open>)]
2026-01-09T22:42:57.747+01:00 DEBUG 263098 --- [smboutique-backend] [           main] o.s.orm.jpa.JpaTransactionManager        : Closing JPA EntityManager [SessionImpl(2046986915<open>)] after transaction
]]></system-out>
  </testcase>
  <testcase name="nonAuditorCannotQueryOthers" classname="com.smboutique.api.controller.MouvementControllerTest" time="0.219">
    <system-out><![CDATA[2026-01-09T22:42:57.752+01:00 DEBUG 263098 --- [smboutique-backend] [           main] o.s.orm.jpa.JpaTransactionManager        : Creating new transaction with name [com.smboutique.api.controller.MouvementControllerTest.nonAuditorCannotQueryOthers]: PROPAGATION_REQUIRED,ISOLATION_DEFAULT
2026-01-09T22:42:57.752+01:00 DEBUG 263098 --- [smboutique-backend] [           main] o.s.orm.jpa.JpaTransactionManager        : Opened new EntityManager [SessionImpl(1763636123<open>)] for JPA transaction
2026-01-09T22:42:57.753+01:00 DEBUG 263098 --- [smboutique-backend] [           main] o.s.orm.jpa.JpaTransactionManager        : Exposing JPA transaction as JDBC [org.springframework.orm.jpa.vendor.HibernateJpaDialect$HibernateConnectionHandle@3f30805d]
2026-01-09T22:42:57.758+01:00 DEBUG 263098 --- [smboutique-backend] [           main] o.s.orm.jpa.JpaTransactionManager        : Found thread-bound EntityManager [SessionImpl(1763636123<open>)] for JPA transaction
2026-01-09T22:42:57.758+01:00 DEBUG 263098 --- [smboutique-backend] [           main] o.s.orm.jpa.JpaTransactionManager        : Participating in existing transaction
2026-01-09T22:42:57.759+01:00 DEBUG 263098 --- [smboutique-backend] [           main] org.hibernate.SQL                        : 
    insert 
    into
        utilisateur
        (adresse, avatar, boutique_id, contact_utilisateur, email, mot_de_passe_utilisateur, nom_utilisateur, prenom_utilisateur, psedeau_utilisateur, reset_token, reset_token_expire, statut, type_utilisateur) 
    values
        (?, ?, ?, ?, ?, ?, ?, ?, ?, ?, ?, ?, ?)
Hibernate: 
    insert 
    into
        utilisateur
        (adresse, avatar, boutique_id, contact_utilisateur, email, mot_de_passe_utilisateur, nom_utilisateur, prenom_utilisateur, psedeau_utilisateur, reset_token, reset_token_expire, statut, type_utilisateur) 
    values
        (?, ?, ?, ?, ?, ?, ?, ?, ?, ?, ?, ?, ?)
2026-01-09T22:42:57.761+01:00 DEBUG 263098 --- [smboutique-backend] [           main] o.s.orm.jpa.JpaTransactionManager        : Found thread-bound EntityManager [SessionImpl(1763636123<open>)] for JPA transaction
2026-01-09T22:42:57.762+01:00 DEBUG 263098 --- [smboutique-backend] [           main] o.s.orm.jpa.JpaTransactionManager        : Participating in existing transaction
2026-01-09T22:42:57.764+01:00 DEBUG 263098 --- [smboutique-backend] [           main] org.hibernate.SQL                        : 
    insert 
    into
        utilisateur
        (adresse, avatar, boutique_id, contact_utilisateur, email, mot_de_passe_utilisateur, nom_utilisateur, prenom_utilisateur, psedeau_utilisateur, reset_token, reset_token_expire, statut, type_utilisateur) 
    values
        (?, ?, ?, ?, ?, ?, ?, ?, ?, ?, ?, ?, ?)
Hibernate: 
    insert 
    into
        utilisateur
        (adresse, avatar, boutique_id, contact_utilisateur, email, mot_de_passe_utilisateur, nom_utilisateur, prenom_utilisateur, psedeau_utilisateur, reset_token, reset_token_expire, statut, type_utilisateur) 
    values
        (?, ?, ?, ?, ?, ?, ?, ?, ?, ?, ?, ?, ?)
2026-01-09T22:42:57.766+01:00 DEBUG 263098 --- [smboutique-backend] [           main] o.s.orm.jpa.JpaTransactionManager        : Found thread-bound EntityManager [SessionImpl(1763636123<open>)] for JPA transaction
2026-01-09T22:42:57.766+01:00 DEBUG 263098 --- [smboutique-backend] [           main] o.s.orm.jpa.JpaTransactionManager        : Participating in existing transaction
2026-01-09T22:42:57.766+01:00 DEBUG 263098 --- [smboutique-backend] [           main] org.hibernate.SQL                        : 
    insert 
    into
        boutique
        (adresse, logo, nom, quartier, telephone) 
    values
        (?, ?, ?, ?, ?)
Hibernate: 
    insert 
    into
        boutique
        (adresse, logo, nom, quartier, telephone) 
    values
        (?, ?, ?, ?, ?)
2026-01-09T22:42:57.768+01:00 DEBUG 263098 --- [smboutique-backend] [           main] o.s.orm.jpa.JpaTransactionManager        : Found thread-bound EntityManager [SessionImpl(1763636123<open>)] for JPA transaction
2026-01-09T22:42:57.768+01:00 DEBUG 263098 --- [smboutique-backend] [           main] o.s.orm.jpa.JpaTransactionManager        : Participating in existing transaction
2026-01-09T22:42:57.768+01:00 DEBUG 263098 --- [smboutique-backend] [           main] o.s.orm.jpa.JpaTransactionManager        : Found thread-bound EntityManager [SessionImpl(1763636123<open>)] for JPA transaction
2026-01-09T22:42:57.768+01:00 DEBUG 263098 --- [smboutique-backend] [           main] o.s.orm.jpa.JpaTransactionManager        : Participating in existing transaction
2026-01-09T22:42:57.769+01:00 DEBUG 263098 --- [smboutique-backend] [           main] org.hibernate.SQL                        : 
    insert 
    into
        boutique
        (adresse, logo, nom, quartier, telephone) 
    values
        (?, ?, ?, ?, ?)
Hibernate: 
    insert 
    into
        boutique
        (adresse, logo, nom, quartier, telephone) 
    values
        (?, ?, ?, ?, ?)
2026-01-09T22:42:57.773+01:00 DEBUG 263098 --- [smboutique-backend] [           main] o.s.orm.jpa.JpaTransactionManager        : Found thread-bound EntityManager [SessionImpl(1763636123<open>)] for JPA transaction
2026-01-09T22:42:57.773+01:00 DEBUG 263098 --- [smboutique-backend] [           main] o.s.orm.jpa.JpaTransactionManager        : Participating in existing transaction
2026-01-09T22:42:57.773+01:00 DEBUG 263098 --- [smboutique-backend] [           main] o.s.orm.jpa.JpaTransactionManager        : Found thread-bound EntityManager [SessionImpl(1763636123<open>)] for JPA transaction
2026-01-09T22:42:57.773+01:00 DEBUG 263098 --- [smboutique-backend] [           main] o.s.orm.jpa.JpaTransactionManager        : Participating in existing transaction
2026-01-09T22:42:57.774+01:00 DEBUG 263098 --- [smboutique-backend] [           main] org.hibernate.SQL                        : 
    insert 
    into
        mouvement
        (id_boutique, date_mov, description, id_inventaire, id_ligne_livraison, id_ligne_reception, id_ligne_vente, id_magasin, montant, id_produit, quantite, reference_id, reference_inventaire, sous_type, id_stock, id_transfer, type_mvnt, id_utilisateur) 
    values
        (?, ?, ?, ?, ?, ?, ?, ?, ?, ?, ?, ?, ?, ?, ?, ?, ?, ?)
Hibernate: 
    insert 
    into
        mouvement
        (id_boutique, date_mov, description, id_inventaire, id_ligne_livraison, id_ligne_reception, id_ligne_vente, id_magasin, montant, id_produit, quantite, reference_id, reference_inventaire, sous_type, id_stock, id_transfer, type_mvnt, id_utilisateur) 
    values
        (?, ?, ?, ?, ?, ?, ?, ?, ?, ?, ?, ?, ?, ?, ?, ?, ?, ?)
2026-01-09T22:42:57.776+01:00 DEBUG 263098 --- [smboutique-backend] [           main] o.s.orm.jpa.JpaTransactionManager        : Found thread-bound EntityManager [SessionImpl(1763636123<open>)] for JPA transaction
2026-01-09T22:42:57.776+01:00 DEBUG 263098 --- [smboutique-backend] [           main] o.s.orm.jpa.JpaTransactionManager        : Participating in existing transaction
2026-01-09T22:42:57.777+01:00 DEBUG 263098 --- [smboutique-backend] [           main] org.hibernate.SQL                        : 
    insert 
    into
        mouvement
        (id_boutique, date_mov, description, id_inventaire, id_ligne_livraison, id_ligne_reception, id_ligne_vente, id_magasin, montant, id_produit, quantite, reference_id, reference_inventaire, sous_type, id_stock, id_transfer, type_mvnt, id_utilisateur) 
    values
        (?, ?, ?, ?, ?, ?, ?, ?, ?, ?, ?, ?, ?, ?, ?, ?, ?, ?)
Hibernate: 
    insert 
    into
        mouvement
        (id_boutique, date_mov, description, id_inventaire, id_ligne_livraison, id_ligne_reception, id_ligne_vente, id_magasin, montant, id_produit, quantite, reference_id, reference_inventaire, sous_type, id_stock, id_transfer, type_mvnt, id_utilisateur) 
    values
        (?, ?, ?, ?, ?, ?, ?, ?, ?, ?, ?, ?, ?, ?, ?, ?, ?, ?)
2026-01-09T22:42:57.779+01:00 DEBUG 263098 --- [smboutique-backend] [           main] o.s.orm.jpa.JpaTransactionManager        : Found thread-bound EntityManager [SessionImpl(1763636123<open>)] for JPA transaction
2026-01-09T22:42:57.779+01:00 DEBUG 263098 --- [smboutique-backend] [           main] o.s.orm.jpa.JpaTransactionManager        : Participating in existing transaction
2026-01-09T22:42:57.780+01:00 DEBUG 263098 --- [smboutique-backend] [           main] org.hibernate.SQL                        : 
    insert 
    into
        mouvement
        (id_boutique, date_mov, description, id_inventaire, id_ligne_livraison, id_ligne_reception, id_ligne_vente, id_magasin, montant, id_produit, quantite, reference_id, reference_inventaire, sous_type, id_stock, id_transfer, type_mvnt, id_utilisateur) 
    values
        (?, ?, ?, ?, ?, ?, ?, ?, ?, ?, ?, ?, ?, ?, ?, ?, ?, ?)
Hibernate: 
    insert 
    into
        mouvement
        (id_boutique, date_mov, description, id_inventaire, id_ligne_livraison, id_ligne_reception, id_ligne_vente, id_magasin, montant, id_produit, quantite, reference_id, reference_inventaire, sous_type, id_stock, id_transfer, type_mvnt, id_utilisateur) 
    values
        (?, ?, ?, ?, ?, ?, ?, ?, ?, ?, ?, ?, ?, ?, ?, ?, ?, ?)
2026-01-09T22:42:57.782+01:00 DEBUG 263098 --- [smboutique-backend] [           main] o.s.orm.jpa.JpaTransactionManager        : Found thread-bound EntityManager [SessionImpl(1763636123<open>)] for JPA transaction
2026-01-09T22:42:57.782+01:00 DEBUG 263098 --- [smboutique-backend] [           main] o.s.orm.jpa.JpaTransactionManager        : Participating in existing transaction
2026-01-09T22:42:57.783+01:00 DEBUG 263098 --- [smboutique-backend] [           main] org.hibernate.SQL                        : 
    insert 
    into
        mouvement
        (id_boutique, date_mov, description, id_inventaire, id_ligne_livraison, id_ligne_reception, id_ligne_vente, id_magasin, montant, id_produit, quantite, reference_id, reference_inventaire, sous_type, id_stock, id_transfer, type_mvnt, id_utilisateur) 
    values
        (?, ?, ?, ?, ?, ?, ?, ?, ?, ?, ?, ?, ?, ?, ?, ?, ?, ?)
Hibernate: 
    insert 
    into
        mouvement
        (id_boutique, date_mov, description, id_inventaire, id_ligne_livraison, id_ligne_reception, id_ligne_vente, id_magasin, montant, id_produit, quantite, reference_id, reference_inventaire, sous_type, id_stock, id_transfer, type_mvnt, id_utilisateur) 
    values
        (?, ?, ?, ?, ?, ?, ?, ?, ?, ?, ?, ?, ?, ?, ?, ?, ?, ?)
2026-01-09T22:42:57.785+01:00 DEBUG 263098 --- [smboutique-backend] [           main] o.s.orm.jpa.JpaTransactionManager        : Found thread-bound EntityManager [SessionImpl(1763636123<open>)] for JPA transaction
2026-01-09T22:42:57.785+01:00 DEBUG 263098 --- [smboutique-backend] [           main] o.s.orm.jpa.JpaTransactionManager        : Participating in existing transaction
2026-01-09T22:42:57.785+01:00 DEBUG 263098 --- [smboutique-backend] [           main] org.hibernate.SQL                        : 
    insert 
    into
        mouvement
        (id_boutique, date_mov, description, id_inventaire, id_ligne_livraison, id_ligne_reception, id_ligne_vente, id_magasin, montant, id_produit, quantite, reference_id, reference_inventaire, sous_type, id_stock, id_transfer, type_mvnt, id_utilisateur) 
    values
        (?, ?, ?, ?, ?, ?, ?, ?, ?, ?, ?, ?, ?, ?, ?, ?, ?, ?)
Hibernate: 
    insert 
    into
        mouvement
        (id_boutique, date_mov, description, id_inventaire, id_ligne_livraison, id_ligne_reception, id_ligne_vente, id_magasin, montant, id_produit, quantite, reference_id, reference_inventaire, sous_type, id_stock, id_transfer, type_mvnt, id_utilisateur) 
    values
        (?, ?, ?, ?, ?, ?, ?, ?, ?, ?, ?, ?, ?, ?, ?, ?, ?, ?)
2026-01-09T22:42:57.787+01:00 DEBUG 263098 --- [smboutique-backend] [           main] o.s.orm.jpa.JpaTransactionManager        : Found thread-bound EntityManager [SessionImpl(1763636123<open>)] for JPA transaction
2026-01-09T22:42:57.787+01:00 DEBUG 263098 --- [smboutique-backend] [           main] o.s.orm.jpa.JpaTransactionManager        : Participating in existing transaction
2026-01-09T22:42:57.788+01:00 DEBUG 263098 --- [smboutique-backend] [           main] org.hibernate.SQL                        : 
    insert 
    into
        mouvement
        (id_boutique, date_mov, description, id_inventaire, id_ligne_livraison, id_ligne_reception, id_ligne_vente, id_magasin, montant, id_produit, quantite, reference_id, reference_inventaire, sous_type, id_stock, id_transfer, type_mvnt, id_utilisateur) 
    values
        (?, ?, ?, ?, ?, ?, ?, ?, ?, ?, ?, ?, ?, ?, ?, ?, ?, ?)
Hibernate: 
    insert 
    into
        mouvement
        (id_boutique, date_mov, description, id_inventaire, id_ligne_livraison, id_ligne_reception, id_ligne_vente, id_magasin, montant, id_produit, quantite, reference_id, reference_inventaire, sous_type, id_stock, id_transfer, type_mvnt, id_utilisateur) 
    values
        (?, ?, ?, ?, ?, ?, ?, ?, ?, ?, ?, ?, ?, ?, ?, ?, ?, ?)
2026-01-09T22:42:57.789+01:00 DEBUG 263098 --- [smboutique-backend] [           main] o.s.orm.jpa.JpaTransactionManager        : Found thread-bound EntityManager [SessionImpl(1763636123<open>)] for JPA transaction
2026-01-09T22:42:57.790+01:00 DEBUG 263098 --- [smboutique-backend] [           main] o.s.orm.jpa.JpaTransactionManager        : Participating in existing transaction
2026-01-09T22:42:57.790+01:00 DEBUG 263098 --- [smboutique-backend] [           main] org.hibernate.SQL                        : 
    insert 
    into
        mouvement
        (id_boutique, date_mov, description, id_inventaire, id_ligne_livraison, id_ligne_reception, id_ligne_vente, id_magasin, montant, id_produit, quantite, reference_id, reference_inventaire, sous_type, id_stock, id_transfer, type_mvnt, id_utilisateur) 
    values
        (?, ?, ?, ?, ?, ?, ?, ?, ?, ?, ?, ?, ?, ?, ?, ?, ?, ?)
Hibernate: 
    insert 
    into
        mouvement
        (id_boutique, date_mov, description, id_inventaire, id_ligne_livraison, id_ligne_reception, id_ligne_vente, id_magasin, montant, id_produit, quantite, reference_id, reference_inventaire, sous_type, id_stock, id_transfer, type_mvnt, id_utilisateur) 
    values
        (?, ?, ?, ?, ?, ?, ?, ?, ?, ?, ?, ?, ?, ?, ?, ?, ?, ?)
2026-01-09T22:42:57.792+01:00 DEBUG 263098 --- [smboutique-backend] [           main] o.s.orm.jpa.JpaTransactionManager        : Found thread-bound EntityManager [SessionImpl(1763636123<open>)] for JPA transaction
2026-01-09T22:42:57.792+01:00 DEBUG 263098 --- [smboutique-backend] [           main] o.s.orm.jpa.JpaTransactionManager        : Participating in existing transaction
2026-01-09T22:42:57.792+01:00 DEBUG 263098 --- [smboutique-backend] [           main] org.hibernate.SQL                        : 
    insert 
    into
        mouvement
        (id_boutique, date_mov, description, id_inventaire, id_ligne_livraison, id_ligne_reception, id_ligne_vente, id_magasin, montant, id_produit, quantite, reference_id, reference_inventaire, sous_type, id_stock, id_transfer, type_mvnt, id_utilisateur) 
    values
        (?, ?, ?, ?, ?, ?, ?, ?, ?, ?, ?, ?, ?, ?, ?, ?, ?, ?)
Hibernate: 
    insert 
    into
        mouvement
        (id_boutique, date_mov, description, id_inventaire, id_ligne_livraison, id_ligne_reception, id_ligne_vente, id_magasin, montant, id_produit, quantite, reference_id, reference_inventaire, sous_type, id_stock, id_transfer, type_mvnt, id_utilisateur) 
    values
        (?, ?, ?, ?, ?, ?, ?, ?, ?, ?, ?, ?, ?, ?, ?, ?, ?, ?)
2026-01-09T22:42:57.794+01:00 DEBUG 263098 --- [smboutique-backend] [           main] o.s.orm.jpa.JpaTransactionManager        : Found thread-bound EntityManager [SessionImpl(1763636123<open>)] for JPA transaction
2026-01-09T22:42:57.794+01:00 DEBUG 263098 --- [smboutique-backend] [           main] o.s.orm.jpa.JpaTransactionManager        : Participating in existing transaction
2026-01-09T22:42:57.795+01:00 DEBUG 263098 --- [smboutique-backend] [           main] org.hibernate.SQL                        : 
    insert 
    into
        mouvement
        (id_boutique, date_mov, description, id_inventaire, id_ligne_livraison, id_ligne_reception, id_ligne_vente, id_magasin, montant, id_produit, quantite, reference_id, reference_inventaire, sous_type, id_stock, id_transfer, type_mvnt, id_utilisateur) 
    values
        (?, ?, ?, ?, ?, ?, ?, ?, ?, ?, ?, ?, ?, ?, ?, ?, ?, ?)
Hibernate: 
    insert 
    into
        mouvement
        (id_boutique, date_mov, description, id_inventaire, id_ligne_livraison, id_ligne_reception, id_ligne_vente, id_magasin, montant, id_produit, quantite, reference_id, reference_inventaire, sous_type, id_stock, id_transfer, type_mvnt, id_utilisateur) 
    values
        (?, ?, ?, ?, ?, ?, ?, ?, ?, ?, ?, ?, ?, ?, ?, ?, ?, ?)
2026-01-09T22:42:57.796+01:00 DEBUG 263098 --- [smboutique-backend] [           main] o.s.orm.jpa.JpaTransactionManager        : Found thread-bound EntityManager [SessionImpl(1763636123<open>)] for JPA transaction
2026-01-09T22:42:57.796+01:00 DEBUG 263098 --- [smboutique-backend] [           main] o.s.orm.jpa.JpaTransactionManager        : Participating in existing transaction
2026-01-09T22:42:57.797+01:00 DEBUG 263098 --- [smboutique-backend] [           main] org.hibernate.SQL                        : 
    insert 
    into
        mouvement
        (id_boutique, date_mov, description, id_inventaire, id_ligne_livraison, id_ligne_reception, id_ligne_vente, id_magasin, montant, id_produit, quantite, reference_id, reference_inventaire, sous_type, id_stock, id_transfer, type_mvnt, id_utilisateur) 
    values
        (?, ?, ?, ?, ?, ?, ?, ?, ?, ?, ?, ?, ?, ?, ?, ?, ?, ?)
Hibernate: 
    insert 
    into
        mouvement
        (id_boutique, date_mov, description, id_inventaire, id_ligne_livraison, id_ligne_reception, id_ligne_vente, id_magasin, montant, id_produit, quantite, reference_id, reference_inventaire, sous_type, id_stock, id_transfer, type_mvnt, id_utilisateur) 
    values
        (?, ?, ?, ?, ?, ?, ?, ?, ?, ?, ?, ?, ?, ?, ?, ?, ?, ?)
2026-01-09T22:42:57.799+01:00 DEBUG 263098 --- [smboutique-backend] [           main] o.s.orm.jpa.JpaTransactionManager        : Found thread-bound EntityManager [SessionImpl(1763636123<open>)] for JPA transaction
2026-01-09T22:42:57.799+01:00 DEBUG 263098 --- [smboutique-backend] [           main] o.s.orm.jpa.JpaTransactionManager        : Participating in existing transaction
2026-01-09T22:42:57.800+01:00 DEBUG 263098 --- [smboutique-backend] [           main] org.hibernate.SQL                        : 
    insert 
    into
        mouvement
        (id_boutique, date_mov, description, id_inventaire, id_ligne_livraison, id_ligne_reception, id_ligne_vente, id_magasin, montant, id_produit, quantite, reference_id, reference_inventaire, sous_type, id_stock, id_transfer, type_mvnt, id_utilisateur) 
    values
        (?, ?, ?, ?, ?, ?, ?, ?, ?, ?, ?, ?, ?, ?, ?, ?, ?, ?)
Hibernate: 
    insert 
    into
        mouvement
        (id_boutique, date_mov, description, id_inventaire, id_ligne_livraison, id_ligne_reception, id_ligne_vente, id_magasin, montant, id_produit, quantite, reference_id, reference_inventaire, sous_type, id_stock, id_transfer, type_mvnt, id_utilisateur) 
    values
        (?, ?, ?, ?, ?, ?, ?, ?, ?, ?, ?, ?, ?, ?, ?, ?, ?, ?)
2026-01-09T22:42:57.802+01:00 DEBUG 263098 --- [smboutique-backend] [           main] o.s.orm.jpa.JpaTransactionManager        : Found thread-bound EntityManager [SessionImpl(1763636123<open>)] for JPA transaction
2026-01-09T22:42:57.802+01:00 DEBUG 263098 --- [smboutique-backend] [           main] o.s.orm.jpa.JpaTransactionManager        : Participating in existing transaction
2026-01-09T22:42:57.802+01:00 DEBUG 263098 --- [smboutique-backend] [           main] org.hibernate.SQL                        : 
    insert 
    into
        mouvement
        (id_boutique, date_mov, description, id_inventaire, id_ligne_livraison, id_ligne_reception, id_ligne_vente, id_magasin, montant, id_produit, quantite, reference_id, reference_inventaire, sous_type, id_stock, id_transfer, type_mvnt, id_utilisateur) 
    values
        (?, ?, ?, ?, ?, ?, ?, ?, ?, ?, ?, ?, ?, ?, ?, ?, ?, ?)
Hibernate: 
    insert 
    into
        mouvement
        (id_boutique, date_mov, description, id_inventaire, id_ligne_livraison, id_ligne_reception, id_ligne_vente, id_magasin, montant, id_produit, quantite, reference_id, reference_inventaire, sous_type, id_stock, id_transfer, type_mvnt, id_utilisateur) 
    values
        (?, ?, ?, ?, ?, ?, ?, ?, ?, ?, ?, ?, ?, ?, ?, ?, ?, ?)
2026-01-09T22:42:57.804+01:00 DEBUG 263098 --- [smboutique-backend] [           main] o.s.orm.jpa.JpaTransactionManager        : Found thread-bound EntityManager [SessionImpl(1763636123<open>)] for JPA transaction
2026-01-09T22:42:57.804+01:00 DEBUG 263098 --- [smboutique-backend] [           main] o.s.orm.jpa.JpaTransactionManager        : Participating in existing transaction
2026-01-09T22:42:57.805+01:00 DEBUG 263098 --- [smboutique-backend] [           main] org.hibernate.SQL                        : 
    insert 
    into
        mouvement
[...]
    values
        (?, ?, ?, ?, ?, ?, ?, ?, ?, ?, ?, ?, ?, ?, ?, ?, ?, ?)
2026-01-09T22:43:01.523+01:00 DEBUG 263098 --- [smboutique-backend] [           main] o.s.orm.jpa.JpaTransactionManager        : Found thread-bound EntityManager [SessionImpl(1571803772<open>)] for JPA transaction
2026-01-09T22:43:01.523+01:00 DEBUG 263098 --- [smboutique-backend] [           main] o.s.orm.jpa.JpaTransactionManager        : Participating in existing transaction
2026-01-09T22:43:01.523+01:00 DEBUG 263098 --- [smboutique-backend] [           main] org.hibernate.SQL                        : 
    insert 
    into
        mouvement
        (id_boutique, date_mov, description, id_inventaire, id_ligne_livraison, id_ligne_reception, id_ligne_vente, id_magasin, montant, id_produit, quantite, reference_id, reference_inventaire, sous_type, id_stock, id_transfer, type_mvnt, id_utilisateur) 
    values
        (?, ?, ?, ?, ?, ?, ?, ?, ?, ?, ?, ?, ?, ?, ?, ?, ?, ?)
Hibernate: 
    insert 
    into
        mouvement
        (id_boutique, date_mov, description, id_inventaire, id_ligne_livraison, id_ligne_reception, id_ligne_vente, id_magasin, montant, id_produit, quantite, reference_id, reference_inventaire, sous_type, id_stock, id_transfer, type_mvnt, id_utilisateur) 
    values
        (?, ?, ?, ?, ?, ?, ?, ?, ?, ?, ?, ?, ?, ?, ?, ?, ?, ?)
2026-01-09T22:43:01.525+01:00 DEBUG 263098 --- [smboutique-backend] [           main] o.s.orm.jpa.JpaTransactionManager        : Found thread-bound EntityManager [SessionImpl(1571803772<open>)] for JPA transaction
2026-01-09T22:43:01.525+01:00 DEBUG 263098 --- [smboutique-backend] [           main] o.s.orm.jpa.JpaTransactionManager        : Participating in existing transaction
2026-01-09T22:43:01.526+01:00 DEBUG 263098 --- [smboutique-backend] [           main] org.hibernate.SQL                        : 
    insert 
    into
        mouvement
        (id_boutique, date_mov, description, id_inventaire, id_ligne_livraison, id_ligne_reception, id_ligne_vente, id_magasin, montant, id_produit, quantite, reference_id, reference_inventaire, sous_type, id_stock, id_transfer, type_mvnt, id_utilisateur) 
    values
        (?, ?, ?, ?, ?, ?, ?, ?, ?, ?, ?, ?, ?, ?, ?, ?, ?, ?)
Hibernate: 
    insert 
    into
        mouvement
        (id_boutique, date_mov, description, id_inventaire, id_ligne_livraison, id_ligne_reception, id_ligne_vente, id_magasin, montant, id_produit, quantite, reference_id, reference_inventaire, sous_type, id_stock, id_transfer, type_mvnt, id_utilisateur) 
    values
        (?, ?, ?, ?, ?, ?, ?, ?, ?, ?, ?, ?, ?, ?, ?, ?, ?, ?)
2026-01-09T22:43:01.527+01:00 DEBUG 263098 --- [smboutique-backend] [           main] o.s.orm.jpa.JpaTransactionManager        : Found thread-bound EntityManager [SessionImpl(1571803772<open>)] for JPA transaction
2026-01-09T22:43:01.527+01:00 DEBUG 263098 --- [smboutique-backend] [           main] o.s.orm.jpa.JpaTransactionManager        : Participating in existing transaction
2026-01-09T22:43:01.528+01:00 DEBUG 263098 --- [smboutique-backend] [           main] org.hibernate.SQL                        : 
    insert 
    into
        mouvement
        (id_boutique, date_mov, description, id_inventaire, id_ligne_livraison, id_ligne_reception, id_ligne_vente, id_magasin, montant, id_produit, quantite, reference_id, reference_inventaire, sous_type, id_stock, id_transfer, type_mvnt, id_utilisateur) 
    values
        (?, ?, ?, ?, ?, ?, ?, ?, ?, ?, ?, ?, ?, ?, ?, ?, ?, ?)
Hibernate: 
    insert 
    into
        mouvement
        (id_boutique, date_mov, description, id_inventaire, id_ligne_livraison, id_ligne_reception, id_ligne_vente, id_magasin, montant, id_produit, quantite, reference_id, reference_inventaire, sous_type, id_stock, id_transfer, type_mvnt, id_utilisateur) 
    values
        (?, ?, ?, ?, ?, ?, ?, ?, ?, ?, ?, ?, ?, ?, ?, ?, ?, ?)
2026-01-09T22:43:01.530+01:00 DEBUG 263098 --- [smboutique-backend] [           main] o.s.orm.jpa.JpaTransactionManager        : Found thread-bound EntityManager [SessionImpl(1571803772<open>)] for JPA transaction
2026-01-09T22:43:01.530+01:00 DEBUG 263098 --- [smboutique-backend] [           main] o.s.orm.jpa.JpaTransactionManager        : Participating in existing transaction
2026-01-09T22:43:01.531+01:00 DEBUG 263098 --- [smboutique-backend] [           main] org.hibernate.SQL                        : 
    insert 
    into
        tbl_product
        (alerte_stock, caracteristique, date_creation, marge_detail, marge_gros, nom_produit, nombre_unites_par_conditionnement, prix_achat, prix_detail, prix_en_gros, product_image, id_unite, unite_conditionnement) 
    values
        (?, ?, ?, ?, ?, ?, ?, ?, ?, ?, ?, ?, ?)
Hibernate: 
    insert 
    into
        tbl_product
        (alerte_stock, caracteristique, date_creation, marge_detail, marge_gros, nom_produit, nombre_unites_par_conditionnement, prix_achat, prix_detail, prix_en_gros, product_image, id_unite, unite_conditionnement) 
    values
        (?, ?, ?, ?, ?, ?, ?, ?, ?, ?, ?, ?, ?)
2026-01-09T22:43:01.532+01:00 DEBUG 263098 --- [smboutique-backend] [           main] o.s.orm.jpa.JpaTransactionManager        : Found thread-bound EntityManager [SessionImpl(1571803772<open>)] for JPA transaction
2026-01-09T22:43:01.532+01:00 DEBUG 263098 --- [smboutique-backend] [           main] o.s.orm.jpa.JpaTransactionManager        : Participating in existing transaction
2026-01-09T22:43:01.533+01:00 DEBUG 263098 --- [smboutique-backend] [           main] org.hibernate.SQL                        : 
    insert 
    into
        stock
        (id_boutique, cost_average, last_purchase_price, id_magasin, id_produit, quantite_disponible) 
    values
        (?, ?, ?, ?, ?, ?)
Hibernate: 
    insert 
    into
        stock
        (id_boutique, cost_average, last_purchase_price, id_magasin, id_produit, quantite_disponible) 
    values
        (?, ?, ?, ?, ?, ?)
2026-01-09T22:43:01.534+01:00  WARN 263098 --- [smboutique-backend] [           main] org.hibernate.orm.deprecation            : HHH90000021: Encountered deprecated setting [javax.persistence.query.timeout], use [jakarta.persistence.query.timeout] instead
2026-01-09T22:43:01.537+01:00 DEBUG 263098 --- [smboutique-backend] [           main] org.hibernate.SQL                        : 
    select
        p1_0.id_permission,
        p1_0.description,
        p1_0.name 
    from
        permission p1_0 
    where
        p1_0.name=?
Hibernate: 
    select
        p1_0.id_permission,
        p1_0.description,
        p1_0.name 
    from
        permission p1_0 
    where
        p1_0.name=?
2026-01-09T22:43:01.539+01:00 DEBUG 263098 --- [smboutique-backend] [           main] o.s.orm.jpa.JpaTransactionManager        : Found thread-bound EntityManager [SessionImpl(1571803772<open>)] for JPA transaction
2026-01-09T22:43:01.539+01:00 DEBUG 263098 --- [smboutique-backend] [           main] o.s.orm.jpa.JpaTransactionManager        : Participating in existing transaction
2026-01-09T22:43:01.542+01:00 DEBUG 263098 --- [smboutique-backend] [           main] o.s.security.web.FilterChainProxy        : Securing POST /api/utilisation-pertes
2026-01-09T22:43:01.542+01:00  INFO 263098 --- [smboutique-backend] [           main] c.s.api.security.AuthTokenFilter         : Incoming request: POST /api/utilisation-pertes - Authorization present? false - startsWithBearer? false
2026-01-09T22:43:01.542+01:00 DEBUG 263098 --- [smboutique-backend] [           main] c.s.api.security.AuthTokenFilter         : Authorization header missing or not a Bearer token for request POST /api/utilisation-pertes
2026-01-09T22:43:01.542+01:00 DEBUG 263098 --- [smboutique-backend] [           main] o.s.security.web.FilterChainProxy        : Secured POST /api/utilisation-pertes
2026-01-09T22:43:01.542+01:00  INFO 263098 --- [smboutique-backend] [           main] c.s.api.security.AuthTokenFilter         : Incoming request: POST /api/utilisation-pertes - Authorization present? false - startsWithBearer? false
2026-01-09T22:43:01.542+01:00 DEBUG 263098 --- [smboutique-backend] [           main] c.s.api.security.AuthTokenFilter         : Authorization header missing or not a Bearer token for request POST /api/utilisation-pertes
2026-01-09T22:43:01.545+01:00  WARN 263098 --- [smboutique-backend] [           main] org.hibernate.orm.deprecation            : HHH90000021: Encountered deprecated setting [javax.persistence.query.timeout], use [jakarta.persistence.query.timeout] instead
2026-01-09T22:43:01.549+01:00 DEBUG 263098 --- [smboutique-backend] [           main] org.hibernate.SQL                        : 
    update
        utilisateur 
    set
        adresse=?,
        avatar=?,
        boutique_id=?,
        contact_utilisateur=?,
        email=?,
        mot_de_passe_utilisateur=?,
        nom_utilisateur=?,
        prenom_utilisateur=?,
        psedeau_utilisateur=?,
        reset_token=?,
        reset_token_expire=?,
        statut=?,
        type_utilisateur=? 
    where
        id_utilisateur=?
Hibernate: 
    update
        utilisateur 
    set
        adresse=?,
        avatar=?,
        boutique_id=?,
        contact_utilisateur=?,
        email=?,
        mot_de_passe_utilisateur=?,
        nom_utilisateur=?,
        prenom_utilisateur=?,
        psedeau_utilisateur=?,
        reset_token=?,
        reset_token_expire=?,
        statut=?,
        type_utilisateur=? 
    where
        id_utilisateur=?
2026-01-09T22:43:01.550+01:00 DEBUG 263098 --- [smboutique-backend] [           main] org.hibernate.SQL                        : 
    update
        utilisateur 
    set
        adresse=?,
        avatar=?,
        boutique_id=?,
        contact_utilisateur=?,
        email=?,
        mot_de_passe_utilisateur=?,
        nom_utilisateur=?,
        prenom_utilisateur=?,
        psedeau_utilisateur=?,
        reset_token=?,
        reset_token_expire=?,
        statut=?,
        type_utilisateur=? 
    where
        id_utilisateur=?
Hibernate: 
    update
        utilisateur 
    set
        adresse=?,
        avatar=?,
        boutique_id=?,
        contact_utilisateur=?,
        email=?,
        mot_de_passe_utilisateur=?,
        nom_utilisateur=?,
        prenom_utilisateur=?,
        psedeau_utilisateur=?,
        reset_token=?,
        reset_token_expire=?,
        statut=?,
        type_utilisateur=? 
    where
        id_utilisateur=?
2026-01-09T22:43:01.552+01:00 DEBUG 263098 --- [smboutique-backend] [           main] org.hibernate.SQL                        : 
    insert 
    into
        utilisateur_permissions
        (utilisateur_id, permission_id) 
    values
        (?, ?)
Hibernate: 
    insert 
    into
        utilisateur_permissions
        (utilisateur_id, permission_id) 
    values
        (?, ?)
2026-01-09T22:43:01.553+01:00 DEBUG 263098 --- [smboutique-backend] [           main] org.hibernate.SQL                        : 
    select
        u1_0.id_utilisateur,
        u1_0.adresse,
        u1_0.avatar,
        u1_0.boutique_id,
        u1_0.contact_utilisateur,
        u1_0.email,
        u1_0.mot_de_passe_utilisateur,
        u1_0.nom_utilisateur,
        u1_0.prenom_utilisateur,
        u1_0.psedeau_utilisateur,
        u1_0.reset_token,
        u1_0.reset_token_expire,
        u1_0.statut,
        u1_0.type_utilisateur 
    from
        utilisateur u1_0 
    where
        upper(u1_0.email)=upper(?)
Hibernate: 
    select
        u1_0.id_utilisateur,
        u1_0.adresse,
        u1_0.avatar,
        u1_0.boutique_id,
        u1_0.contact_utilisateur,
        u1_0.email,
        u1_0.mot_de_passe_utilisateur,
        u1_0.nom_utilisateur,
        u1_0.prenom_utilisateur,
        u1_0.psedeau_utilisateur,
        u1_0.reset_token,
        u1_0.reset_token_expire,
        u1_0.statut,
        u1_0.type_utilisateur 
    from
        utilisateur u1_0 
    where
        upper(u1_0.email)=upper(?)
2026-01-09T22:43:01.554+01:00 DEBUG 263098 --- [smboutique-backend] [           main] o.s.orm.jpa.JpaTransactionManager        : Found thread-bound EntityManager [SessionImpl(1571803772<open>)] for JPA transaction
2026-01-09T22:43:01.554+01:00 DEBUG 263098 --- [smboutique-backend] [           main] o.s.orm.jpa.JpaTransactionManager        : Participating in existing transaction
2026-01-09T22:43:01.554+01:00  WARN 263098 --- [smboutique-backend] [           main] org.hibernate.orm.deprecation            : HHH90000021: Encountered deprecated setting [javax.persistence.query.timeout], use [jakarta.persistence.query.timeout] instead
2026-01-09T22:43:01.556+01:00 DEBUG 263098 --- [smboutique-backend] [           main] org.hibernate.SQL                        : 
    select
        s1_0.id_stock,
        s1_0.id_boutique,
        s1_0.cost_average,
        s1_0.last_purchase_price,
        m1_0.id_magasin,
        m1_0.adresse,
        m1_0.id_boutique,
        m1_0.nom,
        m1_0.type_magasin,
        p1_0.id_produit,
        p1_0.alerte_stock,
        p1_0.caracteristique,
        p1_0.date_creation,
        p1_0.marge_detail,
        p1_0.marge_gros,
        p1_0.nom_produit,
        p1_0.nombre_unites_par_conditionnement,
        p1_0.prix_achat,
        p1_0.prix_detail,
        p1_0.prix_en_gros,
        p1_0.product_image,
        p1_0.id_unite,
        p1_0.unite_conditionnement,
        s1_0.quantite_disponible 
    from
        stock s1_0 
    left join
        tbl_product p1_0 
            on p1_0.id_produit=s1_0.id_produit 
    left join
        magasin m1_0 
            on m1_0.id_magasin=s1_0.id_magasin 
    where
        (
            ? is null 
            or p1_0.id_produit=?
        ) 
        and s1_0.id_boutique=?
Hibernate: 
    select
        s1_0.id_stock,
        s1_0.id_boutique,
        s1_0.cost_average,
        s1_0.last_purchase_price,
        m1_0.id_magasin,
        m1_0.adresse,
        m1_0.id_boutique,
        m1_0.nom,
        m1_0.type_magasin,
        p1_0.id_produit,
        p1_0.alerte_stock,
        p1_0.caracteristique,
        p1_0.date_creation,
        p1_0.marge_detail,
        p1_0.marge_gros,
        p1_0.nom_produit,
        p1_0.nombre_unites_par_conditionnement,
        p1_0.prix_achat,
        p1_0.prix_detail,
        p1_0.prix_en_gros,
        p1_0.product_image,
        p1_0.id_unite,
        p1_0.unite_conditionnement,
        s1_0.quantite_disponible 
    from
        stock s1_0 
    left join
        tbl_product p1_0 
            on p1_0.id_produit=s1_0.id_produit 
    left join
        magasin m1_0 
            on m1_0.id_magasin=s1_0.id_magasin 
    where
        (
            ? is null 
            or p1_0.id_produit=?
        ) 
        and s1_0.id_boutique=?
2026-01-09T22:43:01.558+01:00 DEBUG 263098 --- [smboutique-backend] [           main] o.s.orm.jpa.JpaTransactionManager        : Found thread-bound EntityManager [SessionImpl(1571803772<open>)] for JPA transaction
2026-01-09T22:43:01.558+01:00 DEBUG 263098 --- [smboutique-backend] [           main] o.s.orm.jpa.JpaTransactionManager        : Participating in existing transaction
2026-01-09T22:43:01.559+01:00 DEBUG 263098 --- [smboutique-backend] [           main] o.s.orm.jpa.JpaTransactionManager        : Found thread-bound EntityManager [SessionImpl(1571803772<open>)] for JPA transaction
2026-01-09T22:43:01.559+01:00 DEBUG 263098 --- [smboutique-backend] [           main] o.s.orm.jpa.JpaTransactionManager        : Participating in existing transaction
2026-01-09T22:43:01.559+01:00 DEBUG 263098 --- [smboutique-backend] [           main] o.s.orm.jpa.JpaTransactionManager        : Found thread-bound EntityManager [SessionImpl(1571803772<open>)] for JPA transaction
2026-01-09T22:43:01.559+01:00 DEBUG 263098 --- [smboutique-backend] [           main] o.s.orm.jpa.JpaTransactionManager        : Participating in existing transaction
2026-01-09T22:43:01.560+01:00 DEBUG 263098 --- [smboutique-backend] [           main] org.hibernate.SQL                        : 
    insert 
    into
        mouvement
        (id_boutique, date_mov, description, id_inventaire, id_ligne_livraison, id_ligne_reception, id_ligne_vente, id_magasin, montant, id_produit, quantite, reference_id, reference_inventaire, sous_type, id_stock, id_transfer, type_mvnt, id_utilisateur) 
    values
        (?, ?, ?, ?, ?, ?, ?, ?, ?, ?, ?, ?, ?, ?, ?, ?, ?, ?)
Hibernate: 
    insert 
    into
        mouvement
        (id_boutique, date_mov, description, id_inventaire, id_ligne_livraison, id_ligne_reception, id_ligne_vente, id_magasin, montant, id_produit, quantite, reference_id, reference_inventaire, sous_type, id_stock, id_transfer, type_mvnt, id_utilisateur) 
    values
        (?, ?, ?, ?, ?, ?, ?, ?, ?, ?, ?, ?, ?, ?, ?, ?, ?, ?)
2026-01-09T22:43:01.563+01:00 DEBUG 263098 --- [smboutique-backend] [           main] o.s.orm.jpa.JpaTransactionManager        : Found thread-bound EntityManager [SessionImpl(1571803772<open>)] for JPA transaction
2026-01-09T22:43:01.563+01:00 DEBUG 263098 --- [smboutique-backend] [           main] o.s.orm.jpa.JpaTransactionManager        : Participating in existing transaction
2026-01-09T22:43:01.563+01:00 DEBUG 263098 --- [smboutique-backend] [           main] org.hibernate.SQL                        : 
    insert 
    into
        utilisation_pertes
        (id_boutique, date, id_magasin, motif, id_mouvement, id_article, quantite, type) 
    values
        (?, ?, ?, ?, ?, ?, ?, ?)
Hibernate: 
    insert 
    into
        utilisation_pertes
        (id_boutique, date, id_magasin, motif, id_mouvement, id_article, quantite, type) 
    values
        (?, ?, ?, ?, ?, ?, ?, ?)
2026-01-09T22:43:01.566+01:00  WARN 263098 --- [smboutique-backend] [           main] org.hibernate.orm.deprecation            : HHH90000021: Encountered deprecated setting [javax.persistence.query.timeout], use [jakarta.persistence.query.timeout] instead
2026-01-09T22:43:01.572+01:00 DEBUG 263098 --- [smboutique-backend] [           main] org.hibernate.SQL                        : 
    select
        up1_0.id_utili_perte,
        up1_0.id_boutique,
        up1_0.date,
        up1_0.id_magasin,
        up1_0.motif,
        up1_0.id_mouvement,
        up1_0.id_article,
        up1_0.quantite,
        up1_0.type 
    from
        utilisation_pertes up1_0 
    where
        up1_0.id_mouvement=?
Hibernate: 
    select
        up1_0.id_utili_perte,
        up1_0.id_boutique,
        up1_0.date,
        up1_0.id_magasin,
        up1_0.motif,
        up1_0.id_mouvement,
        up1_0.id_article,
        up1_0.quantite,
        up1_0.type 
    from
        utilisation_pertes up1_0 
    where
        up1_0.id_mouvement=?
2026-01-09T22:43:01.577+01:00 DEBUG 263098 --- [smboutique-backend] [           main] o.s.orm.jpa.JpaTransactionManager        : Found thread-bound EntityManager [SessionImpl(1571803772<open>)] for JPA transaction
2026-01-09T22:43:01.577+01:00 DEBUG 263098 --- [smboutique-backend] [           main] o.s.orm.jpa.JpaTransactionManager        : Participating in existing transaction
2026-01-09T22:43:01.577+01:00 DEBUG 263098 --- [smboutique-backend] [           main] o.s.orm.jpa.JpaTransactionManager        : Found thread-bound EntityManager [SessionImpl(1571803772<open>)] for JPA transaction
2026-01-09T22:43:01.577+01:00 DEBUG 263098 --- [smboutique-backend] [           main] o.s.orm.jpa.JpaTransactionManager        : Participating in existing transaction
2026-01-09T22:43:01.583+01:00 DEBUG 263098 --- [smboutique-backend] [           main] o.s.orm.jpa.JpaTransactionManager        : Initiating transaction rollback
2026-01-09T22:43:01.583+01:00 DEBUG 263098 --- [smboutique-backend] [           main] o.s.orm.jpa.JpaTransactionManager        : Rolling back JPA transaction on EntityManager [SessionImpl(1571803772<open>)]
2026-01-09T22:43:01.642+01:00 DEBUG 263098 --- [smboutique-backend] [           main] o.s.orm.jpa.JpaTransactionManager        : Closing JPA EntityManager [SessionImpl(1571803772<open>)] after transaction
]]></system-out>
  </testcase>
</testsuite>