<?xml version="1.0" encoding="UTF-8"?>
<testsuite xmlns:xsi="http://www.w3.org/2001/XMLSchema-instance" xsi:noNamespaceSchemaLocation="https://maven.apache.org/surefire/maven-surefire-plugin/xsd/surefire-test-report.xsd" version="3.0.2" name="com.smboutique.api.controller.InventaireControllerTest" time="0.672" tests="3" errors="0" skipped="0" failures="0">
  <properties>
[...]
</properties>
  <testcase name="regularizeCreatesMouvementAndAdjustsStock" classname="com.smboutique.api.controller.InventaireControllerTest" time="0.489">
    <system-out><![CDATA[2026-01-15T17:31:51.700+01:00  INFO 118901 --- [smboutique-backend] [           main] t.c.s.AnnotationConfigContextLoaderUtils : Could not detect default configuration classes for test class [com.smboutique.api.controller.InventaireControllerTest]: InventaireControllerTest does not declare any static, non-private, non-final, nested classes annotated with @Configuration.
2026-01-15T17:31:51.705+01:00  INFO 118901 --- [smboutique-backend] [           main] .b.t.c.SpringBootTestContextBootstrapper : Found @SpringBootConfiguration com.smboutique.api.ApiApplication for test class com.smboutique.api.controller.InventaireControllerTest
2026-01-15T17:31:51.715+01:00 DEBUG 118901 --- [smboutique-backend] [           main] o.s.orm.jpa.JpaTransactionManager        : Creating new transaction with name [com.smboutique.api.controller.InventaireControllerTest.regularizeCreatesMouvementAndAdjustsStock]: PROPAGATION_REQUIRED,ISOLATION_DEFAULT
2026-01-15T17:31:51.715+01:00 DEBUG 118901 --- [smboutique-backend] [           main] o.s.orm.jpa.JpaTransactionManager        : Opened new EntityManager [SessionImpl(1002969477<open>)] for JPA transaction
2026-01-15T17:31:51.717+01:00 DEBUG 118901 --- [smboutique-backend] [           main] o.s.orm.jpa.JpaTransactionManager        : Exposing JPA transaction as JDBC [org.springframework.orm.jpa.vendor.HibernateJpaDialect$HibernateConnectionHandle@5bf5d00]
2026-01-15T17:31:51.722+01:00 DEBUG 118901 --- [smboutique-backend] [           main] o.s.orm.jpa.JpaTransactionManager        : Found thread-bound EntityManager [SessionImpl(1002969477<open>)] for JPA transaction
2026-01-15T17:31:51.723+01:00 DEBUG 118901 --- [smboutique-backend] [           main] o.s.orm.jpa.JpaTransactionManager        : Participating in existing transaction
2026-01-15T17:31:51.723+01:00 DEBUG 118901 --- [smboutique-backend] [           main] org.hibernate.SQL                        : 
    insert 
    into
        utilisateur
        (adresse, avatar, boutique_id, contact_utilisateur, email, mot_de_passe_utilisateur, nom_utilisateur, prenom_utilisateur, psedeau_utilisateur, reset_token, reset_token_expire, statut, type_utilisateur) 
    values
        (?, ?, ?, ?, ?, ?, ?, ?, ?, ?, ?, ?, ?)
Hibernate: 
    insert 
    into
        utilisateur
        (adresse, avatar, boutique_id, contact_utilisateur, email, mot_de_passe_utilisateur, nom_utilisateur, prenom_utilisateur, psedeau_utilisateur, reset_token, reset_token_expire, statut, type_utilisateur) 
    values
        (?, ?, ?, ?, ?, ?, ?, ?, ?, ?, ?, ?, ?)
2026-01-15T17:31:51.725+01:00 DEBUG 118901 --- [smboutique-backend] [           main] o.s.orm.jpa.JpaTransactionManager        : Found thread-bound EntityManager [SessionImpl(1002969477<open>)] for JPA transaction
2026-01-15T17:31:51.725+01:00 DEBUG 118901 --- [smboutique-backend] [           main] o.s.orm.jpa.JpaTransactionManager        : Participating in existing transaction
2026-01-15T17:31:51.726+01:00 DEBUG 118901 --- [smboutique-backend] [           main] org.hibernate.SQL                        : 
    insert 
    into
        boutique
        (adresse, indicatif, logo, nom, id_pays, quartier, telephone_local) 
    values
        (?, ?, ?, ?, ?, ?, ?)
Hibernate: 
    insert 
    into
        boutique
        (adresse, indicatif, logo, nom, id_pays, quartier, telephone_local) 
    values
        (?, ?, ?, ?, ?, ?, ?)
2026-01-15T17:31:51.728+01:00 DEBUG 118901 --- [smboutique-backend] [           main] o.s.orm.jpa.JpaTransactionManager        : Found thread-bound EntityManager [SessionImpl(1002969477<open>)] for JPA transaction
2026-01-15T17:31:51.728+01:00 DEBUG 118901 --- [smboutique-backend] [           main] o.s.orm.jpa.JpaTransactionManager        : Participating in existing transaction
2026-01-15T17:31:51.729+01:00 DEBUG 118901 --- [smboutique-backend] [           main] o.s.orm.jpa.JpaTransactionManager        : Found thread-bound EntityManager [SessionImpl(1002969477<open>)] for JPA transaction
2026-01-15T17:31:51.729+01:00 DEBUG 118901 --- [smboutique-backend] [           main] o.s.orm.jpa.JpaTransactionManager        : Participating in existing transaction
2026-01-15T17:31:51.729+01:00 DEBUG 118901 --- [smboutique-backend] [           main] org.hibernate.SQL                        : 
    insert 
    into
        tbl_product
        (alerte_stock, caracteristique, date_creation, marge_detail, marge_gros, nom_produit, nombre_unites_par_conditionnement, prix_achat, prix_detail, prix_en_gros, product_image, id_unite, unite_conditionnement) 
    values
        (?, ?, ?, ?, ?, ?, ?, ?, ?, ?, ?, ?, ?)
Hibernate: 
    insert 
    into
        tbl_product
        (alerte_stock, caracteristique, date_creation, marge_detail, marge_gros, nom_produit, nombre_unites_par_conditionnement, prix_achat, prix_detail, prix_en_gros, product_image, id_unite, unite_conditionnement) 
    values
        (?, ?, ?, ?, ?, ?, ?, ?, ?, ?, ?, ?, ?)
2026-01-15T17:31:51.732+01:00 DEBUG 118901 --- [smboutique-backend] [           main] o.s.orm.jpa.JpaTransactionManager        : Found thread-bound EntityManager [SessionImpl(1002969477<open>)] for JPA transaction
2026-01-15T17:31:51.732+01:00 DEBUG 118901 --- [smboutique-backend] [           main] o.s.orm.jpa.JpaTransactionManager        : Participating in existing transaction
2026-01-15T17:31:51.732+01:00 DEBUG 118901 --- [smboutique-backend] [           main] org.hibernate.SQL                        : 
    insert 
    into
        stock
        (id_boutique, cost_average, last_purchase_price, id_magasin, id_produit, quantite_disponible) 
    values
        (?, ?, ?, ?, ?, ?)
Hibernate: 
    insert 
    into
        stock
        (id_boutique, cost_average, last_purchase_price, id_magasin, id_produit, quantite_disponible) 
    values
        (?, ?, ?, ?, ?, ?)
2026-01-15T17:31:51.737+01:00  WARN 118901 --- [smboutique-backend] [           main] org.hibernate.orm.deprecation            : HHH90000021: Encountered deprecated setting [javax.persistence.query.timeout], use [jakarta.persistence.query.timeout] instead
2026-01-15T17:31:51.739+01:00 DEBUG 118901 --- [smboutique-backend] [           main] org.hibernate.SQL                        : 
    select
        p1_0.id_permission,
        p1_0.description,
        p1_0.name 
    from
        permission p1_0 
    where
        p1_0.name=?
Hibernate: 
    select
        p1_0.id_permission,
        p1_0.description,
        p1_0.name 
    from
        permission p1_0 
    where
        p1_0.name=?
2026-01-15T17:31:51.744+01:00  WARN 118901 --- [smboutique-backend] [           main] org.hibernate.orm.deprecation            : HHH90000021: Encountered deprecated setting [javax.persistence.query.timeout], use [jakarta.persistence.query.timeout] instead
2026-01-15T17:31:51.750+01:00 DEBUG 118901 --- [smboutique-backend] [           main] org.hibernate.SQL                        : 
    select
        p1_0.id_permission,
        p1_0.description,
        p1_0.name 
    from
        permission p1_0 
    where
        p1_0.name=?
Hibernate: 
    select
        p1_0.id_permission,
        p1_0.description,
        p1_0.name 
    from
        permission p1_0 
    where
        p1_0.name=?
2026-01-15T17:31:51.755+01:00  WARN 118901 --- [smboutique-backend] [           main] org.hibernate.orm.deprecation            : HHH90000021: Encountered deprecated setting [javax.persistence.query.timeout], use [jakarta.persistence.query.timeout] instead
2026-01-15T17:31:51.757+01:00 DEBUG 118901 --- [smboutique-backend] [           main] org.hibernate.SQL                        : 
    select
        p1_0.id_permission,
        p1_0.description,
        p1_0.name 
    from
        permission p1_0 
    where
        p1_0.name=?
Hibernate: 
    select
        p1_0.id_permission,
        p1_0.description,
        p1_0.name 
    from
        permission p1_0 
    where
        p1_0.name=?
2026-01-15T17:31:51.762+01:00 DEBUG 118901 --- [smboutique-backend] [           main] o.s.orm.jpa.JpaTransactionManager        : Found thread-bound EntityManager [SessionImpl(1002969477<open>)] for JPA transaction
2026-01-15T17:31:51.763+01:00 DEBUG 118901 --- [smboutique-backend] [           main] o.s.orm.jpa.JpaTransactionManager        : Participating in existing transaction
2026-01-15T17:31:51.765+01:00 DEBUG 118901 --- [smboutique-backend] [           main] o.s.orm.jpa.JpaTransactionManager        : Found thread-bound EntityManager [SessionImpl(1002969477<open>)] for JPA transaction
2026-01-15T17:31:51.765+01:00 DEBUG 118901 --- [smboutique-backend] [           main] o.s.orm.jpa.JpaTransactionManager        : Participating in existing transaction
2026-01-15T17:31:51.765+01:00 DEBUG 118901 --- [smboutique-backend] [           main] org.hibernate.SQL                        : 
    insert 
    into
        inventaire
        (id_boutique, date_inventaire, reference_inventaire, regulariser, id_utilisateur) 
    values
        (?, ?, ?, ?, ?)
Hibernate: 
    insert 
    into
        inventaire
        (id_boutique, date_inventaire, reference_inventaire, regulariser, id_utilisateur) 
    values
        (?, ?, ?, ?, ?)
2026-01-15T17:31:51.770+01:00 DEBUG 118901 --- [smboutique-backend] [           main] o.s.orm.jpa.JpaTransactionManager        : Found thread-bound EntityManager [SessionImpl(1002969477<open>)] for JPA transaction
2026-01-15T17:31:51.770+01:00 DEBUG 118901 --- [smboutique-backend] [           main] o.s.orm.jpa.JpaTransactionManager        : Participating in existing transaction
2026-01-15T17:31:51.771+01:00 DEBUG 118901 --- [smboutique-backend] [           main] org.hibernate.SQL                        : 
    insert 
    into
        ligne_inventaire
        (ecart_stock, id_inventaire, montant, id_produit, quantite_physique) 
    values
        (?, ?, ?, ?, ?)
Hibernate: 
    insert 
    into
        ligne_inventaire
        (ecart_stock, id_inventaire, montant, id_produit, quantite_physique) 
    values
        (?, ?, ?, ?, ?)
2026-01-15T17:31:51.778+01:00 DEBUG 118901 --- [smboutique-backend] [           main] o.s.security.web.FilterChainProxy        : Securing POST /api/inventaires/6/regularize
2026-01-15T17:31:51.778+01:00  INFO 118901 --- [smboutique-backend] [           main] c.s.api.security.AuthTokenFilter         : Incoming request: POST /api/inventaires/6/regularize - Authorization present? false - startsWithBearer? false
2026-01-15T17:31:51.779+01:00 DEBUG 118901 --- [smboutique-backend] [           main] c.s.api.security.AuthTokenFilter         : Authorization header missing or not a Bearer token for request POST /api/inventaires/6/regularize
2026-01-15T17:31:51.779+01:00 DEBUG 118901 --- [smboutique-backend] [           main] o.s.security.web.FilterChainProxy        : Secured POST /api/inventaires/6/regularize
2026-01-15T17:31:51.779+01:00  INFO 118901 --- [smboutique-backend] [           main] c.s.api.security.AuthTokenFilter         : Incoming request: POST /api/inventaires/6/regularize - Authorization present? false - startsWithBearer? false
2026-01-15T17:31:51.779+01:00 DEBUG 118901 --- [smboutique-backend] [           main] c.s.api.security.AuthTokenFilter         : Authorization header missing or not a Bearer token for request POST /api/inventaires/6/regularize
2026-01-15T17:31:51.784+01:00  WARN 118901 --- [smboutique-backend] [           main] org.hibernate.orm.deprecation            : HHH90000021: Encountered deprecated setting [javax.persistence.query.timeout], use [jakarta.persistence.query.timeout] instead
2026-01-15T17:31:51.790+01:00 DEBUG 118901 --- [smboutique-backend] [           main] org.hibernate.SQL                        : 
    update
        utilisateur 
    set
        adresse=?,
        avatar=?,
        boutique_id=?,
        contact_utilisateur=?,
        email=?,
        mot_de_passe_utilisateur=?,
        nom_utilisateur=?,
        prenom_utilisateur=?,
        psedeau_utilisateur=?,
        reset_token=?,
        reset_token_expire=?,
        statut=?,
        type_utilisateur=? 
    where
        id_utilisateur=?
Hibernate: 
    update
        utilisateur 
    set
        adresse=?,
        avatar=?,
        boutique_id=?,
        contact_utilisateur=?,
        email=?,
        mot_de_passe_utilisateur=?,
        nom_utilisateur=?,
        prenom_utilisateur=?,
        psedeau_utilisateur=?,
        reset_token=?,
        reset_token_expire=?,
        statut=?,
        type_utilisateur=? 
    where
        id_utilisateur=?
2026-01-15T17:31:51.793+01:00 DEBUG 118901 --- [smboutique-backend] [           main] org.hibernate.SQL                        : 
    insert 
    into
        utilisateur_permissions
        (utilisateur_id, permission_id) 
    values
        (?, ?)
Hibernate: 
    insert 
    into
        utilisateur_permissions
        (utilisateur_id, permission_id) 
    values
        (?, ?)
2026-01-15T17:31:51.793+01:00 DEBUG 118901 --- [smboutique-backend] [           main] org.hibernate.SQL                        : 
    insert 
    into
        utilisateur_permissions
        (utilisateur_id, permission_id) 
    values
        (?, ?)
Hibernate: 
    insert 
    into
        utilisateur_permissions
        (utilisateur_id, permission_id) 
    values
        (?, ?)
2026-01-15T17:31:51.793+01:00 DEBUG 118901 --- [smboutique-backend] [           main] org.hibernate.SQL                        : 
    insert 
    into
        utilisateur_permissions
        (utilisateur_id, permission_id) 
    values
        (?, ?)
Hibernate: 
    insert 
    into
        utilisateur_permissions
        (utilisateur_id, permission_id) 
    values
        (?, ?)
2026-01-15T17:31:51.796+01:00 DEBUG 118901 --- [smboutique-backend] [           main] org.hibernate.SQL                        : 
    select
        u1_0.id_utilisateur,
        u1_0.adresse,
        u1_0.avatar,
        u1_0.boutique_id,
        u1_0.contact_utilisateur,
        u1_0.email,
        u1_0.mot_de_passe_utilisateur,
        u1_0.nom_utilisateur,
        u1_0.prenom_utilisateur,
        u1_0.psedeau_utilisateur,
        u1_0.reset_token,
        u1_0.reset_token_expire,
        u1_0.statut,
        u1_0.type_utilisateur 
    from
        utilisateur u1_0 
    where
        upper(u1_0.email)=upper(?)
Hibernate: 
    select
        u1_0.id_utilisateur,
        u1_0.adresse,
        u1_0.avatar,
        u1_0.boutique_id,
        u1_0.contact_utilisateur,
        u1_0.email,
        u1_0.mot_de_passe_utilisateur,
        u1_0.nom_utilisateur,
        u1_0.prenom_utilisateur,
        u1_0.psedeau_utilisateur,
        u1_0.reset_token,
        u1_0.reset_token_expire,
        u1_0.statut,
        u1_0.type_utilisateur 
    from
        utilisateur u1_0 
    where
        upper(u1_0.email)=upper(?)
2026-01-15T17:31:51.799+01:00 DEBUG 118901 --- [smboutique-backend] [           main] o.s.orm.jpa.JpaTransactionManager        : Found thread-bound EntityManager [SessionImpl(1002969477<open>)] for JPA transaction
2026-01-15T17:31:51.799+01:00 DEBUG 118901 --- [smboutique-backend] [           main] o.s.orm.jpa.JpaTransactionManager        : Participating in existing transaction
2026-01-15T17:31:51.800+01:00 DEBUG 118901 --- [smboutique-backend] [           main] o.s.orm.jpa.JpaTransactionManager        : Found thread-bound EntityManager [SessionImpl(1002969477<open>)] for JPA transaction
2026-01-15T17:31:51.800+01:00 DEBUG 118901 --- [smboutique-backend] [           main] o.s.orm.jpa.JpaTransactionManager        : Participating in existing transaction
2026-01-15T17:31:51.803+01:00  WARN 118901 --- [smboutique-backend] [           main] org.hibernate.orm.deprecation            : HHH90000021: Encountered deprecated setting [javax.persistence.query.timeout], use [jakarta.persistence.query.timeout] instead
2026-01-15T17:31:51.805+01:00 DEBUG 118901 --- [smboutique-backend] [           main] org.hibernate.SQL                        : 
    select
        li1_0.id_ligne_inventaire,
        li1_0.ecart_stock,
        li1_0.id_inventaire,
        li1_0.montant,
        li1_0.id_produit,
        li1_0.quantite_physique 
    from
        ligne_inventaire li1_0 
    left join
        inventaire i1_0 
            on i1_0.id_inventaire=li1_0.id_inventaire 
    where
        i1_0.id_inventaire=?
Hibernate: 
    select
        li1_0.id_ligne_inventaire,
        li1_0.ecart_stock,
        li1_0.id_inventaire,
        li1_0.montant,
        li1_0.id_produit,
        li1_0.quantite_physique 
    from
        ligne_inventaire li1_0 
    left join
        inventaire i1_0 
            on i1_0.id_inventaire=li1_0.id_inventaire 
    where
        i1_0.id_inventaire=?
2026-01-15T17:31:51.808+01:00  WARN 118901 --- [smboutique-backend] [           main] org.hibernate.orm.deprecation            : HHH90000021: Encountered deprecated setting [javax.persistence.query.timeout], use [jakarta.persistence.query.timeout] instead
2026-01-15T17:31:51.809+01:00 DEBUG 118901 --- [smboutique-backend] [           main] org.hibernate.SQL                        : 
    select
        s1_0.id_stock,
        s1_0.id_boutique,
        s1_0.cost_average,
        s1_0.last_purchase_price,
        m1_0.id_magasin,
        m1_0.adresse,
        m1_0.id_boutique,
        m1_0.nom,
        m1_0.type_magasin,
        p1_0.id_produit,
        p1_0.alerte_stock,
        p1_0.caracteristique,
        p1_0.date_creation,
        p1_0.marge_detail,
        p1_0.marge_gros,
        p1_0.nom_produit,
        p1_0.nombre_unites_par_conditionnement,
        p1_0.prix_achat,
        p1_0.prix_detail,
        p1_0.prix_en_gros,
        p1_0.product_image,
        p1_0.id_unite,
        p1_0.unite_conditionnement,
        s1_0.quantite_disponible 
    from
        stock s1_0 
    left join
        tbl_product p1_0 
            on p1_0.id_produit=s1_0.id_produit 
    left join
        magasin m1_0 
            on m1_0.id_magasin=s1_0.id_magasin 
    where
        (
            ? is null 
            or p1_0.id_produit=?
        ) 
        and s1_0.id_boutique=?
Hibernate: 
    select
        s1_0.id_stock,
        s1_0.id_boutique,
        s1_0.cost_average,
        s1_0.last_purchase_price,
        m1_0.id_magasin,
        m1_0.adresse,
        m1_0.id_boutique,
        m1_0.nom,
        m1_0.type_magasin,
        p1_0.id_produit,
        p1_0.alerte_stock,
        p1_0.caracteristique,
        p1_0.date_creation,
        p1_0.marge_detail,
        p1_0.marge_gros,
        p1_0.nom_produit,
        p1_0.nombre_unites_par_conditionnement,
        p1_0.prix_achat,
        p1_0.prix_detail,
        p1_0.prix_en_gros,
        p1_0.product_image,
        p1_0.id_unite,
        p1_0.unite_conditionnement,
        s1_0.quantite_disponible 
    from
        stock s1_0 
    left join
        tbl_product p1_0 
            on p1_0.id_produit=s1_0.id_produit 
    left join
        magasin m1_0 
            on m1_0.id_magasin=s1_0.id_magasin 
    where
        (
            ? is null 
            or p1_0.id_produit=?
        ) 
        and s1_0.id_boutique=?
2026-01-15T17:31:51.812+01:00 DEBUG 118901 --- [smboutique-backend] [           main] o.s.orm.jpa.JpaTransactionManager        : Found thread-bound EntityManager [SessionImpl(1002969477<open>)] for JPA transaction
2026-01-15T17:31:51.812+01:00 DEBUG 118901 --- [smboutique-backend] [           main] o.s.orm.jpa.JpaTransactionManager        : Participating in existing transaction
2026-01-15T17:31:51.813+01:00 DEBUG 118901 --- [smboutique-backend] [           main] o.s.orm.jpa.JpaTransactionManager        : Found thread-bound EntityManager [SessionImpl(1002969477<open>)] for JPA transaction
2026-01-15T17:31:51.813+01:00 DEBUG 118901 --- [smboutique-backend] [           main] o.s.orm.jpa.JpaTransactionManager        : Participating in existing transaction
2026-01-15T17:31:51.813+01:00 DEBUG 118901 --- [smboutique-backend] [           main] org.hibernate.SQL                        : 
    insert 
    into
        mouvement
        (id_boutique, date_mov, description, id_inventaire, id_ligne_livraison, id_ligne_reception, id_ligne_vente, id_magasin, montant, id_produit, quantite, reference_id, reference_inventaire, sous_type, id_stock, id_transfer, type_mvnt, id_utilisateur) 
    values
        (?, ?, ?, ?, ?, ?, ?, ?, ?, ?, ?, ?, ?, ?, ?, ?, ?, ?)
Hibernate: 
    insert 
    into
        mouvement
        (id_boutique, date_mov, description, id_inventaire, id_ligne_livraison, id_ligne_reception, id_ligne_vente, id_magasin, montant, id_produit, quantite, reference_id, reference_inventaire, sous_type, id_stock, id_transfer, type_mvnt, id_utilisateur) 
    values
        (?, ?, ?, ?, ?, ?, ?, ?, ?, ?, ?, ?, ?, ?, ?, ?, ?, ?)
2026-01-15T17:31:51.816+01:00 DEBUG 118901 --- [smboutique-backend] [           main] o.s.orm.jpa.JpaTransactionManager        : Found thread-bound EntityManager [SessionImpl(1002969477<open>)] for JPA transaction
2026-01-15T17:31:51.816+01:00 DEBUG 118901 --- [smboutique-backend] [           main] o.s.orm.jpa.JpaTransactionManager        : Participating in existing transaction
2026-01-15T17:31:51.817+01:00 DEBUG 118901 --- [smboutique-backend] [           main] o.s.orm.jpa.JpaTransactionManager        : Found thread-bound EntityManager [SessionImpl(1002969477<open>)] for JPA transaction
2026-01-15T17:31:51.817+01:00 DEBUG 118901 --- [smboutique-backend] [           main] o.s.orm.jpa.JpaTransactionManager        : Participating in existing transaction
2026-01-15T17:31:51.826+01:00 DEBUG 118901 --- [smboutique-backend] [           main] o.s.orm.jpa.JpaTransactionManager        : Found thread-bound EntityManager [SessionImpl(1002969477<open>)] for JPA transaction
2026-01-15T17:31:51.826+01:00 DEBUG 118901 --- [smboutique-backend] [           main] o.s.orm.jpa.JpaTransactionManager        : Participating in existing transaction
2026-01-15T17:31:51.827+01:00  WARN 118901 --- [smboutique-backend] [           main] org.hibernate.orm.deprecation            : HHH90000021: Encountered deprecated setting [javax.persistence.query.timeout], use [jakarta.persistence.query.timeout] instead
2026-01-15T17:31:51.830+01:00 DEBUG 118901 --- [smboutique-backend] [           main] org.hibernate.SQL                        : 
    select
        m1_0.id_mvnt,
        m1_0.id_boutique,
        m1_0.date_mov,
        m1_0.description,
        m1_0.id_inventaire,
        m1_0.id_ligne_livraison,
        m1_0.id_ligne_reception,
        m1_0.id_ligne_vente,
        m1_0.id_magasin,
        m1_0.montant,
        m1_0.id_produit,
        m1_0.quantite,
        m1_0.reference_id,
        m1_0.reference_inventaire,
        m1_0.sous_type,
        m1_0.id_stock,
        m1_0.id_transfer,
        m1_0.type_mvnt,
        m1_0.id_utilisateur 
    from
        mouvement m1_0
Hibernate: 
    select
        m1_0.id_mvnt,
        m1_0.id_boutique,
        m1_0.date_mov,
        m1_0.description,
        m1_0.id_inventaire,
        m1_0.id_ligne_livraison,
        m1_0.id_ligne_reception,
        m1_0.id_ligne_vente,
        m1_0.id_magasin,
        m1_0.montant,
        m1_0.id_produit,
        m1_0.quantite,
        m1_0.reference_id,
        m1_0.reference_inventaire,
        m1_0.sous_type,
        m1_0.id_stock,
        m1_0.id_transfer,
        m1_0.type_mvnt,
        m1_0.id_utilisateur 
    from
        mouvement m1_0
2026-01-15T17:31:51.837+01:00 DEBUG 118901 --- [smboutique-backend] [           main] org.hibernate.SQL                        : 
    select
        b1_0.id_boutique,
        b1_0.adresse,
        b1_0.indicatif,
        b1_0.logo,
        b1_0.nom,
        p1_0.id_pays,
        p1_0.code_iso,
        p1_0.devise_code,
        p1_0.devise_symbole,
        p1_0.drapeau,
        p1_0.indicatif,
        p1_0.nom,
        b1_0.quartier,
        b1_0.telephone_local 
    from
        boutique b1_0 
    left join
        pays p1_0 
            on p1_0.id_pays=b1_0.id_pays 
    where
        b1_0.id_boutique=?
Hibernate: 
    select
        b1_0.id_boutique,
        b1_0.adresse,
        b1_0.indicatif,
        b1_0.logo,
        b1_0.nom,
        p1_0.id_pays,
        p1_0.code_iso,
        p1_0.devise_code,
        p1_0.devise_symbole,
        p1_0.drapeau,
        p1_0.indicatif,
        p1_0.nom,
        b1_0.quartier,
        b1_0.telephone_local 
    from
        boutique b1_0 
    left join
        pays p1_0 
            on p1_0.id_pays=b1_0.id_pays 
    where
        b1_0.id_boutique=?
2026-01-15T17:31:51.839+01:00 DEBUG 118901 --- [smboutique-backend] [           main] org.hibernate.SQL                        : 
    select
        u1_0.id_utilisateur,
        u1_0.adresse,
        u1_0.avatar,
        u1_0.boutique_id,
        u1_0.contact_utilisateur,
        u1_0.email,
        u1_0.mot_de_passe_utilisateur,
        u1_0.nom_utilisateur,
        p1_0.utilisateur_id,
        p1_1.id_permission,
        p1_1.description,
        p1_1.name,
        u1_0.prenom_utilisateur,
        u1_0.psedeau_utilisateur,
        u1_0.reset_token,
        u1_0.reset_token_expire,
        r1_0.utilisateur_id,
        r1_1.id_role,
        r1_1.description,
        r1_1.name,
        p2_0.role_id,
        p2_1.id_permission,
        p2_1.description,
        p2_1.name,
        u1_0.statut,
        u1_0.type_utilisateur 
    from
        utilisateur u1_0 
    left join
        utilisateur_permissions p1_0 
            on u1_0.id_utilisateur=p1_0.utilisateur_id 
    left join
        permission p1_1 
            on p1_1.id_permission=p1_0.permission_id 
    left join
        utilisateur_roles r1_0 
            on u1_0.id_utilisateur=r1_0.utilisateur_id 
    left join
        role r1_1 
            on r1_1.id_role=r1_0.role_id 
    left join
        role_permissions p2_0 
            on r1_1.id_role=p2_0.role_id 
    left join
        permission p2_1 
            on p2_1.id_permission=p2_0.permission_id 
    where
        u1_0.id_utilisateur=?
Hibernate: 
    select
        u1_0.id_utilisateur,
        u1_0.adresse,
        u1_0.avatar,
        u1_0.boutique_id,
        u1_0.contact_utilisateur,
        u1_0.email,
        u1_0.mot_de_passe_utilisateur,
        u1_0.nom_utilisateur,
        p1_0.utilisateur_id,
        p1_1.id_permission,
        p1_1.description,
        p1_1.name,
        u1_0.prenom_utilisateur,
        u1_0.psedeau_utilisateur,
        u1_0.reset_token,
        u1_0.reset_token_expire,
        r1_0.utilisateur_id,
        r1_1.id_role,
        r1_1.description,
        r1_1.name,
        p2_0.role_id,
        p2_1.id_permission,
        p2_1.description,
        p2_1.name,
        u1_0.statut,
        u1_0.type_utilisateur 
    from
        utilisateur u1_0 
    left join
        utilisateur_permissions p1_0 
            on u1_0.id_utilisateur=p1_0.utilisateur_id 
    left join
        permission p1_1 
            on p1_1.id_permission=p1_0.permission_id 
    left join
        utilisateur_roles r1_0 
            on u1_0.id_utilisateur=r1_0.utilisateur_id 
    left join
        role r1_1 
            on r1_1.id_role=r1_0.role_id 
    left join
        role_permissions p2_0 
            on r1_1.id_role=p2_0.role_id 
    left join
        permission p2_1 
            on p2_1.id_permission=p2_0.permission_id 
    where
        u1_0.id_utilisateur=?
2026-01-15T17:31:51.951+01:00 DEBUG 118901 --- [smboutique-backend] [           main] org.hibernate.SQL                        : 
    select
        b1_0.id_boutique,
        b1_0.adresse,
        b1_0.indicatif,
        b1_0.logo,
        b1_0.nom,
        p1_0.id_pays,
        p1_0.code_iso,
        p1_0.devise_code,
        p1_0.devise_symbole,
        p1_0.drapeau,
        p1_0.indicatif,
        p1_0.nom,
        b1_0.quartier,
        b1_0.telephone_local 
    from
        boutique b1_0 
    left join
        pays p1_0 
            on p1_0.id_pays=b1_0.id_pays 
    where
        b1_0.id_boutique=?
Hibernate: 
    select
        b1_0.id_boutique,
        b1_0.adresse,
        b1_0.indicatif,
        b1_0.logo,
        b1_0.nom,
        p1_0.id_pays,
        p1_0.code_iso,
        p1_0.devise_code,
        p1_0.devise_symbole,
        p1_0.drapeau,
        p1_0.indicatif,
        p1_0.nom,
        b1_0.quartier,
        b1_0.telephone_local 
    from
        boutique b1_0 
    left join
        pays p1_0 
            on p1_0.id_pays=b1_0.id_pays 
    where
        b1_0.id_boutique=?
2026-01-15T17:31:51.954+01:00 DEBUG 118901 --- [smboutique-backend] [           main] org.hibernate.SQL                        : 
    select
        u1_0.id_utilisateur,
        u1_0.adresse,
        u1_0.avatar,
        u1_0.boutique_id,
        u1_0.contact_utilisateur,
        u1_0.email,
        u1_0.mot_de_passe_utilisateur,
        u1_0.nom_utilisateur,
        p1_0.utilisateur_id,
        p1_1.id_permission,
        p1_1.description,
        p1_1.name,
        u1_0.prenom_utilisateur,
        u1_0.psedeau_utilisateur,
        u1_0.reset_token,
        u1_0.reset_token_expire,
        r1_0.utilisateur_id,
        r1_1.id_role,
        r1_1.description,
        r1_1.name,
        p2_0.role_id,
        p2_1.id_permission,
        p2_1.description,
        p2_1.name,
        u1_0.statut,
        u1_0.type_utilisateur 
    from
        utilisateur u1_0 
    left join
        utilisateur_permissions p1_0 
            on u1_0.id_utilisateur=p1_0.utilisateur_id 
    left join
        permission p1_1 
            on p1_1.id_permission=p1_0.permission_id 
    left join
        utilisateur_roles r1_0 
            on u1_0.id_utilisateur=r1_0.utilisateur_id 
    left join
        role r1_1 
            on r1_1.id_role=r1_0.role_id 
    left join
        role_permissions p2_0 
            on r1_1.id_role=p2_0.role_id 
    left join
        permission p2_1 
            on p2_1.id_permission=p2_0.permission_id 
    where
        u1_0.id_utilisateur=?
Hibernate: 
    select
        u1_0.id_utilisateur,
        u1_0.adresse,
        u1_0.avatar,
        u1_0.boutique_id,
        u1_0.contact_utilisateur,
        u1_0.email,
        u1_0.mot_de_passe_utilisateur,
        u1_0.nom_utilisateur,
        p1_0.utilisateur_id,
        p1_1.id_permission,
        p1_1.description,
        p1_1.name,
        u1_0.prenom_utilisateur,
        u1_0.psedeau_utilisateur,
        u1_0.reset_token,
        u1_0.reset_token_expire,
        r1_0.utilisateur_id,
        r1_1.id_role,
        r1_1.description,
        r1_1.name,
        p2_0.role_id,
        p2_1.id_permission,
        p2_1.description,
        p2_1.name,
        u1_0.statut,
        u1_0.type_utilisateur 
    from
        utilisateur u1_0 
    left join
        utilisateur_permissions p1_0 
            on u1_0.id_utilisateur=p1_0.utilisateur_id 
    left join
        permission p1_1 
            on p1_1.id_permission=p1_0.permission_id 
    left join
        utilisateur_roles r1_0 
            on u1_0.id_utilisateur=r1_0.utilisateur_id 
    left join
        role r1_1 
            on r1_1.id_role=r1_0.role_id 
    left join
        role_permissions p2_0 
            on r1_1.id_role=p2_0.role_id 
    left join
        permission p2_1 
            on p2_1.id_permission=p2_0.permission_id 
    where
        u1_0.id_utilisateur=?
2026-01-15T17:31:52.001+01:00 DEBUG 118901 --- [smboutique-backend] [           main] org.hibernate.SQL                        : 
    select
        b1_0.id_boutique,
        b1_0.adresse,
        b1_0.indicatif,
        b1_0.logo,
        b1_0.nom,
        p1_0.id_pays,
        p1_0.code_iso,
        p1_0.devise_code,
        p1_0.devise_symbole,
        p1_0.drapeau,
        p1_0.indicatif,
        p1_0.nom,
        b1_0.quartier,
        b1_0.telephone_local 
    from
        boutique b1_0 
    left join
        pays p1_0 
            on p1_0.id_pays=b1_0.id_pays 
    where
        b1_0.id_boutique=?
Hibernate: 
    select
        b1_0.id_boutique,
        b1_0.adresse,
        b1_0.indicatif,
        b1_0.logo,
        b1_0.nom,
        p1_0.id_pays,
        p1_0.code_iso,
        p1_0.devise_code,
        p1_0.devise_symbole,
        p1_0.drapeau,
        p1_0.indicatif,
        p1_0.nom,
        b1_0.quartier,
        b1_0.telephone_local 
    from
        boutique b1_0 
    left join
        pays p1_0 
            on p1_0.id_pays=b1_0.id_pays 
    where
        b1_0.id_boutique=?
2026-01-15T17:31:52.003+01:00 DEBUG 118901 --- [smboutique-backend] [           main] org.hibernate.SQL                        : 
    select
        u1_0.id_utilisateur,
        u1_0.adresse,
        u1_0.avatar,
        u1_0.boutique_id,
        u1_0.contact_utilisateur,
        u1_0.email,
        u1_0.mot_de_passe_utilisateur,
        u1_0.nom_utilisateur,
        p1_0.utilisateur_id,
        p1_1.id_permission,
        p1_1.description,
        p1_1.name,
        u1_0.prenom_utilisateur,
        u1_0.psedeau_utilisateur,
        u1_0.reset_token,
        u1_0.reset_token_expire,
        r1_0.utilisateur_id,
        r1_1.id_role,
        r1_1.description,
        r1_1.name,
        p2_0.role_id,
        p2_1.id_permission,
        p2_1.description,
        p2_1.name,
        u1_0.statut,
        u1_0.type_utilisateur 
    from
        utilisateur u1_0 
    left join
        utilisateur_permissions p1_0 
            on u1_0.id_utilisateur=p1_0.utilisateur_id 
    left join
        permission p1_1 
            on p1_1.id_permission=p1_0.permission_id 
    left join
        utilisateur_roles r1_0 
            on u1_0.id_utilisateur=r1_0.utilisateur_id 
    left join
        role r1_1 
            on r1_1.id_role=r1_0.role_id 
    left join
        role_permissions p2_0 
            on r1_1.id_role=p2_0.role_id 
    left join
        permission p2_1 
            on p2_1.id_permission=p2_0.permission_id 
    where
        u1_0.id_utilisateur=?
Hibernate: 
    select
        u1_0.id_utilisateur,
        u1_0.adresse,
        u1_0.avatar,
        u1_0.boutique_id,
        u1_0.contact_utilisateur,
        u1_0.email,
        u1_0.mot_de_passe_utilisateur,
        u1_0.nom_utilisateur,
        p1_0.utilisateur_id,
        p1_1.id_permission,
        p1_1.description,
        p1_1.name,
        u1_0.prenom_utilisateur,
        u1_0.psedeau_utilisateur,
        u1_0.reset_token,
        u1_0.reset_token_expire,
        r1_0.utilisateur_id,
        r1_1.id_role,
        r1_1.description,
        r1_1.name,
        p2_0.role_id,
        p2_1.id_permission,
        p2_1.description,
        p2_1.name,
        u1_0.statut,
        u1_0.type_utilisateur 
    from
        utilisateur u1_0 
    left join
        utilisateur_permissions p1_0 
            on u1_0.id_utilisateur=p1_0.utilisateur_id 
    left join
        permission p1_1 
            on p1_1.id_permission=p1_0.permission_id 
    left join
        utilisateur_roles r1_0 
            on u1_0.id_utilisateur=r1_0.utilisateur_id 
    left join
        role r1_1 
            on r1_1.id_role=r1_0.role_id 
    left join
        role_permissions p2_0 
            on r1_1.id_role=p2_0.role_id 
    left join
        permission p2_1 
            on p2_1.id_permission=p2_0.permission_id 
    where
        u1_0.id_utilisateur=?
2026-01-15T17:31:52.041+01:00 DEBUG 118901 --- [smboutique-backend] [           main] org.hibernate.SQL                        : 
    select
        lv1_0.id_ligne_vente,
        lv1_0.new_price_vente,
        lv1_0.price_mode,
        p1_0.id_produit,
        p1_0.alerte_stock,
        p1_0.caracteristique,
        p1_0.date_creation,
        p1_0.marge_detail,
        p1_0.marge_gros,
        p1_0.nom_produit,
        p1_0.nombre_unites_par_conditionnement,
        p1_0.prix_achat,
        p1_0.prix_detail,
        p1_0.prix_en_gros,
        p1_0.product_image,
        u1_0.id_unite,
        u1_0.id_boutique,
        u1_0.libelle,
        u1_0.symbole,
        p1_0.unite_conditionnement,
        lv1_0.quantite,
        lv1_0.quantite_conditionnement,
        lv1_0.qte_livre,
        lv1_0.reste_unites_dans_carton_apres_vente,
        v1_0.id_vente,
        b2_0.id_boutique,
        b2_0.adresse,
        b2_0.indicatif,
        b2_0.logo,
        b2_0.nom,
        b2_0.id_pays,
        b2_0.quartier,
        b2_0.telephone_local,
        v1_0.date_vente,
        v1_0.monnaie_rembourse,
        v1_0.montant_recu,
        v1_0.montant_total,
        v1_0.net_a_payer,
        v1_0.nom_client,
        v1_0.reference_caisse,
        v1_0.remise,
        u2_0.id_utilisateur,
        u2_0.adresse,
        u2_0.avatar,
        u2_0.boutique_id,
        u2_0.contact_utilisateur,
        u2_0.email,
        u2_0.mot_de_passe_utilisateur,
        u2_0.nom_utilisateur,
        u2_0.prenom_utilisateur,
        u2_0.psedeau_utilisateur,
        u2_0.reset_token,
        u2_0.reset_token_expire,
        u2_0.statut,
        u2_0.type_utilisateur 
    from
        ligne_vente lv1_0 
    left join
        tbl_product p1_0 
            on p1_0.id_produit=lv1_0.id_produit 
    left join
        unite u1_0 
            on u1_0.id_unite=p1_0.id_unite 
    left join
        vente v1_0 
            on v1_0.id_vente=lv1_0.id_vente 
    left join
        boutique b2_0 
            on b2_0.id_boutique=v1_0.id_boutique 
    left join
        utilisateur u2_0 
            on u2_0.id_utilisateur=v1_0.id_utilisateur 
    where
        lv1_0.id_ligne_vente=?
Hibernate: 
    select
        lv1_0.id_ligne_vente,
        lv1_0.new_price_vente,
        lv1_0.price_mode,
        p1_0.id_produit,
        p1_0.alerte_stock,
        p1_0.caracteristique,
        p1_0.date_creation,
        p1_0.marge_detail,
        p1_0.marge_gros,
        p1_0.nom_produit,
        p1_0.nombre_unites_par_conditionnement,
        p1_0.prix_achat,
        p1_0.prix_detail,
        p1_0.prix_en_gros,
        p1_0.product_image,
        u1_0.id_unite,
        u1_0.id_boutique,
        u1_0.libelle,
        u1_0.symbole,
        p1_0.unite_conditionnement,
        lv1_0.quantite,
        lv1_0.quantite_conditionnement,
        lv1_0.qte_livre,
        lv1_0.reste_unites_dans_carton_apres_vente,
        v1_0.id_vente,
        b2_0.id_boutique,
        b2_0.adresse,
        b2_0.indicatif,
        b2_0.logo,
        b2_0.nom,
        b2_0.id_pays,
        b2_0.quartier,
        b2_0.telephone_local,
        v1_0.date_vente,
        v1_0.monnaie_rembourse,
        v1_0.montant_recu,
        v1_0.montant_total,
        v1_0.net_a_payer,
        v1_0.nom_client,
        v1_0.reference_caisse,
        v1_0.remise,
        u2_0.id_utilisateur,
        u2_0.adresse,
        u2_0.avatar,
        u2_0.boutique_id,
        u2_0.contact_utilisateur,
        u2_0.email,
        u2_0.mot_de_passe_utilisateur,
        u2_0.nom_utilisateur,
        u2_0.prenom_utilisateur,
        u2_0.psedeau_utilisateur,
        u2_0.reset_token,
        u2_0.reset_token_expire,
        u2_0.statut,
        u2_0.type_utilisateur 
    from
        ligne_vente lv1_0 
    left join
        tbl_product p1_0 
            on p1_0.id_produit=lv1_0.id_produit 
    left join
        unite u1_0 
            on u1_0.id_unite=p1_0.id_unite 
    left join
        vente v1_0 
            on v1_0.id_vente=lv1_0.id_vente 
    left join
        boutique b2_0 
            on b2_0.id_boutique=v1_0.id_boutique 
    left join
        utilisateur u2_0 
            on u2_0.id_utilisateur=v1_0.id_utilisateur 
    where
        lv1_0.id_ligne_vente=?
2026-01-15T17:31:52.045+01:00 DEBUG 118901 --- [smboutique-backend] [           main] org.hibernate.SQL                        : 
    select
        s1_0.id_stock,
        b1_0.id_boutique,
        b1_0.adresse,
        b1_0.indicatif,
        b1_0.logo,
        b1_0.nom,
        p1_0.id_pays,
        p1_0.code_iso,
        p1_0.devise_code,
        p1_0.devise_symbole,
        p1_0.drapeau,
        p1_0.indicatif,
        p1_0.nom,
        b1_0.quartier,
        b1_0.telephone_local,
        s1_0.cost_average,
        s1_0.last_purchase_price,
        m1_0.id_magasin,
        m1_0.adresse,
        b2_0.id_boutique,
        b2_0.adresse,
        b2_0.indicatif,
        b2_0.logo,
        b2_0.nom,
        b2_0.id_pays,
        b2_0.quartier,
        b2_0.telephone_local,
        m1_0.nom,
        m1_0.type_magasin,
        p3_0.id_produit,
        p3_0.alerte_stock,
        p3_0.caracteristique,
        p3_0.date_creation,
        p3_0.marge_detail,
        p3_0.marge_gros,
        p3_0.nom_produit,
        p3_0.nombre_unites_par_conditionnement,
        p3_0.prix_achat,
        p3_0.prix_detail,
        p3_0.prix_en_gros,
        p3_0.product_image,
        u1_0.id_unite,
        u1_0.id_boutique,
        u1_0.libelle,
        u1_0.symbole,
        p3_0.unite_conditionnement,
        s1_0.quantite_disponible 
    from
        stock s1_0 
    left join
        boutique b1_0 
            on b1_0.id_boutique=s1_0.id_boutique 
    left join
        pays p1_0 
            on p1_0.id_pays=b1_0.id_pays 
    left join
        magasin m1_0 
            on m1_0.id_magasin=s1_0.id_magasin 
    left join
        boutique b2_0 
            on b2_0.id_boutique=m1_0.id_boutique 
    left join
        tbl_product p3_0 
            on p3_0.id_produit=s1_0.id_produit 
    left join
        unite u1_0 
            on u1_0.id_unite=p3_0.id_unite 
    where
        s1_0.id_stock=?
Hibernate: 
    select
        s1_0.id_stock,
        b1_0.id_boutique,
        b1_0.adresse,
        b1_0.indicatif,
        b1_0.logo,
        b1_0.nom,
        p1_0.id_pays,
        p1_0.code_iso,
        p1_0.devise_code,
        p1_0.devise_symbole,
        p1_0.drapeau,
        p1_0.indicatif,
        p1_0.nom,
        b1_0.quartier,
        b1_0.telephone_local,
        s1_0.cost_average,
        s1_0.last_purchase_price,
        m1_0.id_magasin,
        m1_0.adresse,
        b2_0.id_boutique,
        b2_0.adresse,
        b2_0.indicatif,
        b2_0.logo,
        b2_0.nom,
        b2_0.id_pays,
        b2_0.quartier,
        b2_0.telephone_local,
        m1_0.nom,
        m1_0.type_magasin,
        p3_0.id_produit,
        p3_0.alerte_stock,
        p3_0.caracteristique,
        p3_0.date_creation,
        p3_0.marge_detail,
        p3_0.marge_gros,
        p3_0.nom_produit,
        p3_0.nombre_unites_par_conditionnement,
        p3_0.prix_achat,
        p3_0.prix_detail,
        p3_0.prix_en_gros,
        p3_0.product_image,
        u1_0.id_unite,
        u1_0.id_boutique,
        u1_0.libelle,
        u1_0.symbole,
        p3_0.unite_conditionnement,
        s1_0.quantite_disponible 
    from
        stock s1_0 
    left join
        boutique b1_0 
            on b1_0.id_boutique=s1_0.id_boutique 
    left join
        pays p1_0 
            on p1_0.id_pays=b1_0.id_pays 
    left join
        magasin m1_0 
            on m1_0.id_magasin=s1_0.id_magasin 
    left join
        boutique b2_0 
            on b2_0.id_boutique=m1_0.id_boutique 
    left join
        tbl_product p3_0 
            on p3_0.id_produit=s1_0.id_produit 
    left join
        unite u1_0 
            on u1_0.id_unite=p3_0.id_unite 
    where
        s1_0.id_stock=?
2026-01-15T17:31:52.048+01:00 DEBUG 118901 --- [smboutique-backend] [           main] org.hibernate.SQL                        : 
    select
        lv1_0.id_ligne_vente,
        lv1_0.new_price_vente,
        lv1_0.price_mode,
        p1_0.id_produit,
        p1_0.alerte_stock,
        p1_0.caracteristique,
        p1_0.date_creation,
        p1_0.marge_detail,
        p1_0.marge_gros,
        p1_0.nom_produit,
        p1_0.nombre_unites_par_conditionnement,
        p1_0.prix_achat,
        p1_0.prix_detail,
        p1_0.prix_en_gros,
        p1_0.product_image,
        u1_0.id_unite,
        u1_0.id_boutique,
        u1_0.libelle,
        u1_0.symbole,
        p1_0.unite_conditionnement,
        lv1_0.quantite,
        lv1_0.quantite_conditionnement,
        lv1_0.qte_livre,
        lv1_0.reste_unites_dans_carton_apres_vente,
        v1_0.id_vente,
        b2_0.id_boutique,
        b2_0.adresse,
        b2_0.indicatif,
        b2_0.logo,
        b2_0.nom,
        b2_0.id_pays,
        b2_0.quartier,
        b2_0.telephone_local,
        v1_0.date_vente,
        v1_0.monnaie_rembourse,
        v1_0.montant_recu,
        v1_0.montant_total,
        v1_0.net_a_payer,
        v1_0.nom_client,
        v1_0.reference_caisse,
        v1_0.remise,
        u2_0.id_utilisateur,
        u2_0.adresse,
        u2_0.avatar,
        u2_0.boutique_id,
        u2_0.contact_utilisateur,
        u2_0.email,
        u2_0.mot_de_passe_utilisateur,
        u2_0.nom_utilisateur,
        u2_0.prenom_utilisateur,
        u2_0.psedeau_utilisateur,
        u2_0.reset_token,
        u2_0.reset_token_expire,
        u2_0.statut,
        u2_0.type_utilisateur 
    from
        ligne_vente lv1_0 
    left join
        tbl_product p1_0 
            on p1_0.id_produit=lv1_0.id_produit 
    left join
        unite u1_0 
            on u1_0.id_unite=p1_0.id_unite 
    left join
        vente v1_0 
            on v1_0.id_vente=lv1_0.id_vente 
    left join
        boutique b2_0 
            on b2_0.id_boutique=v1_0.id_boutique 
    left join
        utilisateur u2_0 
            on u2_0.id_utilisateur=v1_0.id_utilisateur 
    where
        lv1_0.id_ligne_vente=?
Hibernate: 
    select
        lv1_0.id_ligne_vente,
        lv1_0.new_price_vente,
        lv1_0.price_mode,
        p1_0.id_produit,
        p1_0.alerte_stock,
        p1_0.caracteristique,
        p1_0.date_creation,
        p1_0.marge_detail,
        p1_0.marge_gros,
        p1_0.nom_produit,
        p1_0.nombre_unites_par_conditionnement,
        p1_0.prix_achat,
        p1_0.prix_detail,
        p1_0.prix_en_gros,
        p1_0.product_image,
        u1_0.id_unite,
        u1_0.id_boutique,
        u1_0.libelle,
        u1_0.symbole,
        p1_0.unite_conditionnement,
        lv1_0.quantite,
        lv1_0.quantite_conditionnement,
        lv1_0.qte_livre,
        lv1_0.reste_unites_dans_carton_apres_vente,
        v1_0.id_vente,
        b2_0.id_boutique,
        b2_0.adresse,
        b2_0.indicatif,
        b2_0.logo,
        b2_0.nom,
        b2_0.id_pays,
        b2_0.quartier,
        b2_0.telephone_local,
        v1_0.date_vente,
        v1_0.monnaie_rembourse,
        v1_0.montant_recu,
        v1_0.montant_total,
        v1_0.net_a_payer,
        v1_0.nom_client,
        v1_0.reference_caisse,
        v1_0.remise,
        u2_0.id_utilisateur,
        u2_0.adresse,
        u2_0.avatar,
        u2_0.boutique_id,
        u2_0.contact_utilisateur,
        u2_0.email,
        u2_0.mot_de_passe_utilisateur,
        u2_0.nom_utilisateur,
        u2_0.prenom_utilisateur,
        u2_0.psedeau_utilisateur,
        u2_0.reset_token,
        u2_0.reset_token_expire,
        u2_0.statut,
        u2_0.type_utilisateur 
    from
        ligne_vente lv1_0 
    left join
        tbl_product p1_0 
            on p1_0.id_produit=lv1_0.id_produit 
    left join
        unite u1_0 
            on u1_0.id_unite=p1_0.id_unite 
    left join
        vente v1_0 
            on v1_0.id_vente=lv1_0.id_vente 
    left join
        boutique b2_0 
            on b2_0.id_boutique=v1_0.id_boutique 
    left join
        utilisateur u2_0 
            on u2_0.id_utilisateur=v1_0.id_utilisateur 
    where
        lv1_0.id_ligne_vente=?
2026-01-15T17:31:52.051+01:00 DEBUG 118901 --- [smboutique-backend] [           main] org.hibernate.SQL                        : 
    select
        s1_0.id_stock,
        b1_0.id_boutique,
        b1_0.adresse,
        b1_0.indicatif,
        b1_0.logo,
        b1_0.nom,
        p1_0.id_pays,
        p1_0.code_iso,
        p1_0.devise_code,
        p1_0.devise_symbole,
        p1_0.drapeau,
        p1_0.indicatif,
        p1_0.nom,
        b1_0.quartier,
        b1_0.telephone_local,
        s1_0.cost_average,
        s1_0.last_purchase_price,
        m1_0.id_magasin,
        m1_0.adresse,
        b2_0.id_boutique,
        b2_0.adresse,
        b2_0.indicatif,
        b2_0.logo,
        b2_0.nom,
        b2_0.id_pays,
        b2_0.quartier,
        b2_0.telephone_local,
        m1_0.nom,
        m1_0.type_magasin,
        p3_0.id_produit,
        p3_0.alerte_stock,
        p3_0.caracteristique,
        p3_0.date_creation,
        p3_0.marge_detail,
        p3_0.marge_gros,
        p3_0.nom_produit,
        p3_0.nombre_unites_par_conditionnement,
        p3_0.prix_achat,
        p3_0.prix_detail,
        p3_0.prix_en_gros,
        p3_0.product_image,
        u1_0.id_unite,
        u1_0.id_boutique,
        u1_0.libelle,
        u1_0.symbole,
        p3_0.unite_conditionnement,
        s1_0.quantite_disponible 
    from
        stock s1_0 
    left join
        boutique b1_0 
            on b1_0.id_boutique=s1_0.id_boutique 
    left join
        pays p1_0 
            on p1_0.id_pays=b1_0.id_pays 
    left join
        magasin m1_0 
            on m1_0.id_magasin=s1_0.id_magasin 
    left join
        boutique b2_0 
            on b2_0.id_boutique=m1_0.id_boutique 
    left join
        tbl_product p3_0 
            on p3_0.id_produit=s1_0.id_produit 
    left join
        unite u1_0 
            on u1_0.id_unite=p3_0.id_unite 
    where
        s1_0.id_stock=?
Hibernate: 
    select
        s1_0.id_stock,
        b1_0.id_boutique,
        b1_0.adresse,
        b1_0.indicatif,
        b1_0.logo,
        b1_0.nom,
        p1_0.id_pays,
        p1_0.code_iso,
        p1_0.devise_code,
        p1_0.devise_symbole,
        p1_0.drapeau,
        p1_0.indicatif,
        p1_0.nom,
        b1_0.quartier,
        b1_0.telephone_local,
        s1_0.cost_average,
        s1_0.last_purchase_price,
        m1_0.id_magasin,
        m1_0.adresse,
        b2_0.id_boutique,
        b2_0.adresse,
        b2_0.indicatif,
        b2_0.logo,
        b2_0.nom,
        b2_0.id_pays,
        b2_0.quartier,
        b2_0.telephone_local,
        m1_0.nom,
        m1_0.type_magasin,
        p3_0.id_produit,
        p3_0.alerte_stock,
        p3_0.caracteristique,
        p3_0.date_creation,
        p3_0.marge_detail,
        p3_0.marge_gros,
        p3_0.nom_produit,
        p3_0.nombre_unites_par_conditionnement,
        p3_0.prix_achat,
        p3_0.prix_detail,
        p3_0.prix_en_gros,
        p3_0.product_image,
        u1_0.id_unite,
        u1_0.id_boutique,
        u1_0.libelle,
        u1_0.symbole,
        p3_0.unite_conditionnement,
        s1_0.quantite_disponible 
    from
        stock s1_0 
    left join
        boutique b1_0 
            on b1_0.id_boutique=s1_0.id_boutique 
    left join
        pays p1_0 
            on p1_0.id_pays=b1_0.id_pays 
    left join
        magasin m1_0 
            on m1_0.id_magasin=s1_0.id_magasin 
    left join
        boutique b2_0 
            on b2_0.id_boutique=m1_0.id_boutique 
    left join
        tbl_product p3_0 
            on p3_0.id_produit=s1_0.id_produit 
    left join
        unite u1_0 
            on u1_0.id_unite=p3_0.id_unite 
    where
        s1_0.id_stock=?
2026-01-15T17:31:52.053+01:00 DEBUG 118901 --- [smboutique-backend] [           main] org.hibernate.SQL                        : 
    select
        lv1_0.id_ligne_vente,
        lv1_0.new_price_vente,
        lv1_0.price_mode,
        p1_0.id_produit,
        p1_0.alerte_stock,
        p1_0.caracteristique,
        p1_0.date_creation,
        p1_0.marge_detail,
        p1_0.marge_gros,
        p1_0.nom_produit,
        p1_0.nombre_unites_par_conditionnement,
        p1_0.prix_achat,
        p1_0.prix_detail,
        p1_0.prix_en_gros,
        p1_0.product_image,
        u1_0.id_unite,
        u1_0.id_boutique,
        u1_0.libelle,
        u1_0.symbole,
        p1_0.unite_conditionnement,
        lv1_0.quantite,
        lv1_0.quantite_conditionnement,
        lv1_0.qte_livre,
        lv1_0.reste_unites_dans_carton_apres_vente,
        v1_0.id_vente,
        b2_0.id_boutique,
        b2_0.adresse,
        b2_0.indicatif,
        b2_0.logo,
        b2_0.nom,
        b2_0.id_pays,
        b2_0.quartier,
        b2_0.telephone_local,
        v1_0.date_vente,
        v1_0.monnaie_rembourse,
        v1_0.montant_recu,
        v1_0.montant_total,
        v1_0.net_a_payer,
        v1_0.nom_client,
        v1_0.reference_caisse,
        v1_0.remise,
        u2_0.id_utilisateur,
        u2_0.adresse,
        u2_0.avatar,
        u2_0.boutique_id,
        u2_0.contact_utilisateur,
        u2_0.email,
        u2_0.mot_de_passe_utilisateur,
        u2_0.nom_utilisateur,
        u2_0.prenom_utilisateur,
        u2_0.psedeau_utilisateur,
        u2_0.reset_token,
        u2_0.reset_token_expire,
        u2_0.statut,
        u2_0.type_utilisateur 
    from
        ligne_vente lv1_0 
    left join
        tbl_product p1_0 
            on p1_0.id_produit=lv1_0.id_produit 
    left join
        unite u1_0 
            on u1_0.id_unite=p1_0.id_unite 
    left join
        vente v1_0 
            on v1_0.id_vente=lv1_0.id_vente 
    left join
        boutique b2_0 
            on b2_0.id_boutique=v1_0.id_boutique 
    left join
        utilisateur u2_0 
            on u2_0.id_utilisateur=v1_0.id_utilisateur 
    where
        lv1_0.id_ligne_vente=?
Hibernate: 
    select
        lv1_0.id_ligne_vente,
        lv1_0.new_price_vente,
        lv1_0.price_mode,
        p1_0.id_produit,
        p1_0.alerte_stock,
        p1_0.caracteristique,
        p1_0.date_creation,
        p1_0.marge_detail,
        p1_0.marge_gros,
        p1_0.nom_produit,
        p1_0.nombre_unites_par_conditionnement,
        p1_0.prix_achat,
        p1_0.prix_detail,
        p1_0.prix_en_gros,
        p1_0.product_image,
        u1_0.id_unite,
        u1_0.id_boutique,
        u1_0.libelle,
        u1_0.symbole,
        p1_0.unite_conditionnement,
        lv1_0.quantite,
        lv1_0.quantite_conditionnement,
        lv1_0.qte_livre,
        lv1_0.reste_unites_dans_carton_apres_vente,
        v1_0.id_vente,
        b2_0.id_boutique,
        b2_0.adresse,
        b2_0.indicatif,
        b2_0.logo,
        b2_0.nom,
        b2_0.id_pays,
        b2_0.quartier,
        b2_0.telephone_local,
        v1_0.date_vente,
        v1_0.monnaie_rembourse,
        v1_0.montant_recu,
        v1_0.montant_total,
        v1_0.net_a_payer,
        v1_0.nom_client,
        v1_0.reference_caisse,
        v1_0.remise,
        u2_0.id_utilisateur,
        u2_0.adresse,
        u2_0.avatar,
        u2_0.boutique_id,
        u2_0.contact_utilisateur,
        u2_0.email,
        u2_0.mot_de_passe_utilisateur,
        u2_0.nom_utilisateur,
        u2_0.prenom_utilisateur,
        u2_0.psedeau_utilisateur,
        u2_0.reset_token,
        u2_0.reset_token_expire,
        u2_0.statut,
        u2_0.type_utilisateur 
    from
        ligne_vente lv1_0 
    left join
        tbl_product p1_0 
            on p1_0.id_produit=lv1_0.id_produit 
    left join
        unite u1_0 
            on u1_0.id_unite=p1_0.id_unite 
    left join
        vente v1_0 
            on v1_0.id_vente=lv1_0.id_vente 
    left join
        boutique b2_0 
            on b2_0.id_boutique=v1_0.id_boutique 
    left join
        utilisateur u2_0 
            on u2_0.id_utilisateur=v1_0.id_utilisateur 
    where
        lv1_0.id_ligne_vente=?
2026-01-15T17:31:52.055+01:00 DEBUG 118901 --- [smboutique-backend] [           main] org.hibernate.SQL                        : 
    select
        s1_0.id_stock,
        b1_0.id_boutique,
        b1_0.adresse,
        b1_0.indicatif,
        b1_0.logo,
        b1_0.nom,
        p1_0.id_pays,
        p1_0.code_iso,
        p1_0.devise_code,
        p1_0.devise_symbole,
        p1_0.drapeau,
        p1_0.indicatif,
        p1_0.nom,
        b1_0.quartier,
        b1_0.telephone_local,
        s1_0.cost_average,
        s1_0.last_purchase_price,
        m1_0.id_magasin,
        m1_0.adresse,
        b2_0.id_boutique,
        b2_0.adresse,
        b2_0.indicatif,
        b2_0.logo,
        b2_0.nom,
        b2_0.id_pays,
        b2_0.quartier,
        b2_0.telephone_local,
        m1_0.nom,
        m1_0.type_magasin,
        p3_0.id_produit,
        p3_0.alerte_stock,
        p3_0.caracteristique,
        p3_0.date_creation,
        p3_0.marge_detail,
        p3_0.marge_gros,
        p3_0.nom_produit,
        p3_0.nombre_unites_par_conditionnement,
        p3_0.prix_achat,
        p3_0.prix_detail,
        p3_0.prix_en_gros,
        p3_0.product_image,
        u1_0.id_unite,
        u1_0.id_boutique,
        u1_0.libelle,
        u1_0.symbole,
        p3_0.unite_conditionnement,
        s1_0.quantite_disponible 
    from
        stock s1_0 
    left join
        boutique b1_0 
            on b1_0.id_boutique=s1_0.id_boutique 
    left join
        pays p1_0 
            on p1_0.id_pays=b1_0.id_pays 
    left join
        magasin m1_0 
            on m1_0.id_magasin=s1_0.id_magasin 
    left join
        boutique b2_0 
            on b2_0.id_boutique=m1_0.id_boutique 
    left join
        tbl_product p3_0 
            on p3_0.id_produit=s1_0.id_produit 
    left join
        unite u1_0 
            on u1_0.id_unite=p3_0.id_unite 
    where
        s1_0.id_stock=?
Hibernate: 
    select
        s1_0.id_stock,
        b1_0.id_boutique,
        b1_0.adresse,
        b1_0.indicatif,
        b1_0.logo,
        b1_0.nom,
        p1_0.id_pays,
        p1_0.code_iso,
        p1_0.devise_code,
        p1_0.devise_symbole,
        p1_0.drapeau,
        p1_0.indicatif,
        p1_0.nom,
        b1_0.quartier,
        b1_0.telephone_local,
        s1_0.cost_average,
        s1_0.last_purchase_price,
        m1_0.id_magasin,
        m1_0.adresse,
        b2_0.id_boutique,
        b2_0.adresse,
        b2_0.indicatif,
        b2_0.logo,
        b2_0.nom,
        b2_0.id_pays,
        b2_0.quartier,
        b2_0.telephone_local,
        m1_0.nom,
        m1_0.type_magasin,
        p3_0.id_produit,
        p3_0.alerte_stock,
        p3_0.caracteristique,
        p3_0.date_creation,
        p3_0.marge_detail,
        p3_0.marge_gros,
        p3_0.nom_produit,
        p3_0.nombre_unites_par_conditionnement,
        p3_0.prix_achat,
        p3_0.prix_detail,
        p3_0.prix_en_gros,
        p3_0.product_image,
        u1_0.id_unite,
        u1_0.id_boutique,
        u1_0.libelle,
        u1_0.symbole,
        p3_0.unite_conditionnement,
        s1_0.quantite_disponible 
    from
        stock s1_0 
    left join
        boutique b1_0 
            on b1_0.id_boutique=s1_0.id_boutique 
    left join
        pays p1_0 
            on p1_0.id_pays=b1_0.id_pays 
    left join
        magasin m1_0 
            on m1_0.id_magasin=s1_0.id_magasin 
    left join
        boutique b2_0 
            on b2_0.id_boutique=m1_0.id_boutique 
    left join
        tbl_product p3_0 
            on p3_0.id_produit=s1_0.id_produit 
    left join
        unite u1_0 
            on u1_0.id_unite=p3_0.id_unite 
    where
        s1_0.id_stock=?
2026-01-15T17:31:52.058+01:00 DEBUG 118901 --- [smboutique-backend] [           main] org.hibernate.SQL                        : 
    select
        lv1_0.id_ligne_vente,
        lv1_0.new_price_vente,
        lv1_0.price_mode,
        p1_0.id_produit,
        p1_0.alerte_stock,
        p1_0.caracteristique,
        p1_0.date_creation,
        p1_0.marge_detail,
        p1_0.marge_gros,
        p1_0.nom_produit,
        p1_0.nombre_unites_par_conditionnement,
        p1_0.prix_achat,
        p1_0.prix_detail,
        p1_0.prix_en_gros,
        p1_0.product_image,
        u1_0.id_unite,
        u1_0.id_boutique,
        u1_0.libelle,
        u1_0.symbole,
        p1_0.unite_conditionnement,
        lv1_0.quantite,
        lv1_0.quantite_conditionnement,
        lv1_0.qte_livre,
        lv1_0.reste_unites_dans_carton_apres_vente,
        v1_0.id_vente,
        b2_0.id_boutique,
        b2_0.adresse,
        b2_0.indicatif,
        b2_0.logo,
        b2_0.nom,
        b2_0.id_pays,
        b2_0.quartier,
        b2_0.telephone_local,
        v1_0.date_vente,
        v1_0.monnaie_rembourse,
        v1_0.montant_recu,
        v1_0.montant_total,
        v1_0.net_a_payer,
        v1_0.nom_client,
        v1_0.reference_caisse,
        v1_0.remise,
        u2_0.id_utilisateur,
        u2_0.adresse,
        u2_0.avatar,
        u2_0.boutique_id,
        u2_0.contact_utilisateur,
        u2_0.email,
        u2_0.mot_de_passe_utilisateur,
        u2_0.nom_utilisateur,
        u2_0.prenom_utilisateur,
        u2_0.psedeau_utilisateur,
        u2_0.reset_token,
        u2_0.reset_token_expire,
        u2_0.statut,
        u2_0.type_utilisateur 
    from
        ligne_vente lv1_0 
    left join
        tbl_product p1_0 
            on p1_0.id_produit=lv1_0.id_produit 
    left join
        unite u1_0 
            on u1_0.id_unite=p1_0.id_unite 
    left join
        vente v1_0 
            on v1_0.id_vente=lv1_0.id_vente 
    left join
        boutique b2_0 
            on b2_0.id_boutique=v1_0.id_boutique 
    left join
        utilisateur u2_0 
            on u2_0.id_utilisateur=v1_0.id_utilisateur 
    where
        lv1_0.id_ligne_vente=?
Hibernate: 
    select
        lv1_0.id_ligne_vente,
        lv1_0.new_price_vente,
        lv1_0.price_mode,
        p1_0.id_produit,
        p1_0.alerte_stock,
        p1_0.caracteristique,
        p1_0.date_creation,
        p1_0.marge_detail,
        p1_0.marge_gros,
        p1_0.nom_produit,
        p1_0.nombre_unites_par_conditionnement,
        p1_0.prix_achat,
        p1_0.prix_detail,
        p1_0.prix_en_gros,
        p1_0.product_image,
        u1_0.id_unite,
        u1_0.id_boutique,
        u1_0.libelle,
        u1_0.symbole,
        p1_0.unite_conditionnement,
        lv1_0.quantite,
        lv1_0.quantite_conditionnement,
        lv1_0.qte_livre,
        lv1_0.reste_unites_dans_carton_apres_vente,
        v1_0.id_vente,
        b2_0.id_boutique,
        b2_0.adresse,
        b2_0.indicatif,
        b2_0.logo,
        b2_0.nom,
        b2_0.id_pays,
        b2_0.quartier,
        b2_0.telephone_local,
        v1_0.date_vente,
        v1_0.monnaie_rembourse,
        v1_0.montant_recu,
        v1_0.montant_total,
        v1_0.net_a_payer,
        v1_0.nom_client,
        v1_0.reference_caisse,
        v1_0.remise,
        u2_0.id_utilisateur,
        u2_0.adresse,
        u2_0.avatar,
        u2_0.boutique_id,
        u2_0.contact_utilisateur,
        u2_0.email,
        u2_0.mot_de_passe_utilisateur,
        u2_0.nom_utilisateur,
        u2_0.prenom_utilisateur,
        u2_0.psedeau_utilisateur,
        u2_0.reset_token,
        u2_0.reset_token_expire,
        u2_0.statut,
        u2_0.type_utilisateur 
    from
        ligne_vente lv1_0 
    left join
        tbl_product p1_0 
            on p1_0.id_produit=lv1_0.id_produit 
    left join
        unite u1_0 
            on u1_0.id_unite=p1_0.id_unite 
    left join
        vente v1_0 
            on v1_0.id_vente=lv1_0.id_vente 
    left join
        boutique b2_0 
            on b2_0.id_boutique=v1_0.id_boutique 
    left join
        utilisateur u2_0 
            on u2_0.id_utilisateur=v1_0.id_utilisateur 
    where
        lv1_0.id_ligne_vente=?
2026-01-15T17:31:52.060+01:00 DEBUG 118901 --- [smboutique-backend] [           main] org.hibernate.SQL                        : 
    select
        s1_0.id_stock,
        b1_0.id_boutique,
        b1_0.adresse,
        b1_0.indicatif,
        b1_0.logo,
        b1_0.nom,
        p1_0.id_pays,
        p1_0.code_iso,
        p1_0.devise_code,
        p1_0.devise_symbole,
        p1_0.drapeau,
        p1_0.indicatif,
        p1_0.nom,
        b1_0.quartier,
        b1_0.telephone_local,
        s1_0.cost_average,
        s1_0.last_purchase_price,
        m1_0.id_magasin,
        m1_0.adresse,
        b2_0.id_boutique,
        b2_0.adresse,
        b2_0.indicatif,
        b2_0.logo,
        b2_0.nom,
        b2_0.id_pays,
        b2_0.quartier,
        b2_0.telephone_local,
        m1_0.nom,
        m1_0.type_magasin,
        p3_0.id_produit,
        p3_0.alerte_stock,
        p3_0.caracteristique,
        p3_0.date_creation,
        p3_0.marge_detail,
        p3_0.marge_gros,
        p3_0.nom_produit,
        p3_0.nombre_unites_par_conditionnement,
        p3_0.prix_achat,
        p3_0.prix_detail,
        p3_0.prix_en_gros,
        p3_0.product_image,
        u1_0.id_unite,
        u1_0.id_boutique,
        u1_0.libelle,
        u1_0.symbole,
        p3_0.unite_conditionnement,
        s1_0.quantite_disponible 
    from
        stock s1_0 
    left join
        boutique b1_0 
            on b1_0.id_boutique=s1_0.id_boutique 
    left join
        pays p1_0 
            on p1_0.id_pays=b1_0.id_pays 
    left join
        magasin m1_0 
            on m1_0.id_magasin=s1_0.id_magasin 
    left join
        boutique b2_0 
            on b2_0.id_boutique=m1_0.id_boutique 
    left join
        tbl_product p3_0 
            on p3_0.id_produit=s1_0.id_produit 
    left join
        unite u1_0 
            on u1_0.id_unite=p3_0.id_unite 
    where
        s1_0.id_stock=?
Hibernate: 
    select
        s1_0.id_stock,
        b1_0.id_boutique,
        b1_0.adresse,
        b1_0.indicatif,
        b1_0.logo,
        b1_0.nom,
        p1_0.id_pays,
        p1_0.code_iso,
        p1_0.devise_code,
        p1_0.devise_symbole,
        p1_0.drapeau,
        p1_0.indicatif,
        p1_0.nom,
        b1_0.quartier,
        b1_0.telephone_local,
        s1_0.cost_average,
        s1_0.last_purchase_price,
        m1_0.id_magasin,
        m1_0.adresse,
        b2_0.id_boutique,
        b2_0.adresse,
        b2_0.indicatif,
        b2_0.logo,
        b2_0.nom,
        b2_0.id_pays,
        b2_0.quartier,
        b2_0.telephone_local,
        m1_0.nom,
        m1_0.type_magasin,
        p3_0.id_produit,
        p3_0.alerte_stock,
        p3_0.caracteristique,
        p3_0.date_creation,
        p3_0.marge_detail,
        p3_0.marge_gros,
        p3_0.nom_produit,
        p3_0.nombre_unites_par_conditionnement,
        p3_0.prix_achat,
        p3_0.prix_detail,
        p3_0.prix_en_gros,
        p3_0.product_image,
        u1_0.id_unite,
        u1_0.id_boutique,
        u1_0.libelle,
        u1_0.symbole,
        p3_0.unite_conditionnement,
        s1_0.quantite_disponible 
    from
        stock s1_0 
    left join
        boutique b1_0 
            on b1_0.id_boutique=s1_0.id_boutique 
    left join
        pays p1_0 
            on p1_0.id_pays=b1_0.id_pays 
    left join
        magasin m1_0 
            on m1_0.id_magasin=s1_0.id_magasin 
    left join
        boutique b2_0 
            on b2_0.id_boutique=m1_0.id_boutique 
    left join
        tbl_product p3_0 
            on p3_0.id_produit=s1_0.id_produit 
    left join
        unite u1_0 
            on u1_0.id_unite=p3_0.id_unite 
    where
        s1_0.id_stock=?
2026-01-15T17:31:52.063+01:00 DEBUG 118901 --- [smboutique-backend] [           main] org.hibernate.SQL                        : 
    select
        lv1_0.id_ligne_vente,
        lv1_0.new_price_vente,
        lv1_0.price_mode,
        p1_0.id_produit,
        p1_0.alerte_stock,
        p1_0.caracteristique,
        p1_0.date_creation,
        p1_0.marge_detail,
        p1_0.marge_gros,
        p1_0.nom_produit,
        p1_0.nombre_unites_par_conditionnement,
        p1_0.prix_achat,
        p1_0.prix_detail,
        p1_0.prix_en_gros,
        p1_0.product_image,
        u1_0.id_unite,
        u1_0.id_boutique,
        u1_0.libelle,
        u1_0.symbole,
        p1_0.unite_conditionnement,
        lv1_0.quantite,
        lv1_0.quantite_conditionnement,
        lv1_0.qte_livre,
        lv1_0.reste_unites_dans_carton_apres_vente,
        v1_0.id_vente,
        b2_0.id_boutique,
        b2_0.adresse,
        b2_0.indicatif,
        b2_0.logo,
        b2_0.nom,
        b2_0.id_pays,
        b2_0.quartier,
        b2_0.telephone_local,
        v1_0.date_vente,
        v1_0.monnaie_rembourse,
        v1_0.montant_recu,
        v1_0.montant_total,
        v1_0.net_a_payer,
        v1_0.nom_client,
        v1_0.reference_caisse,
        v1_0.remise,
        u2_0.id_utilisateur,
        u2_0.adresse,
        u2_0.avatar,
        u2_0.boutique_id,
        u2_0.contact_utilisateur,
        u2_0.email,
        u2_0.mot_de_passe_utilisateur,
        u2_0.nom_utilisateur,
        u2_0.prenom_utilisateur,
        u2_0.psedeau_utilisateur,
        u2_0.reset_token,
        u2_0.reset_token_expire,
        u2_0.statut,
        u2_0.type_utilisateur 
    from
        ligne_vente lv1_0 
    left join
        tbl_product p1_0 
            on p1_0.id_produit=lv1_0.id_produit 
    left join
        unite u1_0 
            on u1_0.id_unite=p1_0.id_unite 
    left join
        vente v1_0 
            on v1_0.id_vente=lv1_0.id_vente 
    left join
        boutique b2_0 
            on b2_0.id_boutique=v1_0.id_boutique 
    left join
        utilisateur u2_0 
            on u2_0.id_utilisateur=v1_0.id_utilisateur 
    where
        lv1_0.id_ligne_vente=?
Hibernate: 
    select
        lv1_0.id_ligne_vente,
        lv1_0.new_price_vente,
        lv1_0.price_mode,
        p1_0.id_produit,
        p1_0.alerte_stock,
        p1_0.caracteristique,
        p1_0.date_creation,
        p1_0.marge_detail,
        p1_0.marge_gros,
        p1_0.nom_produit,
        p1_0.nombre_unites_par_conditionnement,
        p1_0.prix_achat,
        p1_0.prix_detail,
        p1_0.prix_en_gros,
        p1_0.product_image,
        u1_0.id_unite,
        u1_0.id_boutique,
        u1_0.libelle,
        u1_0.symbole,
        p1_0.unite_conditionnement,
        lv1_0.quantite,
        lv1_0.quantite_conditionnement,
        lv1_0.qte_livre,
        lv1_0.reste_unites_dans_carton_apres_vente,
        v1_0.id_vente,
        b2_0.id_boutique,
        b2_0.adresse,
        b2_0.indicatif,
        b2_0.logo,
        b2_0.nom,
        b2_0.id_pays,
        b2_0.quartier,
        b2_0.telephone_local,
        v1_0.date_vente,
        v1_0.monnaie_rembourse,
        v1_0.montant_recu,
        v1_0.montant_total,
        v1_0.net_a_payer,
        v1_0.nom_client,
        v1_0.reference_caisse,
        v1_0.remise,
        u2_0.id_utilisateur,
        u2_0.adresse,
        u2_0.avatar,
        u2_0.boutique_id,
        u2_0.contact_utilisateur,
        u2_0.email,
        u2_0.mot_de_passe_utilisateur,
        u2_0.nom_utilisateur,
        u2_0.prenom_utilisateur,
        u2_0.psedeau_utilisateur,
        u2_0.reset_token,
        u2_0.reset_token_expire,
        u2_0.statut,
        u2_0.type_utilisateur 
    from
        ligne_vente lv1_0 
    left join
        tbl_product p1_0 
            on p1_0.id_produit=lv1_0.id_produit 
    left join
        unite u1_0 
            on u1_0.id_unite=p1_0.id_unite 
    left join
        vente v1_0 
            on v1_0.id_vente=lv1_0.id_vente 
    left join
        boutique b2_0 
            on b2_0.id_boutique=v1_0.id_boutique 
    left join
        utilisateur u2_0 
            on u2_0.id_utilisateur=v1_0.id_utilisateur 
    where
        lv1_0.id_ligne_vente=?
2026-01-15T17:31:52.065+01:00 DEBUG 118901 --- [smboutique-backend] [           main] org.hibernate.SQL                        : 
    select
        s1_0.id_stock,
        b1_0.id_boutique,
        b1_0.adresse,
        b1_0.indicatif,
        b1_0.logo,
        b1_0.nom,
        p1_0.id_pays,
        p1_0.code_iso,
        p1_0.devise_code,
        p1_0.devise_symbole,
        p1_0.drapeau,
        p1_0.indicatif,
        p1_0.nom,
        b1_0.quartier,
        b1_0.telephone_local,
        s1_0.cost_average,
        s1_0.last_purchase_price,
        m1_0.id_magasin,
        m1_0.adresse,
        b2_0.id_boutique,
        b2_0.adresse,
        b2_0.indicatif,
        b2_0.logo,
        b2_0.nom,
        b2_0.id_pays,
        b2_0.quartier,
        b2_0.telephone_local,
        m1_0.nom,
        m1_0.type_magasin,
        p3_0.id_produit,
        p3_0.alerte_stock,
        p3_0.caracteristique,
        p3_0.date_creation,
        p3_0.marge_detail,
        p3_0.marge_gros,
        p3_0.nom_produit,
        p3_0.nombre_unites_par_conditionnement,
        p3_0.prix_achat,
        p3_0.prix_detail,
        p3_0.prix_en_gros,
        p3_0.product_image,
        u1_0.id_unite,
        u1_0.id_boutique,
        u1_0.libelle,
        u1_0.symbole,
        p3_0.unite_conditionnement,
        s1_0.quantite_disponible 
    from
        stock s1_0 
    left join
        boutique b1_0 
            on b1_0.id_boutique=s1_0.id_boutique 
    left join
        pays p1_0 
            on p1_0.id_pays=b1_0.id_pays 
    left join
        magasin m1_0 
            on m1_0.id_magasin=s1_0.id_magasin 
    left join
        boutique b2_0 
            on b2_0.id_boutique=m1_0.id_boutique 
    left join
        tbl_product p3_0 
            on p3_0.id_produit=s1_0.id_produit 
    left join
        unite u1_0 
            on u1_0.id_unite=p3_0.id_unite 
    where
        s1_0.id_stock=?
Hibernate: 
    select
        s1_0.id_stock,
        b1_0.id_boutique,
        b1_0.adresse,
        b1_0.indicatif,
        b1_0.logo,
        b1_0.nom,
        p1_0.id_pays,
        p1_0.code_iso,
        p1_0.devise_code,
        p1_0.devise_symbole,
        p1_0.drapeau,
        p1_0.indicatif,
        p1_0.nom,
        b1_0.quartier,
        b1_0.telephone_local,
        s1_0.cost_average,
        s1_0.last_purchase_price,
        m1_0.id_magasin,
        m1_0.adresse,
        b2_0.id_boutique,
        b2_0.adresse,
        b2_0.indicatif,
        b2_0.logo,
        b2_0.nom,
        b2_0.id_pays,
        b2_0.quartier,
        b2_0.telephone_local,
        m1_0.nom,
        m1_0.type_magasin,
        p3_0.id_produit,
        p3_0.alerte_stock,
        p3_0.caracteristique,
        p3_0.date_creation,
        p3_0.marge_detail,
        p3_0.marge_gros,
        p3_0.nom_produit,
        p3_0.nombre_unites_par_conditionnement,
        p3_0.prix_achat,
        p3_0.prix_detail,
        p3_0.prix_en_gros,
        p3_0.product_image,
        u1_0.id_unite,
        u1_0.id_boutique,
        u1_0.libelle,
        u1_0.symbole,
        p3_0.unite_conditionnement,
        s1_0.quantite_disponible 
    from
        stock s1_0 
    left join
        boutique b1_0 
            on b1_0.id_boutique=s1_0.id_boutique 
    left join
        pays p1_0 
            on p1_0.id_pays=b1_0.id_pays 
    left join
        magasin m1_0 
            on m1_0.id_magasin=s1_0.id_magasin 
    left join
        boutique b2_0 
            on b2_0.id_boutique=m1_0.id_boutique 
    left join
        tbl_product p3_0 
            on p3_0.id_produit=s1_0.id_produit 
    left join
        unite u1_0 
            on u1_0.id_unite=p3_0.id_unite 
    where
        s1_0.id_stock=?
2026-01-15T17:31:52.068+01:00 DEBUG 118901 --- [smboutique-backend] [           main] org.hibernate.SQL                        : 
    select
        lv1_0.id_ligne_vente,
        lv1_0.new_price_vente,
        lv1_0.price_mode,
        p1_0.id_produit,
        p1_0.alerte_stock,
        p1_0.caracteristique,
        p1_0.date_creation,
        p1_0.marge_detail,
        p1_0.marge_gros,
        p1_0.nom_produit,
        p1_0.nombre_unites_par_conditionnement,
        p1_0.prix_achat,
        p1_0.prix_detail,
        p1_0.prix_en_gros,
        p1_0.product_image,
        u1_0.id_unite,
        u1_0.id_boutique,
        u1_0.libelle,
        u1_0.symbole,
        p1_0.unite_conditionnement,
        lv1_0.quantite,
        lv1_0.quantite_conditionnement,
        lv1_0.qte_livre,
        lv1_0.reste_unites_dans_carton_apres_vente,
        v1_0.id_vente,
        b2_0.id_boutique,
        b2_0.adresse,
        b2_0.indicatif,
        b2_0.logo,
        b2_0.nom,
        b2_0.id_pays,
        b2_0.quartier,
        b2_0.telephone_local,
        v1_0.date_vente,
        v1_0.monnaie_rembourse,
        v1_0.montant_recu,
        v1_0.montant_total,
        v1_0.net_a_payer,
        v1_0.nom_client,
        v1_0.reference_caisse,
        v1_0.remise,
        u2_0.id_utilisateur,
        u2_0.adresse,
        u2_0.avatar,
        u2_0.boutique_id,
        u2_0.contact_utilisateur,
        u2_0.email,
        u2_0.mot_de_passe_utilisateur,
        u2_0.nom_utilisateur,
        u2_0.prenom_utilisateur,
        u2_0.psedeau_utilisateur,
        u2_0.reset_token,
        u2_0.reset_token_expire,
        u2_0.statut,
        u2_0.type_utilisateur 
    from
        ligne_vente lv1_0 
    left join
        tbl_product p1_0 
            on p1_0.id_produit=lv1_0.id_produit 
    left join
        unite u1_0 
            on u1_0.id_unite=p1_0.id_unite 
    left join
        vente v1_0 
            on v1_0.id_vente=lv1_0.id_vente 
    left join
        boutique b2_0 
            on b2_0.id_boutique=v1_0.id_boutique 
    left join
        utilisateur u2_0 
            on u2_0.id_utilisateur=v1_0.id_utilisateur 
    where
        lv1_0.id_ligne_vente=?
Hibernate: 
    select
        lv1_0.id_ligne_vente,
        lv1_0.new_price_vente,
        lv1_0.price_mode,
        p1_0.id_produit,
        p1_0.alerte_stock,
        p1_0.caracteristique,
        p1_0.date_creation,
        p1_0.marge_detail,
        p1_0.marge_gros,
        p1_0.nom_produit,
        p1_0.nombre_unites_par_conditionnement,
        p1_0.prix_achat,
        p1_0.prix_detail,
        p1_0.prix_en_gros,
        p1_0.product_image,
        u1_0.id_unite,
        u1_0.id_boutique,
        u1_0.libelle,
        u1_0.symbole,
        p1_0.unite_conditionnement,
        lv1_0.quantite,
        lv1_0.quantite_conditionnement,
        lv1_0.qte_livre,
        lv1_0.reste_unites_dans_carton_apres_vente,
        v1_0.id_vente,
        b2_0.id_boutique,
        b2_0.adresse,
        b2_0.indicatif,
        b2_0.logo,
        b2_0.nom,
        b2_0.id_pays,
        b2_0.quartier,
        b2_0.telephone_local,
        v1_0.date_vente,
        v1_0.monnaie_rembourse,
        v1_0.montant_recu,
        v1_0.montant_total,
        v1_0.net_a_payer,
        v1_0.nom_client,
        v1_0.reference_caisse,
        v1_0.remise,
        u2_0.id_utilisateur,
        u2_0.adresse,
        u2_0.avatar,
        u2_0.boutique_id,
        u2_0.contact_utilisateur,
        u2_0.email,
        u2_0.mot_de_passe_utilisateur,
        u2_0.nom_utilisateur,
        u2_0.prenom_utilisateur,
        u2_0.psedeau_utilisateur,
        u2_0.reset_token,
        u2_0.reset_token_expire,
        u2_0.statut,
        u2_0.type_utilisateur 
    from
        ligne_vente lv1_0 
    left join
        tbl_product p1_0 
            on p1_0.id_produit=lv1_0.id_produit 
    left join
        unite u1_0 
            on u1_0.id_unite=p1_0.id_unite 
    left join
        vente v1_0 
            on v1_0.id_vente=lv1_0.id_vente 
    left join
        boutique b2_0 
            on b2_0.id_boutique=v1_0.id_boutique 
    left join
        utilisateur u2_0 
            on u2_0.id_utilisateur=v1_0.id_utilisateur 
    where
        lv1_0.id_ligne_vente=?
2026-01-15T17:31:52.071+01:00 DEBUG 118901 --- [smboutique-backend] [           main] org.hibernate.SQL                        : 
    select
        s1_0.id_stock,
        b1_0.id_boutique,
        b1_0.adresse,
        b1_0.indicatif,
        b1_0.logo,
        b1_0.nom,
        p1_0.id_pays,
        p1_0.code_iso,
        p1_0.devise_code,
        p1_0.devise_symbole,
        p1_0.drapeau,
        p1_0.indicatif,
        p1_0.nom,
        b1_0.quartier,
        b1_0.telephone_local,
        s1_0.cost_average,
        s1_0.last_purchase_price,
        m1_0.id_magasin,
        m1_0.adresse,
        b2_0.id_boutique,
        b2_0.adresse,
        b2_0.indicatif,
        b2_0.logo,
        b2_0.nom,
        b2_0.id_pays,
        b2_0.quartier,
        b2_0.telephone_local,
[...]
2026-01-15T17:31:52.289+01:00 DEBUG 118901 --- [smboutique-backend] [           main] o.s.orm.jpa.JpaTransactionManager        : Found thread-bound EntityManager [SessionImpl(1904206218<open>)] for JPA transaction
2026-01-15T17:31:52.289+01:00 DEBUG 118901 --- [smboutique-backend] [           main] o.s.orm.jpa.JpaTransactionManager        : Participating in existing transaction
2026-01-15T17:31:52.289+01:00 DEBUG 118901 --- [smboutique-backend] [           main] org.hibernate.SQL                        : 
    insert 
    into
        utilisateur
        (adresse, avatar, boutique_id, contact_utilisateur, email, mot_de_passe_utilisateur, nom_utilisateur, prenom_utilisateur, psedeau_utilisateur, reset_token, reset_token_expire, statut, type_utilisateur) 
    values
        (?, ?, ?, ?, ?, ?, ?, ?, ?, ?, ?, ?, ?)
Hibernate: 
    insert 
    into
        utilisateur
        (adresse, avatar, boutique_id, contact_utilisateur, email, mot_de_passe_utilisateur, nom_utilisateur, prenom_utilisateur, psedeau_utilisateur, reset_token, reset_token_expire, statut, type_utilisateur) 
    values
        (?, ?, ?, ?, ?, ?, ?, ?, ?, ?, ?, ?, ?)
2026-01-15T17:31:52.291+01:00 DEBUG 118901 --- [smboutique-backend] [           main] o.s.orm.jpa.JpaTransactionManager        : Found thread-bound EntityManager [SessionImpl(1904206218<open>)] for JPA transaction
2026-01-15T17:31:52.291+01:00 DEBUG 118901 --- [smboutique-backend] [           main] o.s.orm.jpa.JpaTransactionManager        : Participating in existing transaction
2026-01-15T17:31:52.291+01:00 DEBUG 118901 --- [smboutique-backend] [           main] org.hibernate.SQL                        : 
    insert 
    into
        boutique
        (adresse, indicatif, logo, nom, id_pays, quartier, telephone_local) 
    values
        (?, ?, ?, ?, ?, ?, ?)
Hibernate: 
    insert 
    into
        boutique
        (adresse, indicatif, logo, nom, id_pays, quartier, telephone_local) 
    values
        (?, ?, ?, ?, ?, ?, ?)
2026-01-15T17:31:52.293+01:00 DEBUG 118901 --- [smboutique-backend] [           main] o.s.orm.jpa.JpaTransactionManager        : Found thread-bound EntityManager [SessionImpl(1904206218<open>)] for JPA transaction
2026-01-15T17:31:52.293+01:00 DEBUG 118901 --- [smboutique-backend] [           main] o.s.orm.jpa.JpaTransactionManager        : Participating in existing transaction
2026-01-15T17:31:52.293+01:00 DEBUG 118901 --- [smboutique-backend] [           main] o.s.orm.jpa.JpaTransactionManager        : Found thread-bound EntityManager [SessionImpl(1904206218<open>)] for JPA transaction
2026-01-15T17:31:52.293+01:00 DEBUG 118901 --- [smboutique-backend] [           main] o.s.orm.jpa.JpaTransactionManager        : Participating in existing transaction
2026-01-15T17:31:52.294+01:00 DEBUG 118901 --- [smboutique-backend] [           main] org.hibernate.SQL                        : 
    insert 
    into
        tbl_product
        (alerte_stock, caracteristique, date_creation, marge_detail, marge_gros, nom_produit, nombre_unites_par_conditionnement, prix_achat, prix_detail, prix_en_gros, product_image, id_unite, unite_conditionnement) 
    values
        (?, ?, ?, ?, ?, ?, ?, ?, ?, ?, ?, ?, ?)
Hibernate: 
    insert 
    into
        tbl_product
        (alerte_stock, caracteristique, date_creation, marge_detail, marge_gros, nom_produit, nombre_unites_par_conditionnement, prix_achat, prix_detail, prix_en_gros, product_image, id_unite, unite_conditionnement) 
    values
        (?, ?, ?, ?, ?, ?, ?, ?, ?, ?, ?, ?, ?)
2026-01-15T17:31:52.296+01:00 DEBUG 118901 --- [smboutique-backend] [           main] o.s.orm.jpa.JpaTransactionManager        : Found thread-bound EntityManager [SessionImpl(1904206218<open>)] for JPA transaction
2026-01-15T17:31:52.296+01:00 DEBUG 118901 --- [smboutique-backend] [           main] o.s.orm.jpa.JpaTransactionManager        : Participating in existing transaction
2026-01-15T17:31:52.296+01:00 DEBUG 118901 --- [smboutique-backend] [           main] org.hibernate.SQL                        : 
    insert 
    into
        stock
        (id_boutique, cost_average, last_purchase_price, id_magasin, id_produit, quantite_disponible) 
    values
        (?, ?, ?, ?, ?, ?)
Hibernate: 
    insert 
    into
        stock
        (id_boutique, cost_average, last_purchase_price, id_magasin, id_produit, quantite_disponible) 
    values
        (?, ?, ?, ?, ?, ?)
2026-01-15T17:31:52.298+01:00  WARN 118901 --- [smboutique-backend] [           main] org.hibernate.orm.deprecation            : HHH90000021: Encountered deprecated setting [javax.persistence.query.timeout], use [jakarta.persistence.query.timeout] instead
2026-01-15T17:31:52.299+01:00 DEBUG 118901 --- [smboutique-backend] [           main] org.hibernate.SQL                        : 
    select
        p1_0.id_permission,
        p1_0.description,
        p1_0.name 
    from
        permission p1_0 
    where
        p1_0.name=?
Hibernate: 
    select
        p1_0.id_permission,
        p1_0.description,
        p1_0.name 
    from
        permission p1_0 
    where
        p1_0.name=?
2026-01-15T17:31:52.303+01:00  WARN 118901 --- [smboutique-backend] [           main] org.hibernate.orm.deprecation            : HHH90000021: Encountered deprecated setting [javax.persistence.query.timeout], use [jakarta.persistence.query.timeout] instead
2026-01-15T17:31:52.305+01:00 DEBUG 118901 --- [smboutique-backend] [           main] org.hibernate.SQL                        : 
    select
        p1_0.id_permission,
        p1_0.description,
        p1_0.name 
    from
        permission p1_0 
    where
        p1_0.name=?
Hibernate: 
    select
        p1_0.id_permission,
        p1_0.description,
        p1_0.name 
    from
        permission p1_0 
    where
        p1_0.name=?
2026-01-15T17:31:52.306+01:00  WARN 118901 --- [smboutique-backend] [           main] org.hibernate.orm.deprecation            : HHH90000021: Encountered deprecated setting [javax.persistence.query.timeout], use [jakarta.persistence.query.timeout] instead
2026-01-15T17:31:52.308+01:00 DEBUG 118901 --- [smboutique-backend] [           main] org.hibernate.SQL                        : 
    select
        p1_0.id_permission,
        p1_0.description,
        p1_0.name 
    from
        permission p1_0 
    where
        p1_0.name=?
Hibernate: 
    select
        p1_0.id_permission,
        p1_0.description,
        p1_0.name 
    from
        permission p1_0 
    where
        p1_0.name=?
2026-01-15T17:31:52.309+01:00 DEBUG 118901 --- [smboutique-backend] [           main] o.s.orm.jpa.JpaTransactionManager        : Found thread-bound EntityManager [SessionImpl(1904206218<open>)] for JPA transaction
2026-01-15T17:31:52.309+01:00 DEBUG 118901 --- [smboutique-backend] [           main] o.s.orm.jpa.JpaTransactionManager        : Participating in existing transaction
2026-01-15T17:31:52.310+01:00 DEBUG 118901 --- [smboutique-backend] [           main] o.s.orm.jpa.JpaTransactionManager        : Found thread-bound EntityManager [SessionImpl(1904206218<open>)] for JPA transaction
2026-01-15T17:31:52.310+01:00 DEBUG 118901 --- [smboutique-backend] [           main] o.s.orm.jpa.JpaTransactionManager        : Participating in existing transaction
2026-01-15T17:31:52.311+01:00 DEBUG 118901 --- [smboutique-backend] [           main] org.hibernate.SQL                        : 
    insert 
    into
        inventaire
        (id_boutique, date_inventaire, reference_inventaire, regulariser, id_utilisateur) 
    values
        (?, ?, ?, ?, ?)
Hibernate: 
    insert 
    into
        inventaire
        (id_boutique, date_inventaire, reference_inventaire, regulariser, id_utilisateur) 
    values
        (?, ?, ?, ?, ?)
2026-01-15T17:31:52.316+01:00 DEBUG 118901 --- [smboutique-backend] [           main] o.s.security.web.FilterChainProxy        : Securing POST /api/inventaires/8/lignes
2026-01-15T17:31:52.317+01:00  INFO 118901 --- [smboutique-backend] [           main] c.s.api.security.AuthTokenFilter         : Incoming request: POST /api/inventaires/8/lignes - Authorization present? false - startsWithBearer? false
2026-01-15T17:31:52.317+01:00 DEBUG 118901 --- [smboutique-backend] [           main] c.s.api.security.AuthTokenFilter         : Authorization header missing or not a Bearer token for request POST /api/inventaires/8/lignes
2026-01-15T17:31:52.317+01:00 DEBUG 118901 --- [smboutique-backend] [           main] o.s.security.web.FilterChainProxy        : Secured POST /api/inventaires/8/lignes
2026-01-15T17:31:52.317+01:00  INFO 118901 --- [smboutique-backend] [           main] c.s.api.security.AuthTokenFilter         : Incoming request: POST /api/inventaires/8/lignes - Authorization present? false - startsWithBearer? false
2026-01-15T17:31:52.317+01:00 DEBUG 118901 --- [smboutique-backend] [           main] c.s.api.security.AuthTokenFilter         : Authorization header missing or not a Bearer token for request POST /api/inventaires/8/lignes
2026-01-15T17:31:52.320+01:00 DEBUG 118901 --- [smboutique-backend] [           main] o.s.orm.jpa.JpaTransactionManager        : Found thread-bound EntityManager [SessionImpl(1904206218<open>)] for JPA transaction
2026-01-15T17:31:52.320+01:00 DEBUG 118901 --- [smboutique-backend] [           main] o.s.orm.jpa.JpaTransactionManager        : Participating in existing transaction
2026-01-15T17:31:52.321+01:00  WARN 118901 --- [smboutique-backend] [           main] org.hibernate.orm.deprecation            : HHH90000021: Encountered deprecated setting [javax.persistence.query.timeout], use [jakarta.persistence.query.timeout] instead
2026-01-15T17:31:52.325+01:00 DEBUG 118901 --- [smboutique-backend] [           main] org.hibernate.SQL                        : 
    update
        utilisateur 
    set
        adresse=?,
        avatar=?,
        boutique_id=?,
        contact_utilisateur=?,
        email=?,
        mot_de_passe_utilisateur=?,
        nom_utilisateur=?,
        prenom_utilisateur=?,
        psedeau_utilisateur=?,
        reset_token=?,
        reset_token_expire=?,
        statut=?,
        type_utilisateur=? 
    where
        id_utilisateur=?
Hibernate: 
    update
        utilisateur 
    set
        adresse=?,
        avatar=?,
        boutique_id=?,
        contact_utilisateur=?,
        email=?,
        mot_de_passe_utilisateur=?,
        nom_utilisateur=?,
        prenom_utilisateur=?,
        psedeau_utilisateur=?,
        reset_token=?,
        reset_token_expire=?,
        statut=?,
        type_utilisateur=? 
    where
        id_utilisateur=?
2026-01-15T17:31:52.329+01:00 DEBUG 118901 --- [smboutique-backend] [           main] org.hibernate.SQL                        : 
    insert 
    into
        utilisateur_permissions
        (utilisateur_id, permission_id) 
    values
        (?, ?)
Hibernate: 
    insert 
    into
        utilisateur_permissions
        (utilisateur_id, permission_id) 
    values
        (?, ?)
2026-01-15T17:31:52.329+01:00 DEBUG 118901 --- [smboutique-backend] [           main] org.hibernate.SQL                        : 
    insert 
    into
        utilisateur_permissions
        (utilisateur_id, permission_id) 
    values
        (?, ?)
Hibernate: 
    insert 
    into
        utilisateur_permissions
        (utilisateur_id, permission_id) 
    values
        (?, ?)
2026-01-15T17:31:52.329+01:00 DEBUG 118901 --- [smboutique-backend] [           main] org.hibernate.SQL                        : 
    insert 
    into
        utilisateur_permissions
        (utilisateur_id, permission_id) 
    values
        (?, ?)
Hibernate: 
    insert 
    into
        utilisateur_permissions
        (utilisateur_id, permission_id) 
    values
        (?, ?)
2026-01-15T17:31:52.333+01:00 DEBUG 118901 --- [smboutique-backend] [           main] org.hibernate.SQL                        : 
    select
        u1_0.id_utilisateur,
        u1_0.adresse,
        u1_0.avatar,
        u1_0.boutique_id,
        u1_0.contact_utilisateur,
        u1_0.email,
        u1_0.mot_de_passe_utilisateur,
        u1_0.nom_utilisateur,
        u1_0.prenom_utilisateur,
        u1_0.psedeau_utilisateur,
        u1_0.reset_token,
        u1_0.reset_token_expire,
        u1_0.statut,
        u1_0.type_utilisateur 
    from
        utilisateur u1_0 
    where
        upper(u1_0.email)=upper(?)
Hibernate: 
    select
        u1_0.id_utilisateur,
        u1_0.adresse,
        u1_0.avatar,
        u1_0.boutique_id,
        u1_0.contact_utilisateur,
        u1_0.email,
        u1_0.mot_de_passe_utilisateur,
        u1_0.nom_utilisateur,
        u1_0.prenom_utilisateur,
        u1_0.psedeau_utilisateur,
        u1_0.reset_token,
        u1_0.reset_token_expire,
        u1_0.statut,
        u1_0.type_utilisateur 
    from
        utilisateur u1_0 
    where
        upper(u1_0.email)=upper(?)
2026-01-15T17:31:52.336+01:00 DEBUG 118901 --- [smboutique-backend] [           main] o.s.orm.jpa.JpaTransactionManager        : Found thread-bound EntityManager [SessionImpl(1904206218<open>)] for JPA transaction
2026-01-15T17:31:52.336+01:00 DEBUG 118901 --- [smboutique-backend] [           main] o.s.orm.jpa.JpaTransactionManager        : Participating in existing transaction
2026-01-15T17:31:52.337+01:00 DEBUG 118901 --- [smboutique-backend] [           main] o.s.orm.jpa.JpaTransactionManager        : Found thread-bound EntityManager [SessionImpl(1904206218<open>)] for JPA transaction
2026-01-15T17:31:52.337+01:00 DEBUG 118901 --- [smboutique-backend] [           main] o.s.orm.jpa.JpaTransactionManager        : Participating in existing transaction
2026-01-15T17:31:52.338+01:00  WARN 118901 --- [smboutique-backend] [           main] org.hibernate.orm.deprecation            : HHH90000021: Encountered deprecated setting [javax.persistence.query.timeout], use [jakarta.persistence.query.timeout] instead
2026-01-15T17:31:52.340+01:00 DEBUG 118901 --- [smboutique-backend] [           main] org.hibernate.SQL                        : 
    select
        li1_0.id_ligne_inventaire,
        li1_0.ecart_stock,
        li1_0.id_inventaire,
        li1_0.montant,
        li1_0.id_produit,
        li1_0.quantite_physique 
    from
        ligne_inventaire li1_0 
    left join
        inventaire i1_0 
            on i1_0.id_inventaire=li1_0.id_inventaire 
    left join
        tbl_product p1_0 
            on p1_0.id_produit=li1_0.id_produit 
    where
        i1_0.id_inventaire=? 
        and p1_0.id_produit=?
Hibernate: 
    select
        li1_0.id_ligne_inventaire,
        li1_0.ecart_stock,
        li1_0.id_inventaire,
        li1_0.montant,
        li1_0.id_produit,
        li1_0.quantite_physique 
    from
        ligne_inventaire li1_0 
    left join
        inventaire i1_0 
            on i1_0.id_inventaire=li1_0.id_inventaire 
    left join
        tbl_product p1_0 
            on p1_0.id_produit=li1_0.id_produit 
    where
        i1_0.id_inventaire=? 
        and p1_0.id_produit=?
2026-01-15T17:31:52.344+01:00  WARN 118901 --- [smboutique-backend] [           main] org.hibernate.orm.deprecation            : HHH90000021: Encountered deprecated setting [javax.persistence.query.timeout], use [jakarta.persistence.query.timeout] instead
2026-01-15T17:31:52.345+01:00 DEBUG 118901 --- [smboutique-backend] [           main] org.hibernate.SQL                        : 
    select
        s1_0.id_stock,
        s1_0.id_boutique,
        s1_0.cost_average,
        s1_0.last_purchase_price,
        m1_0.id_magasin,
        m1_0.adresse,
        m1_0.id_boutique,
        m1_0.nom,
        m1_0.type_magasin,
        p1_0.id_produit,
        p1_0.alerte_stock,
        p1_0.caracteristique,
        p1_0.date_creation,
        p1_0.marge_detail,
        p1_0.marge_gros,
        p1_0.nom_produit,
        p1_0.nombre_unites_par_conditionnement,
        p1_0.prix_achat,
        p1_0.prix_detail,
        p1_0.prix_en_gros,
        p1_0.product_image,
        p1_0.id_unite,
        p1_0.unite_conditionnement,
        s1_0.quantite_disponible 
    from
        stock s1_0 
    left join
        tbl_product p1_0 
            on p1_0.id_produit=s1_0.id_produit 
    left join
        magasin m1_0 
            on m1_0.id_magasin=s1_0.id_magasin 
    where
        (
            ? is null 
            or p1_0.id_produit=?
        ) 
        and s1_0.id_boutique=?
Hibernate: 
    select
        s1_0.id_stock,
        s1_0.id_boutique,
        s1_0.cost_average,
        s1_0.last_purchase_price,
        m1_0.id_magasin,
        m1_0.adresse,
        m1_0.id_boutique,
        m1_0.nom,
        m1_0.type_magasin,
        p1_0.id_produit,
        p1_0.alerte_stock,
        p1_0.caracteristique,
        p1_0.date_creation,
        p1_0.marge_detail,
        p1_0.marge_gros,
        p1_0.nom_produit,
        p1_0.nombre_unites_par_conditionnement,
        p1_0.prix_achat,
        p1_0.prix_detail,
        p1_0.prix_en_gros,
        p1_0.product_image,
        p1_0.id_unite,
        p1_0.unite_conditionnement,
        s1_0.quantite_disponible 
    from
        stock s1_0 
    left join
        tbl_product p1_0 
            on p1_0.id_produit=s1_0.id_produit 
    left join
        magasin m1_0 
            on m1_0.id_magasin=s1_0.id_magasin 
    where
        (
            ? is null 
            or p1_0.id_produit=?
        ) 
        and s1_0.id_boutique=?
2026-01-15T17:31:52.347+01:00 DEBUG 118901 --- [smboutique-backend] [           main] o.s.orm.jpa.JpaTransactionManager        : Found thread-bound EntityManager [SessionImpl(1904206218<open>)] for JPA transaction
2026-01-15T17:31:52.347+01:00 DEBUG 118901 --- [smboutique-backend] [           main] o.s.orm.jpa.JpaTransactionManager        : Participating in existing transaction
2026-01-15T17:31:52.348+01:00 DEBUG 118901 --- [smboutique-backend] [           main] org.hibernate.SQL                        : 
    insert 
    into
        ligne_inventaire
        (ecart_stock, id_inventaire, montant, id_produit, quantite_physique) 
    values
        (?, ?, ?, ?, ?)
Hibernate: 
    insert 
    into
        ligne_inventaire
        (ecart_stock, id_inventaire, montant, id_produit, quantite_physique) 
    values
        (?, ?, ?, ?, ?)
2026-01-15T17:31:52.356+01:00  WARN 118901 --- [smboutique-backend] [           main] org.hibernate.orm.deprecation            : HHH90000021: Encountered deprecated setting [javax.persistence.query.timeout], use [jakarta.persistence.query.timeout] instead
2026-01-15T17:31:52.358+01:00 DEBUG 118901 --- [smboutique-backend] [           main] org.hibernate.SQL                        : 
    select
        li1_0.id_ligne_inventaire,
        li1_0.ecart_stock,
        li1_0.id_inventaire,
        li1_0.montant,
        li1_0.id_produit,
        li1_0.quantite_physique 
    from
        ligne_inventaire li1_0 
    left join
        inventaire i1_0 
            on i1_0.id_inventaire=li1_0.id_inventaire 
    where
        i1_0.id_inventaire=?
Hibernate: 
    select
        li1_0.id_ligne_inventaire,
        li1_0.ecart_stock,
        li1_0.id_inventaire,
        li1_0.montant,
        li1_0.id_produit,
        li1_0.quantite_physique 
    from
        ligne_inventaire li1_0 
    left join
        inventaire i1_0 
            on i1_0.id_inventaire=li1_0.id_inventaire 
    where
        i1_0.id_inventaire=?
2026-01-15T17:31:52.363+01:00 DEBUG 118901 --- [smboutique-backend] [           main] o.s.orm.jpa.JpaTransactionManager        : Initiating transaction rollback
2026-01-15T17:31:52.363+01:00 DEBUG 118901 --- [smboutique-backend] [           main] o.s.orm.jpa.JpaTransactionManager        : Rolling back JPA transaction on EntityManager [SessionImpl(1904206218<open>)]
2026-01-15T17:31:52.369+01:00 DEBUG 118901 --- [smboutique-backend] [           main] o.s.orm.jpa.JpaTransactionManager        : Closing JPA EntityManager [SessionImpl(1904206218<open>)] after transaction
]]></system-out>
  </testcase>
</testsuite>