<?xml version="1.0" encoding="UTF-8"?>
<testsuite xmlns:xsi="http://www.w3.org/2001/XMLSchema-instance" xsi:noNamespaceSchemaLocation="https://maven.apache.org/surefire/maven-surefire-plugin/xsd/surefire-test-report.xsd" version="3.0.2" name="com.smboutique.api.controller.VenteCashControllerTest" time="17.391" tests="8" errors="0" skipped="0" failures="0">
  <properties>
[...]
</properties>
  <testcase name="createVenteCash_conditionnement_fractionnement_quantiteExceedsOpened_shouldFail" classname="com.smboutique.api.controller.VenteCashControllerTest" time="0.545">
    <system-out><![CDATA[Standard Commons Logging discovery in action with spring-jcl: please remove commons-logging.jar from classpath in order to avoid potential conflicts
19:03:32.727 [main] INFO org.springframework.test.context.support.AnnotationConfigContextLoaderUtils -- Could not detect default configuration classes for test class [com.smboutique.api.controller.VenteCashControllerTest]: VenteCashControllerTest does not declare any static, non-private, non-final, nested classes annotated with @Configuration.
19:03:33.019 [main] INFO org.springframework.boot.test.context.SpringBootTestContextBootstrapper -- Found @SpringBootConfiguration com.smboutique.api.ApiApplication for test class com.smboutique.api.controller.VenteCashControllerTest

  .   ____          _            __ _ _
 /\\ / ___'_ __ _ _(_)_ __  __ _ \ \ \ \
( ( )\___ | '_ | '_| | '_ \/ _` | \ \ \ \
 \\/  ___)| |_)| | | | | || (_| |  ) ) ) )
  '  |____| .__|_| |_|_| |_\__, | / / / /
 =========|_|==============|___/=/_/_/_/

 :: Spring Boot ::                (v3.5.0)

2026-01-07T19:03:33.876+01:00  INFO 289148 --- [smboutique-backend] [           main] c.s.a.c.VenteCashControllerTest          : Starting VenteCashControllerTest using Java 21.0.9 with PID 289148 (started by maitre in /home/maitre/SMBOUTIQUE_V2/backend)
2026-01-07T19:03:33.877+01:00 DEBUG 289148 --- [smboutique-backend] [           main] c.s.a.c.VenteCashControllerTest          : Running with Spring Boot v3.5.0, Spring v6.2.7
2026-01-07T19:03:33.879+01:00  INFO 289148 --- [smboutique-backend] [           main] c.s.a.c.VenteCashControllerTest          : No active profile set, falling back to 1 default profile: "default"
2026-01-07T19:03:35.009+01:00  INFO 289148 --- [smboutique-backend] [           main] o.s.b.f.s.DefaultListableBeanFactory     : Overriding bean definition for bean 'passwordEncoder' with a different definition: replacing [Root bean: class=null; scope=; abstract=false; lazyInit=null; autowireMode=3; dependencyCheck=0; autowireCandidate=true; primary=false; fallback=false; factoryBeanName=webSecurityConfig; factoryMethodName=passwordEncoder; initMethodNames=null; destroyMethodNames=[(inferred)]; defined in class path resource [com/smboutique/api/security/WebSecurityConfig.class]] with [Root bean: class=null; scope=; abstract=false; lazyInit=null; autowireMode=3; dependencyCheck=0; autowireCandidate=true; primary=false; fallback=false; factoryBeanName=apiApplication; factoryMethodName=passwordEncoder; initMethodNames=null; destroyMethodNames=[(inferred)]; defined in com.smboutique.api.ApiApplication]
2026-01-07T19:03:35.312+01:00  INFO 289148 --- [smboutique-backend] [           main] .s.d.r.c.RepositoryConfigurationDelegate : Bootstrapping Spring Data JPA repositories in DEFAULT mode.
2026-01-07T19:03:35.603+01:00  INFO 289148 --- [smboutique-backend] [           main] .s.d.r.c.RepositoryConfigurationDelegate : Finished Spring Data repository scanning in 277 ms. Found 33 JPA repository interfaces.
2026-01-07T19:03:36.995+01:00 DEBUG 289148 --- [smboutique-backend] [           main] j.LocalContainerEntityManagerFactoryBean : Building JPA container EntityManagerFactory for persistence unit 'default'
2026-01-07T19:03:37.040+01:00  INFO 289148 --- [smboutique-backend] [           main] o.hibernate.jpa.internal.util.LogHelper  : HHH000204: Processing PersistenceUnitInfo [name: default]
2026-01-07T19:03:37.158+01:00  INFO 289148 --- [smboutique-backend] [           main] org.hibernate.Version                    : HHH000412: Hibernate ORM core version 6.6.15.Final
2026-01-07T19:03:37.256+01:00  INFO 289148 --- [smboutique-backend] [           main] o.h.c.internal.RegionFactoryInitiator    : HHH000026: Second-level cache disabled
2026-01-07T19:03:37.593+01:00  INFO 289148 --- [smboutique-backend] [           main] o.s.o.j.p.SpringPersistenceUnitInfo      : No LoadTimeWeaver setup: ignoring JPA class transformer
2026-01-07T19:03:37.684+01:00  INFO 289148 --- [smboutique-backend] [           main] com.zaxxer.hikari.HikariDataSource       : HikariPool-1 - Starting...
2026-01-07T19:03:38.075+01:00  INFO 289148 --- [smboutique-backend] [           main] com.zaxxer.hikari.pool.HikariPool        : HikariPool-1 - Added connection com.mysql.cj.jdbc.ConnectionImpl@7e017f47
2026-01-07T19:03:38.078+01:00  INFO 289148 --- [smboutique-backend] [           main] com.zaxxer.hikari.HikariDataSource       : HikariPool-1 - Start completed.
2026-01-07T19:03:38.113+01:00  WARN 289148 --- [smboutique-backend] [           main] org.hibernate.orm.deprecation            : HHH90000025: MySQL8Dialect does not need to be specified explicitly using 'hibernate.dialect' (remove the property setting and it will be selected by default)
2026-01-07T19:03:38.115+01:00  WARN 289148 --- [smboutique-backend] [           main] org.hibernate.orm.deprecation            : HHH90000026: MySQL8Dialect has been deprecated; use org.hibernate.dialect.MySQLDialect instead
2026-01-07T19:03:38.142+01:00  INFO 289148 --- [smboutique-backend] [           main] org.hibernate.orm.connections.pooling    : HHH10001005: Database info:
	Database JDBC URL [Connecting through datasource 'HikariDataSource (HikariPool-1)']
	Database driver: undefined/unknown
	Database version: 8.0
	Autocommit mode: undefined/unknown
	Isolation level: undefined/unknown
	Minimum pool size: undefined/unknown
	Maximum pool size: undefined/unknown
2026-01-07T19:03:40.962+01:00  INFO 289148 --- [smboutique-backend] [           main] o.h.e.t.j.p.i.JtaPlatformInitiator       : HHH000489: No JTA platform available (set 'hibernate.transaction.jta.platform' to enable JTA platform integration)
2026-01-07T19:03:41.143+01:00 DEBUG 289148 --- [smboutique-backend] [           main] org.hibernate.SQL                        : 
    alter table depense 
       modify column status enum ('ANNULEE','EN_ATTENTE','REJETEE','VALIDEE')
Hibernate: 
    alter table depense 
       modify column status enum ('ANNULEE','EN_ATTENTE','REJETEE','VALIDEE')
2026-01-07T19:03:41.554+01:00  INFO 289148 --- [smboutique-backend] [           main] j.LocalContainerEntityManagerFactoryBean : Initialized JPA EntityManagerFactory for persistence unit 'default'
2026-01-07T19:03:41.722+01:00 DEBUG 289148 --- [smboutique-backend] [           main] tor$SharedEntityManagerInvocationHandler : Creating new EntityManager for shared EntityManager invocation
2026-01-07T19:03:41.811+01:00 DEBUG 289148 --- [smboutique-backend] [           main] tor$SharedEntityManagerInvocationHandler : Creating new EntityManager for shared EntityManager invocation
2026-01-07T19:03:41.941+01:00 DEBUG 289148 --- [smboutique-backend] [           main] tor$SharedEntityManagerInvocationHandler : Creating new EntityManager for shared EntityManager invocation
2026-01-07T19:03:42.005+01:00 DEBUG 289148 --- [smboutique-backend] [           main] tor$SharedEntityManagerInvocationHandler : Creating new EntityManager for shared EntityManager invocation
2026-01-07T19:03:42.088+01:00 DEBUG 289148 --- [smboutique-backend] [           main] tor$SharedEntityManagerInvocationHandler : Creating new EntityManager for shared EntityManager invocation
2026-01-07T19:03:42.089+01:00 DEBUG 289148 --- [smboutique-backend] [           main] tor$SharedEntityManagerInvocationHandler : Creating new EntityManager for shared EntityManager invocation
2026-01-07T19:03:42.093+01:00 DEBUG 289148 --- [smboutique-backend] [           main] tor$SharedEntityManagerInvocationHandler : Creating new EntityManager for shared EntityManager invocation
2026-01-07T19:03:42.116+01:00 DEBUG 289148 --- [smboutique-backend] [           main] tor$SharedEntityManagerInvocationHandler : Creating new EntityManager for shared EntityManager invocation
2026-01-07T19:03:42.117+01:00 DEBUG 289148 --- [smboutique-backend] [           main] tor$SharedEntityManagerInvocationHandler : Creating new EntityManager for shared EntityManager invocation
2026-01-07T19:03:42.123+01:00 DEBUG 289148 --- [smboutique-backend] [           main] tor$SharedEntityManagerInvocationHandler : Creating new EntityManager for shared EntityManager invocation
2026-01-07T19:03:42.133+01:00 DEBUG 289148 --- [smboutique-backend] [           main] tor$SharedEntityManagerInvocationHandler : Creating new EntityManager for shared EntityManager invocation
2026-01-07T19:03:42.136+01:00 DEBUG 289148 --- [smboutique-backend] [           main] tor$SharedEntityManagerInvocationHandler : Creating new EntityManager for shared EntityManager invocation
2026-01-07T19:03:42.150+01:00 DEBUG 289148 --- [smboutique-backend] [           main] tor$SharedEntityManagerInvocationHandler : Creating new EntityManager for shared EntityManager invocation
2026-01-07T19:03:42.168+01:00  INFO 289148 --- [smboutique-backend] [           main] o.s.d.j.r.query.QueryEnhancerFactory     : Hibernate is in classpath; If applicable, HQL parser will be used.
2026-01-07T19:03:42.912+01:00  WARN 289148 --- [smboutique-backend] [           main] org.hibernate.orm.deprecation            : HHH90000021: Encountered deprecated setting [javax.persistence.query.timeout], use [jakarta.persistence.query.timeout] instead
2026-01-07T19:03:42.926+01:00 DEBUG 289148 --- [smboutique-backend] [           main] tor$SharedEntityManagerInvocationHandler : Creating new EntityManager for shared EntityManager invocation
2026-01-07T19:03:42.927+01:00 DEBUG 289148 --- [smboutique-backend] [           main] tor$SharedEntityManagerInvocationHandler : Creating new EntityManager for shared EntityManager invocation
2026-01-07T19:03:42.943+01:00 DEBUG 289148 --- [smboutique-backend] [           main] tor$SharedEntityManagerInvocationHandler : Creating new EntityManager for shared EntityManager invocation
2026-01-07T19:03:42.972+01:00 DEBUG 289148 --- [smboutique-backend] [           main] tor$SharedEntityManagerInvocationHandler : Creating new EntityManager for shared EntityManager invocation
2026-01-07T19:03:42.976+01:00 DEBUG 289148 --- [smboutique-backend] [           main] tor$SharedEntityManagerInvocationHandler : Creating new EntityManager for shared EntityManager invocation
2026-01-07T19:03:42.993+01:00 DEBUG 289148 --- [smboutique-backend] [           main] tor$SharedEntityManagerInvocationHandler : Creating new EntityManager for shared EntityManager invocation
2026-01-07T19:03:42.994+01:00 DEBUG 289148 --- [smboutique-backend] [           main] tor$SharedEntityManagerInvocationHandler : Creating new EntityManager for shared EntityManager invocation
2026-01-07T19:03:42.997+01:00 DEBUG 289148 --- [smboutique-backend] [           main] tor$SharedEntityManagerInvocationHandler : Creating new EntityManager for shared EntityManager invocation
2026-01-07T19:03:43.013+01:00  WARN 289148 --- [smboutique-backend] [           main] org.hibernate.orm.deprecation            : HHH90000021: Encountered deprecated setting [javax.persistence.query.timeout], use [jakarta.persistence.query.timeout] instead
2026-01-07T19:03:43.036+01:00 DEBUG 289148 --- [smboutique-backend] [           main] tor$SharedEntityManagerInvocationHandler : Creating new EntityManager for shared EntityManager invocation
2026-01-07T19:03:43.038+01:00 DEBUG 289148 --- [smboutique-backend] [           main] tor$SharedEntityManagerInvocationHandler : Creating new EntityManager for shared EntityManager invocation
2026-01-07T19:03:43.043+01:00 DEBUG 289148 --- [smboutique-backend] [           main] tor$SharedEntityManagerInvocationHandler : Creating new EntityManager for shared EntityManager invocation
2026-01-07T19:03:43.412+01:00  WARN 289148 --- [smboutique-backend] [           main] org.hibernate.orm.deprecation            : HHH90000021: Encountered deprecated setting [javax.persistence.query.timeout], use [jakarta.persistence.query.timeout] instead
2026-01-07T19:03:43.414+01:00 DEBUG 289148 --- [smboutique-backend] [           main] tor$SharedEntityManagerInvocationHandler : Creating new EntityManager for shared EntityManager invocation
2026-01-07T19:03:43.418+01:00 DEBUG 289148 --- [smboutique-backend] [           main] tor$SharedEntityManagerInvocationHandler : Creating new EntityManager for shared EntityManager invocation
2026-01-07T19:03:43.421+01:00 DEBUG 289148 --- [smboutique-backend] [           main] tor$SharedEntityManagerInvocationHandler : Creating new EntityManager for shared EntityManager invocation
2026-01-07T19:03:43.438+01:00 DEBUG 289148 --- [smboutique-backend] [           main] tor$SharedEntityManagerInvocationHandler : Creating new EntityManager for shared EntityManager invocation
2026-01-07T19:03:43.439+01:00 DEBUG 289148 --- [smboutique-backend] [           main] tor$SharedEntityManagerInvocationHandler : Creating new EntityManager for shared EntityManager invocation
2026-01-07T19:03:43.442+01:00 DEBUG 289148 --- [smboutique-backend] [           main] tor$SharedEntityManagerInvocationHandler : Creating new EntityManager for shared EntityManager invocation
2026-01-07T19:03:43.445+01:00 DEBUG 289148 --- [smboutique-backend] [           main] tor$SharedEntityManagerInvocationHandler : Creating new EntityManager for shared EntityManager invocation
2026-01-07T19:03:43.447+01:00 DEBUG 289148 --- [smboutique-backend] [           main] tor$SharedEntityManagerInvocationHandler : Creating new EntityManager for shared EntityManager invocation
2026-01-07T19:03:43.466+01:00 DEBUG 289148 --- [smboutique-backend] [           main] tor$SharedEntityManagerInvocationHandler : Creating new EntityManager for shared EntityManager invocation
2026-01-07T19:03:43.477+01:00 DEBUG 289148 --- [smboutique-backend] [           main] tor$SharedEntityManagerInvocationHandler : Creating new EntityManager for shared EntityManager invocation
2026-01-07T19:03:43.481+01:00 DEBUG 289148 --- [smboutique-backend] [           main] tor$SharedEntityManagerInvocationHandler : Creating new EntityManager for shared EntityManager invocation
2026-01-07T19:03:43.619+01:00  INFO 289148 --- [smboutique-backend] [           main] eAuthenticationProviderManagerConfigurer : Global AuthenticationManager configured with AuthenticationProvider bean with name authenticationProvider
2026-01-07T19:03:43.620+01:00  WARN 289148 --- [smboutique-backend] [           main] r$InitializeUserDetailsManagerConfigurer : Global AuthenticationManager configured with an AuthenticationProvider bean. UserDetailsService beans will not be used by Spring Security for automatically configuring username/password login. Consider removing the AuthenticationProvider bean. Alternatively, consider using the UserDetailsService in a manually instantiated DaoAuthenticationProvider. If the current configuration is intentional, to turn off this warning, increase the logging level of 'org.springframework.security.config.annotation.authentication.configuration.InitializeUserDetailsBeanManagerConfigurer' to ERROR
2026-01-07T19:03:43.633+01:00 DEBUG 289148 --- [smboutique-backend] [           main] tor$SharedEntityManagerInvocationHandler : Creating new EntityManager for shared EntityManager invocation
2026-01-07T19:03:43.708+01:00 DEBUG 289148 --- [smboutique-backend] [           main] tor$SharedEntityManagerInvocationHandler : Creating new EntityManager for shared EntityManager invocation
2026-01-07T19:03:43.752+01:00 DEBUG 289148 --- [smboutique-backend] [           main] tor$SharedEntityManagerInvocationHandler : Creating new EntityManager for shared EntityManager invocation
2026-01-07T19:03:43.759+01:00 DEBUG 289148 --- [smboutique-backend] [           main] tor$SharedEntityManagerInvocationHandler : Creating new EntityManager for shared EntityManager invocation
2026-01-07T19:03:43.763+01:00 DEBUG 289148 --- [smboutique-backend] [           main] tor$SharedEntityManagerInvocationHandler : Creating new EntityManager for shared EntityManager invocation
2026-01-07T19:03:43.810+01:00 DEBUG 289148 --- [smboutique-backend] [           main] tor$SharedEntityManagerInvocationHandler : Creating new EntityManager for shared EntityManager invocation
2026-01-07T19:03:43.815+01:00 DEBUG 289148 --- [smboutique-backend] [           main] tor$SharedEntityManagerInvocationHandler : Creating new EntityManager for shared EntityManager invocation
2026-01-07T19:03:43.819+01:00 DEBUG 289148 --- [smboutique-backend] [           main] tor$SharedEntityManagerInvocationHandler : Creating new EntityManager for shared EntityManager invocation
2026-01-07T19:03:43.821+01:00 DEBUG 289148 --- [smboutique-backend] [           main] tor$SharedEntityManagerInvocationHandler : Creating new EntityManager for shared EntityManager invocation
2026-01-07T19:03:43.884+01:00 DEBUG 289148 --- [smboutique-backend] [           main] tor$SharedEntityManagerInvocationHandler : Creating new EntityManager for shared EntityManager invocation
2026-01-07T19:03:43.891+01:00 DEBUG 289148 --- [smboutique-backend] [           main] tor$SharedEntityManagerInvocationHandler : Creating new EntityManager for shared EntityManager invocation
2026-01-07T19:03:43.896+01:00 DEBUG 289148 --- [smboutique-backend] [           main] tor$SharedEntityManagerInvocationHandler : Creating new EntityManager for shared EntityManager invocation
2026-01-07T19:03:43.905+01:00 DEBUG 289148 --- [smboutique-backend] [           main] tor$SharedEntityManagerInvocationHandler : Creating new EntityManager for shared EntityManager invocation
2026-01-07T19:03:43.909+01:00 DEBUG 289148 --- [smboutique-backend] [           main] tor$SharedEntityManagerInvocationHandler : Creating new EntityManager for shared EntityManager invocation
2026-01-07T19:03:43.913+01:00 DEBUG 289148 --- [smboutique-backend] [           main] tor$SharedEntityManagerInvocationHandler : Creating new EntityManager for shared EntityManager invocation
2026-01-07T19:03:43.915+01:00 DEBUG 289148 --- [smboutique-backend] [           main] tor$SharedEntityManagerInvocationHandler : Creating new EntityManager for shared EntityManager invocation
2026-01-07T19:03:44.022+01:00  WARN 289148 --- [smboutique-backend] [           main] org.hibernate.orm.deprecation            : HHH90000021: Encountered deprecated setting [javax.persistence.query.timeout], use [jakarta.persistence.query.timeout] instead
2026-01-07T19:03:44.044+01:00 DEBUG 289148 --- [smboutique-backend] [           main] tor$SharedEntityManagerInvocationHandler : Creating new EntityManager for shared EntityManager invocation
2026-01-07T19:03:44.053+01:00 DEBUG 289148 --- [smboutique-backend] [           main] tor$SharedEntityManagerInvocationHandler : Creating new EntityManager for shared EntityManager invocation
2026-01-07T19:03:44.057+01:00 DEBUG 289148 --- [smboutique-backend] [           main] tor$SharedEntityManagerInvocationHandler : Creating new EntityManager for shared EntityManager invocation
2026-01-07T19:03:44.060+01:00 DEBUG 289148 --- [smboutique-backend] [           main] tor$SharedEntityManagerInvocationHandler : Creating new EntityManager for shared EntityManager invocation
2026-01-07T19:03:44.064+01:00 DEBUG 289148 --- [smboutique-backend] [           main] tor$SharedEntityManagerInvocationHandler : Creating new EntityManager for shared EntityManager invocation
2026-01-07T19:03:44.090+01:00 DEBUG 289148 --- [smboutique-backend] [           main] tor$SharedEntityManagerInvocationHandler : Creating new EntityManager for shared EntityManager invocation
2026-01-07T19:03:44.091+01:00 DEBUG 289148 --- [smboutique-backend] [           main] tor$SharedEntityManagerInvocationHandler : Creating new EntityManager for shared EntityManager invocation
2026-01-07T19:03:44.096+01:00 DEBUG 289148 --- [smboutique-backend] [           main] tor$SharedEntityManagerInvocationHandler : Creating new EntityManager for shared EntityManager invocation
2026-01-07T19:03:44.100+01:00 DEBUG 289148 --- [smboutique-backend] [           main] tor$SharedEntityManagerInvocationHandler : Creating new EntityManager for shared EntityManager invocation
2026-01-07T19:03:44.123+01:00 DEBUG 289148 --- [smboutique-backend] [           main] tor$SharedEntityManagerInvocationHandler : Creating new EntityManager for shared EntityManager invocation
2026-01-07T19:03:44.130+01:00 DEBUG 289148 --- [smboutique-backend] [           main] tor$SharedEntityManagerInvocationHandler : Creating new EntityManager for shared EntityManager invocation
2026-01-07T19:03:44.134+01:00 DEBUG 289148 --- [smboutique-backend] [           main] tor$SharedEntityManagerInvocationHandler : Creating new EntityManager for shared EntityManager invocation
2026-01-07T19:03:44.140+01:00  WARN 289148 --- [smboutique-backend] [           main] org.hibernate.orm.deprecation            : HHH90000021: Encountered deprecated setting [javax.persistence.query.timeout], use [jakarta.persistence.query.timeout] instead
2026-01-07T19:03:44.142+01:00 DEBUG 289148 --- [smboutique-backend] [           main] tor$SharedEntityManagerInvocationHandler : Creating new EntityManager for shared EntityManager invocation
2026-01-07T19:03:44.147+01:00  WARN 289148 --- [smboutique-backend] [           main] org.hibernate.orm.deprecation            : HHH90000021: Encountered deprecated setting [javax.persistence.query.timeout], use [jakarta.persistence.query.timeout] instead
2026-01-07T19:03:44.174+01:00 DEBUG 289148 --- [smboutique-backend] [           main] tor$SharedEntityManagerInvocationHandler : Creating new EntityManager for shared EntityManager invocation
2026-01-07T19:03:44.181+01:00 DEBUG 289148 --- [smboutique-backend] [           main] tor$SharedEntityManagerInvocationHandler : Creating new EntityManager for shared EntityManager invocation
2026-01-07T19:03:44.185+01:00 DEBUG 289148 --- [smboutique-backend] [           main] tor$SharedEntityManagerInvocationHandler : Creating new EntityManager for shared EntityManager invocation
2026-01-07T19:03:44.188+01:00 DEBUG 289148 --- [smboutique-backend] [           main] tor$SharedEntityManagerInvocationHandler : Creating new EntityManager for shared EntityManager invocation
2026-01-07T19:03:44.211+01:00 DEBUG 289148 --- [smboutique-backend] [           main] tor$SharedEntityManagerInvocationHandler : Creating new EntityManager for shared EntityManager invocation
2026-01-07T19:03:44.213+01:00 DEBUG 289148 --- [smboutique-backend] [           main] tor$SharedEntityManagerInvocationHandler : Creating new EntityManager for shared EntityManager invocation
2026-01-07T19:03:44.238+01:00 DEBUG 289148 --- [smboutique-backend] [           main] tor$SharedEntityManagerInvocationHandler : Creating new EntityManager for shared EntityManager invocation
2026-01-07T19:03:44.240+01:00 DEBUG 289148 --- [smboutique-backend] [           main] tor$SharedEntityManagerInvocationHandler : Creating new EntityManager for shared EntityManager invocation
2026-01-07T19:03:44.243+01:00 DEBUG 289148 --- [smboutique-backend] [           main] tor$SharedEntityManagerInvocationHandler : Creating new EntityManager for shared EntityManager invocation
2026-01-07T19:03:44.247+01:00 DEBUG 289148 --- [smboutique-backend] [           main] tor$SharedEntityManagerInvocationHandler : Creating new EntityManager for shared EntityManager invocation
2026-01-07T19:03:44.249+01:00 DEBUG 289148 --- [smboutique-backend] [           main] tor$SharedEntityManagerInvocationHandler : Creating new EntityManager for shared EntityManager invocation
2026-01-07T19:03:44.563+01:00  WARN 289148 --- [smboutique-backend] [           main] org.hibernate.orm.deprecation            : HHH90000021: Encountered deprecated setting [javax.persistence.query.timeout], use [jakarta.persistence.query.timeout] instead
2026-01-07T19:03:44.564+01:00 DEBUG 289148 --- [smboutique-backend] [           main] tor$SharedEntityManagerInvocationHandler : Creating new EntityManager for shared EntityManager invocation
2026-01-07T19:03:44.571+01:00  WARN 289148 --- [smboutique-backend] [           main] org.hibernate.orm.deprecation            : HHH90000021: Encountered deprecated setting [javax.persistence.query.timeout], use [jakarta.persistence.query.timeout] instead
2026-01-07T19:03:44.572+01:00 DEBUG 289148 --- [smboutique-backend] [           main] tor$SharedEntityManagerInvocationHandler : Creating new EntityManager for shared EntityManager invocation
2026-01-07T19:03:44.575+01:00  WARN 289148 --- [smboutique-backend] [           main] org.hibernate.orm.deprecation            : HHH90000021: Encountered deprecated setting [javax.persistence.query.timeout], use [jakarta.persistence.query.timeout] instead
2026-01-07T19:03:44.589+01:00 DEBUG 289148 --- [smboutique-backend] [           main] tor$SharedEntityManagerInvocationHandler : Creating new EntityManager for shared EntityManager invocation
2026-01-07T19:03:44.591+01:00 DEBUG 289148 --- [smboutique-backend] [           main] tor$SharedEntityManagerInvocationHandler : Creating new EntityManager for shared EntityManager invocation
2026-01-07T19:03:44.594+01:00 DEBUG 289148 --- [smboutique-backend] [           main] tor$SharedEntityManagerInvocationHandler : Creating new EntityManager for shared EntityManager invocation
2026-01-07T19:03:44.597+01:00 DEBUG 289148 --- [smboutique-backend] [           main] tor$SharedEntityManagerInvocationHandler : Creating new EntityManager for shared EntityManager invocation
2026-01-07T19:03:44.609+01:00 DEBUG 289148 --- [smboutique-backend] [           main] tor$SharedEntityManagerInvocationHandler : Creating new EntityManager for shared EntityManager invocation
2026-01-07T19:03:44.610+01:00 DEBUG 289148 --- [smboutique-backend] [           main] tor$SharedEntityManagerInvocationHandler : Creating new EntityManager for shared EntityManager invocation
2026-01-07T19:03:44.613+01:00 DEBUG 289148 --- [smboutique-backend] [           main] tor$SharedEntityManagerInvocationHandler : Creating new EntityManager for shared EntityManager invocation
2026-01-07T19:03:44.615+01:00  WARN 289148 --- [smboutique-backend] [           main] org.hibernate.orm.deprecation            : HHH90000021: Encountered deprecated setting [javax.persistence.query.timeout], use [jakarta.persistence.query.timeout] instead
2026-01-07T19:03:44.625+01:00 DEBUG 289148 --- [smboutique-backend] [           main] tor$SharedEntityManagerInvocationHandler : Creating new EntityManager for shared EntityManager invocation
2026-01-07T19:03:44.626+01:00 DEBUG 289148 --- [smboutique-backend] [           main] tor$SharedEntityManagerInvocationHandler : Creating new EntityManager for shared EntityManager invocation
2026-01-07T19:03:44.629+01:00 DEBUG 289148 --- [smboutique-backend] [           main] tor$SharedEntityManagerInvocationHandler : Creating new EntityManager for shared EntityManager invocation
2026-01-07T19:03:44.649+01:00 DEBUG 289148 --- [smboutique-backend] [           main] tor$SharedEntityManagerInvocationHandler : Creating new EntityManager for shared EntityManager invocation
2026-01-07T19:03:44.655+01:00 DEBUG 289148 --- [smboutique-backend] [           main] tor$SharedEntityManagerInvocationHandler : Creating new EntityManager for shared EntityManager invocation
2026-01-07T19:03:44.659+01:00 DEBUG 289148 --- [smboutique-backend] [           main] tor$SharedEntityManagerInvocationHandler : Creating new EntityManager for shared EntityManager invocation
2026-01-07T19:03:44.667+01:00  WARN 289148 --- [smboutique-backend] [           main] org.hibernate.orm.deprecation            : HHH90000021: Encountered deprecated setting [javax.persistence.query.timeout], use [jakarta.persistence.query.timeout] instead
2026-01-07T19:03:44.668+01:00 DEBUG 289148 --- [smboutique-backend] [           main] tor$SharedEntityManagerInvocationHandler : Creating new EntityManager for shared EntityManager invocation
2026-01-07T19:03:44.670+01:00  WARN 289148 --- [smboutique-backend] [           main] org.hibernate.orm.deprecation            : HHH90000021: Encountered deprecated setting [javax.persistence.query.timeout], use [jakarta.persistence.query.timeout] instead
2026-01-07T19:03:44.686+01:00 DEBUG 289148 --- [smboutique-backend] [           main] tor$SharedEntityManagerInvocationHandler : Creating new EntityManager for shared EntityManager invocation
2026-01-07T19:03:44.687+01:00 DEBUG 289148 --- [smboutique-backend] [           main] tor$SharedEntityManagerInvocationHandler : Creating new EntityManager for shared EntityManager invocation
2026-01-07T19:03:44.689+01:00 DEBUG 289148 --- [smboutique-backend] [           main] tor$SharedEntityManagerInvocationHandler : Creating new EntityManager for shared EntityManager invocation
2026-01-07T19:03:44.692+01:00  WARN 289148 --- [smboutique-backend] [           main] org.hibernate.orm.deprecation            : HHH90000021: Encountered deprecated setting [javax.persistence.query.timeout], use [jakarta.persistence.query.timeout] instead
2026-01-07T19:03:44.693+01:00 DEBUG 289148 --- [smboutique-backend] [           main] tor$SharedEntityManagerInvocationHandler : Creating new EntityManager for shared EntityManager invocation
2026-01-07T19:03:45.234+01:00  WARN 289148 --- [smboutique-backend] [           main] org.hibernate.orm.deprecation            : HHH90000021: Encountered deprecated setting [javax.persistence.query.timeout], use [jakarta.persistence.query.timeout] instead
2026-01-07T19:03:45.249+01:00 DEBUG 289148 --- [smboutique-backend] [           main] tor$SharedEntityManagerInvocationHandler : Creating new EntityManager for shared EntityManager invocation
2026-01-07T19:03:45.250+01:00 DEBUG 289148 --- [smboutique-backend] [           main] tor$SharedEntityManagerInvocationHandler : Creating new EntityManager for shared EntityManager invocation
2026-01-07T19:03:45.253+01:00 DEBUG 289148 --- [smboutique-backend] [           main] tor$SharedEntityManagerInvocationHandler : Creating new EntityManager for shared EntityManager invocation
2026-01-07T19:03:45.256+01:00  WARN 289148 --- [smboutique-backend] [           main] org.hibernate.orm.deprecation            : HHH90000021: Encountered deprecated setting [javax.persistence.query.timeout], use [jakarta.persistence.query.timeout] instead
2026-01-07T19:03:45.271+01:00 DEBUG 289148 --- [smboutique-backend] [           main] tor$SharedEntityManagerInvocationHandler : Creating new EntityManager for shared EntityManager invocation
2026-01-07T19:03:45.272+01:00 DEBUG 289148 --- [smboutique-backend] [           main] tor$SharedEntityManagerInvocationHandler : Creating new EntityManager for shared EntityManager invocation
2026-01-07T19:03:45.275+01:00 DEBUG 289148 --- [smboutique-backend] [           main] tor$SharedEntityManagerInvocationHandler : Creating new EntityManager for shared EntityManager invocation
2026-01-07T19:03:45.291+01:00 DEBUG 289148 --- [smboutique-backend] [           main] tor$SharedEntityManagerInvocationHandler : Creating new EntityManager for shared EntityManager invocation
2026-01-07T19:03:45.299+01:00 DEBUG 289148 --- [smboutique-backend] [           main] tor$SharedEntityManagerInvocationHandler : Creating new EntityManager for shared EntityManager invocation
2026-01-07T19:03:45.303+01:00 DEBUG 289148 --- [smboutique-backend] [           main] tor$SharedEntityManagerInvocationHandler : Creating new EntityManager for shared EntityManager invocation
2026-01-07T19:03:45.305+01:00 DEBUG 289148 --- [smboutique-backend] [           main] tor$SharedEntityManagerInvocationHandler : Creating new EntityManager for shared EntityManager invocation
2026-01-07T19:03:45.307+01:00 DEBUG 289148 --- [smboutique-backend] [           main] tor$SharedEntityManagerInvocationHandler : Creating new EntityManager for shared EntityManager invocation
2026-01-07T19:03:45.309+01:00 DEBUG 289148 --- [smboutique-backend] [           main] tor$SharedEntityManagerInvocationHandler : Creating new EntityManager for shared EntityManager invocation
2026-01-07T19:03:45.324+01:00 DEBUG 289148 --- [smboutique-backend] [           main] tor$SharedEntityManagerInvocationHandler : Creating new EntityManager for shared EntityManager invocation
2026-01-07T19:03:45.325+01:00 DEBUG 289148 --- [smboutique-backend] [           main] tor$SharedEntityManagerInvocationHandler : Creating new EntityManager for shared EntityManager invocation
2026-01-07T19:03:45.364+01:00 DEBUG 289148 --- [smboutique-backend] [           main] tor$SharedEntityManagerInvocationHandler : Creating new EntityManager for shared EntityManager invocation
2026-01-07T19:03:45.369+01:00 DEBUG 289148 --- [smboutique-backend] [           main] tor$SharedEntityManagerInvocationHandler : Creating new EntityManager for shared EntityManager invocation
2026-01-07T19:03:45.371+01:00 DEBUG 289148 --- [smboutique-backend] [           main] tor$SharedEntityManagerInvocationHandler : Creating new EntityManager for shared EntityManager invocation
2026-01-07T19:03:45.397+01:00 DEBUG 289148 --- [smboutique-backend] [           main] tor$SharedEntityManagerInvocationHandler : Creating new EntityManager for shared EntityManager invocation
2026-01-07T19:03:45.398+01:00 DEBUG 289148 --- [smboutique-backend] [           main] tor$SharedEntityManagerInvocationHandler : Creating new EntityManager for shared EntityManager invocation
2026-01-07T19:03:45.400+01:00 DEBUG 289148 --- [smboutique-backend] [           main] tor$SharedEntityManagerInvocationHandler : Creating new EntityManager for shared EntityManager invocation
2026-01-07T19:03:45.403+01:00 DEBUG 289148 --- [smboutique-backend] [           main] tor$SharedEntityManagerInvocationHandler : Creating new EntityManager for shared EntityManager invocation
2026-01-07T19:03:45.422+01:00 DEBUG 289148 --- [smboutique-backend] [           main] tor$SharedEntityManagerInvocationHandler : Creating new EntityManager for shared EntityManager invocation
2026-01-07T19:03:45.423+01:00 DEBUG 289148 --- [smboutique-backend] [           main] tor$SharedEntityManagerInvocationHandler : Creating new EntityManager for shared EntityManager invocation
2026-01-07T19:03:45.425+01:00 DEBUG 289148 --- [smboutique-backend] [           main] tor$SharedEntityManagerInvocationHandler : Creating new EntityManager for shared EntityManager invocation
2026-01-07T19:03:45.427+01:00 DEBUG 289148 --- [smboutique-backend] [           main] tor$SharedEntityManagerInvocationHandler : Creating new EntityManager for shared EntityManager invocation
2026-01-07T19:03:45.430+01:00 DEBUG 289148 --- [smboutique-backend] [           main] tor$SharedEntityManagerInvocationHandler : Creating new EntityManager for shared EntityManager invocation
2026-01-07T19:03:45.442+01:00 DEBUG 289148 --- [smboutique-backend] [           main] tor$SharedEntityManagerInvocationHandler : Creating new EntityManager for shared EntityManager invocation
2026-01-07T19:03:45.446+01:00 DEBUG 289148 --- [smboutique-backend] [           main] tor$SharedEntityManagerInvocationHandler : Creating new EntityManager for shared EntityManager invocation
2026-01-07T19:03:45.448+01:00 DEBUG 289148 --- [smboutique-backend] [           main] tor$SharedEntityManagerInvocationHandler : Creating new EntityManager for shared EntityManager invocation
2026-01-07T19:03:45.523+01:00 DEBUG 289148 --- [smboutique-backend] [           main] tor$SharedEntityManagerInvocationHandler : Creating new EntityManager for shared EntityManager invocation
2026-01-07T19:03:45.524+01:00 DEBUG 289148 --- [smboutique-backend] [           main] tor$SharedEntityManagerInvocationHandler : Creating new EntityManager for shared EntityManager invocation
2026-01-07T19:03:45.684+01:00  WARN 289148 --- [smboutique-backend] [           main] JpaBaseConfiguration$JpaWebConfiguration : spring.jpa.open-in-view is enabled by default. Therefore, database queries may be performed during view rendering. Explicitly configure spring.jpa.open-in-view to disable this warning
2026-01-07T19:03:46.282+01:00 DEBUG 289148 --- [smboutique-backend] [           main] o.s.s.web.DefaultSecurityFilterChain     : Will secure any request with filters: DisableEncodeUrlFilter, WebAsyncManagerIntegrationFilter, SecurityContextHolderFilter, HeaderWriterFilter, CorsFilter, LogoutFilter, AuthTokenFilter, RequestCacheAwareFilter, SecurityContextHolderAwareRequestFilter, AnonymousAuthenticationFilter, SessionManagementFilter, ExceptionTranslationFilter, AuthorizationFilter
2026-01-07T19:03:46.895+01:00 DEBUG 289148 --- [smboutique-backend] [           main] c.s.api.security.AuthTokenFilter         : Filter 'authTokenFilter' configured for use
2026-01-07T19:03:46.895+01:00 DEBUG 289148 --- [smboutique-backend] [           main] c.s.api.security.AuthTokenFilter         : Filter 'authenticationJwtTokenFilter' configured for use
2026-01-07T19:03:46.896+01:00  INFO 289148 --- [smboutique-backend] [           main] o.s.b.t.m.w.SpringBootMockServletContext : Initializing Spring TestDispatcherServlet ''
2026-01-07T19:03:46.897+01:00  INFO 289148 --- [smboutique-backend] [           main] o.s.t.web.servlet.TestDispatcherServlet  : Initializing Servlet ''
2026-01-07T19:03:46.899+01:00  INFO 289148 --- [smboutique-backend] [           main] o.s.t.web.servlet.TestDispatcherServlet  : Completed initialization in 1 ms
2026-01-07T19:03:46.938+01:00  INFO 289148 --- [smboutique-backend] [           main] c.s.a.c.VenteCashControllerTest          : Started VenteCashControllerTest in 13.668 seconds (process running for 18.263)
2026-01-07T19:03:46.942+01:00  INFO 289148 --- [smboutique-backend] [           main] c.smboutique.api.config.DataInitializer  : Starting data initialization...
2026-01-07T19:03:46.943+01:00  INFO 289148 --- [smboutique-backend] [           main] c.smboutique.api.config.DataInitializer  : Initializing permissions...
2026-01-07T19:03:46.949+01:00 DEBUG 289148 --- [smboutique-backend] [           main] tor$SharedEntityManagerInvocationHandler : Creating new EntityManager for shared EntityManager invocation
2026-01-07T19:03:46.962+01:00  WARN 289148 --- [smboutique-backend] [           main] org.hibernate.orm.deprecation            : HHH90000021: Encountered deprecated setting [javax.persistence.query.timeout], use [jakarta.persistence.query.timeout] instead
2026-01-07T19:03:47.076+01:00 DEBUG 289148 --- [smboutique-backend] [           main] org.hibernate.SQL                        : 
    select
        p1_0.id_permission,
        p1_0.description,
        p1_0.name 
    from
        permission p1_0 
    where
        p1_0.name=?
Hibernate: 
    select
        p1_0.id_permission,
        p1_0.description,
        p1_0.name 
    from
        permission p1_0 
    where
        p1_0.name=?
2026-01-07T19:03:47.133+01:00 DEBUG 289148 --- [smboutique-backend] [           main] tor$SharedEntityManagerInvocationHandler : Creating new EntityManager for shared EntityManager invocation
2026-01-07T19:03:47.134+01:00  WARN 289148 --- [smboutique-backend] [           main] org.hibernate.orm.deprecation            : HHH90000021: Encountered deprecated setting [javax.persistence.query.timeout], use [jakarta.persistence.query.timeout] instead
2026-01-07T19:03:47.136+01:00 DEBUG 289148 --- [smboutique-backend] [           main] org.hibernate.SQL                        : 
    select
        p1_0.id_permission,
        p1_0.description,
        p1_0.name 
    from
        permission p1_0 
    where
        p1_0.name=?
Hibernate: 
    select
        p1_0.id_permission,
        p1_0.description,
        p1_0.name 
    from
        permission p1_0 
    where
        p1_0.name=?
2026-01-07T19:03:47.139+01:00 DEBUG 289148 --- [smboutique-backend] [           main] tor$SharedEntityManagerInvocationHandler : Creating new EntityManager for shared EntityManager invocation
2026-01-07T19:03:47.140+01:00  WARN 289148 --- [smboutique-backend] [           main] org.hibernate.orm.deprecation            : HHH90000021: Encountered deprecated setting [javax.persistence.query.timeout], use [jakarta.persistence.query.timeout] instead
2026-01-07T19:03:47.141+01:00 DEBUG 289148 --- [smboutique-backend] [           main] org.hibernate.SQL                        : 
    select
        p1_0.id_permission,
        p1_0.description,
        p1_0.name 
    from
        permission p1_0 
    where
        p1_0.name=?
Hibernate: 
    select
        p1_0.id_permission,
        p1_0.description,
        p1_0.name 
    from
        permission p1_0 
    where
        p1_0.name=?
2026-01-07T19:03:47.144+01:00 DEBUG 289148 --- [smboutique-backend] [           main] tor$SharedEntityManagerInvocationHandler : Creating new EntityManager for shared EntityManager invocation
2026-01-07T19:03:47.145+01:00  WARN 289148 --- [smboutique-backend] [           main] org.hibernate.orm.deprecation            : HHH90000021: Encountered deprecated setting [javax.persistence.query.timeout], use [jakarta.persistence.query.timeout] instead
2026-01-07T19:03:47.147+01:00 DEBUG 289148 --- [smboutique-backend] [           main] org.hibernate.SQL                        : 
    select
        p1_0.id_permission,
        p1_0.description,
        p1_0.name 
    from
        permission p1_0 
    where
        p1_0.name=?
Hibernate: 
    select
        p1_0.id_permission,
        p1_0.description,
        p1_0.name 
    from
        permission p1_0 
    where
        p1_0.name=?
2026-01-07T19:03:47.149+01:00 DEBUG 289148 --- [smboutique-backend] [           main] tor$SharedEntityManagerInvocationHandler : Creating new EntityManager for shared EntityManager invocation
2026-01-07T19:03:47.150+01:00  WARN 289148 --- [smboutique-backend] [           main] org.hibernate.orm.deprecation            : HHH90000021: Encountered deprecated setting [javax.persistence.query.timeout], use [jakarta.persistence.query.timeout] instead
2026-01-07T19:03:47.152+01:00 DEBUG 289148 --- [smboutique-backend] [           main] org.hibernate.SQL                        : 
    select
        p1_0.id_permission,
        p1_0.description,
        p1_0.name 
    from
        permission p1_0 
    where
        p1_0.name=?
Hibernate: 
    select
        p1_0.id_permission,
        p1_0.description,
        p1_0.name 
    from
        permission p1_0 
    where
        p1_0.name=?
2026-01-07T19:03:47.156+01:00 DEBUG 289148 --- [smboutique-backend] [           main] tor$SharedEntityManagerInvocationHandler : Creating new EntityManager for shared EntityManager invocation
2026-01-07T19:03:47.157+01:00  WARN 289148 --- [smboutique-backend] [           main] org.hibernate.orm.deprecation            : HHH90000021: Encountered deprecated setting [javax.persistence.query.timeout], use [jakarta.persistence.query.timeout] instead
2026-01-07T19:03:47.158+01:00 DEBUG 289148 --- [smboutique-backend] [           main] org.hibernate.SQL                        : 
    select
        p1_0.id_permission,
        p1_0.description,
        p1_0.name 
    from
        permission p1_0 
    where
        p1_0.name=?
Hibernate: 
    select
        p1_0.id_permission,
        p1_0.description,
        p1_0.name 
    from
        permission p1_0 
    where
        p1_0.name=?
2026-01-07T19:03:47.160+01:00 DEBUG 289148 --- [smboutique-backend] [           main] tor$SharedEntityManagerInvocationHandler : Creating new EntityManager for shared EntityManager invocation
2026-01-07T19:03:47.161+01:00  WARN 289148 --- [smboutique-backend] [           main] org.hibernate.orm.deprecation            : HHH90000021: Encountered deprecated setting [javax.persistence.query.timeout], use [jakarta.persistence.query.timeout] instead
2026-01-07T19:03:47.163+01:00 DEBUG 289148 --- [smboutique-backend] [           main] org.hibernate.SQL                        : 
    select
        p1_0.id_permission,
        p1_0.description,
        p1_0.name 
    from
        permission p1_0 
    where
        p1_0.name=?
Hibernate: 
    select
        p1_0.id_permission,
        p1_0.description,
        p1_0.name 
    from
        permission p1_0 
    where
        p1_0.name=?
2026-01-07T19:03:47.165+01:00 DEBUG 289148 --- [smboutique-backend] [           main] tor$SharedEntityManagerInvocationHandler : Creating new EntityManager for shared EntityManager invocation
2026-01-07T19:03:47.166+01:00  WARN 289148 --- [smboutique-backend] [           main] org.hibernate.orm.deprecation            : HHH90000021: Encountered deprecated setting [javax.persistence.query.timeout], use [jakarta.persistence.query.timeout] instead
2026-01-07T19:03:47.168+01:00 DEBUG 289148 --- [smboutique-backend] [           main] org.hibernate.SQL                        : 
    select
        p1_0.id_permission,
        p1_0.description,
        p1_0.name 
    from
        permission p1_0 
    where
        p1_0.name=?
Hibernate: 
    select
        p1_0.id_permission,
        p1_0.description,
        p1_0.name 
    from
        permission p1_0 
    where
        p1_0.name=?
2026-01-07T19:03:47.171+01:00 DEBUG 289148 --- [smboutique-backend] [           main] tor$SharedEntityManagerInvocationHandler : Creating new EntityManager for shared EntityManager invocation
2026-01-07T19:03:47.172+01:00  WARN 289148 --- [smboutique-backend] [           main] org.hibernate.orm.deprecation            : HHH90000021: Encountered deprecated setting [javax.persistence.query.timeout], use [jakarta.persistence.query.timeout] instead
2026-01-07T19:03:47.173+01:00 DEBUG 289148 --- [smboutique-backend] [           main] org.hibernate.SQL                        : 
    select
        p1_0.id_permission,
        p1_0.description,
        p1_0.name 
    from
        permission p1_0 
    where
        p1_0.name=?
Hibernate: 
    select
        p1_0.id_permission,
        p1_0.description,
        p1_0.name 
    from
        permission p1_0 
    where
        p1_0.name=?
2026-01-07T19:03:47.176+01:00 DEBUG 289148 --- [smboutique-backend] [           main] tor$SharedEntityManagerInvocationHandler : Creating new EntityManager for shared EntityManager invocation
2026-01-07T19:03:47.176+01:00  WARN 289148 --- [smboutique-backend] [           main] org.hibernate.orm.deprecation            : HHH90000021: Encountered deprecated setting [javax.persistence.query.timeout], use [jakarta.persistence.query.timeout] instead
2026-01-07T19:03:47.178+01:00 DEBUG 289148 --- [smboutique-backend] [           main] org.hibernate.SQL                        : 
    select
        p1_0.id_permission,
        p1_0.description,
        p1_0.name 
    from
        permission p1_0 
    where
        p1_0.name=?
Hibernate: 
    select
        p1_0.id_permission,
        p1_0.description,
        p1_0.name 
    from
        permission p1_0 
    where
        p1_0.name=?
2026-01-07T19:03:47.181+01:00 DEBUG 289148 --- [smboutique-backend] [           main] tor$SharedEntityManagerInvocationHandler : Creating new EntityManager for shared EntityManager invocation
2026-01-07T19:03:47.182+01:00  WARN 289148 --- [smboutique-backend] [           main] org.hibernate.orm.deprecation            : HHH90000021: Encountered deprecated setting [javax.persistence.query.timeout], use [jakarta.persistence.query.timeout] instead
2026-01-07T19:03:47.185+01:00 DEBUG 289148 --- [smboutique-backend] [           main] org.hibernate.SQL                        : 
    select
        p1_0.id_permission,
        p1_0.description,
        p1_0.name 
    from
        permission p1_0 
    where
        p1_0.name=?
Hibernate: 
    select
        p1_0.id_permission,
        p1_0.description,
        p1_0.name 
    from
        permission p1_0 
    where
        p1_0.name=?
2026-01-07T19:03:47.188+01:00 DEBUG 289148 --- [smboutique-backend] [           main] tor$SharedEntityManagerInvocationHandler : Creating new EntityManager for shared EntityManager invocation
2026-01-07T19:03:47.189+01:00  WARN 289148 --- [smboutique-backend] [           main] org.hibernate.orm.deprecation            : HHH90000021: Encountered deprecated setting [javax.persistence.query.timeout], use [jakarta.persistence.query.timeout] instead
2026-01-07T19:03:47.191+01:00 DEBUG 289148 --- [smboutique-backend] [           main] org.hibernate.SQL                        : 
    select
        p1_0.id_permission,
        p1_0.description,
        p1_0.name 
    from
        permission p1_0 
    where
        p1_0.name=?
Hibernate: 
    select
        p1_0.id_permission,
        p1_0.description,
        p1_0.name 
    from
        permission p1_0 
    where
        p1_0.name=?
2026-01-07T19:03:47.194+01:00 DEBUG 289148 --- [smboutique-backend] [           main] tor$SharedEntityManagerInvocationHandler : Creating new EntityManager for shared EntityManager invocation
2026-01-07T19:03:47.196+01:00  WARN 289148 --- [smboutique-backend] [           main] org.hibernate.orm.deprecation            : HHH90000021: Encountered deprecated setting [javax.persistence.query.timeout], use [jakarta.persistence.query.timeout] instead
2026-01-07T19:03:47.197+01:00 DEBUG 289148 --- [smboutique-backend] [           main] org.hibernate.SQL                        : 
    select
        p1_0.id_permission,
        p1_0.description,
        p1_0.name 
    from
        permission p1_0 
    where
        p1_0.name=?
Hibernate: 
    select
        p1_0.id_permission,
        p1_0.description,
        p1_0.name 
    from
        permission p1_0 
    where
        p1_0.name=?
2026-01-07T19:03:47.200+01:00 DEBUG 289148 --- [smboutique-backend] [           main] tor$SharedEntityManagerInvocationHandler : Creating new EntityManager for shared EntityManager invocation
2026-01-07T19:03:47.200+01:00  WARN 289148 --- [smboutique-backend] [           main] org.hibernate.orm.deprecation            : HHH90000021: Encountered deprecated setting [javax.persistence.query.timeout], use [jakarta.persistence.query.timeout] instead
2026-01-07T19:03:47.202+01:00 DEBUG 289148 --- [smboutique-backend] [           main] org.hibernate.SQL                        : 
    select
        p1_0.id_permission,
        p1_0.description,
        p1_0.name 
    from
        permission p1_0 
    where
        p1_0.name=?
Hibernate: 
    select
        p1_0.id_permission,
        p1_0.description,
        p1_0.name 
    from
        permission p1_0 
    where
        p1_0.name=?
2026-01-07T19:03:47.206+01:00 DEBUG 289148 --- [smboutique-backend] [           main] tor$SharedEntityManagerInvocationHandler : Creating new EntityManager for shared EntityManager invocation
2026-01-07T19:03:47.207+01:00  WARN 289148 --- [smboutique-backend] [           main] org.hibernate.orm.deprecation            : HHH90000021: Encountered deprecated setting [javax.persistence.query.timeout], use [jakarta.persistence.query.timeout] instead
2026-01-07T19:03:47.208+01:00 DEBUG 289148 --- [smboutique-backend] [           main] org.hibernate.SQL                        : 
    select
        p1_0.id_permission,
        p1_0.description,
        p1_0.name 
    from
        permission p1_0 
    where
        p1_0.name=?
Hibernate: 
    select
        p1_0.id_permission,
        p1_0.description,
        p1_0.name 
    from
        permission p1_0 
    where
        p1_0.name=?
2026-01-07T19:03:47.211+01:00 DEBUG 289148 --- [smboutique-backend] [           main] tor$SharedEntityManagerInvocationHandler : Creating new EntityManager for shared EntityManager invocation
2026-01-07T19:03:47.212+01:00  WARN 289148 --- [smboutique-backend] [           main] org.hibernate.orm.deprecation            : HHH90000021: Encountered deprecated setting [javax.persistence.query.timeout], use [jakarta.persistence.query.timeout] instead
2026-01-07T19:03:47.214+01:00 DEBUG 289148 --- [smboutique-backend] [           main] org.hibernate.SQL                        : 
    select
        p1_0.id_permission,
        p1_0.description,
        p1_0.name 
    from
        permission p1_0 
    where
        p1_0.name=?
Hibernate: 
    select
        p1_0.id_permission,
        p1_0.description,
        p1_0.name 
    from
        permission p1_0 
    where
        p1_0.name=?
2026-01-07T19:03:47.217+01:00 DEBUG 289148 --- [smboutique-backend] [           main] tor$SharedEntityManagerInvocationHandler : Creating new EntityManager for shared EntityManager invocation
2026-01-07T19:03:47.218+01:00  WARN 289148 --- [smboutique-backend] [           main] org.hibernate.orm.deprecation            : HHH90000021: Encountered deprecated setting [javax.persistence.query.timeout], use [jakarta.persistence.query.timeout] instead
2026-01-07T19:03:47.220+01:00 DEBUG 289148 --- [smboutique-backend] [           main] org.hibernate.SQL                        : 
    select
        p1_0.id_permission,
        p1_0.description,
        p1_0.name 
    from
        permission p1_0 
    where
        p1_0.name=?
Hibernate: 
    select
        p1_0.id_permission,
        p1_0.description,
        p1_0.name 
    from
        permission p1_0 
    where
        p1_0.name=?
2026-01-07T19:03:47.223+01:00 DEBUG 289148 --- [smboutique-backend] [           main] tor$SharedEntityManagerInvocationHandler : Creating new EntityManager for shared EntityManager invocation
2026-01-07T19:03:47.224+01:00  WARN 289148 --- [smboutique-backend] [           main] org.hibernate.orm.deprecation            : HHH90000021: Encountered deprecated setting [javax.persistence.query.timeout], use [jakarta.persistence.query.timeout] instead
2026-01-07T19:03:47.225+01:00 DEBUG 289148 --- [smboutique-backend] [           main] org.hibernate.SQL                        : 
    select
        p1_0.id_permission,
        p1_0.description,
        p1_0.name 
    from
        permission p1_0 
    where
        p1_0.name=?
Hibernate: 
    select
        p1_0.id_permission,
        p1_0.description,
        p1_0.name 
    from
        permission p1_0 
    where
        p1_0.name=?
2026-01-07T19:03:47.227+01:00 DEBUG 289148 --- [smboutique-backend] [           main] tor$SharedEntityManagerInvocationHandler : Creating new EntityManager for shared EntityManager invocation
2026-01-07T19:03:47.228+01:00  WARN 289148 --- [smboutique-backend] [           main] org.hibernate.orm.deprecation            : HHH90000021: Encountered deprecated setting [javax.persistence.query.timeout], use [jakarta.persistence.query.timeout] instead
2026-01-07T19:03:47.230+01:00 DEBUG 289148 --- [smboutique-backend] [           main] org.hibernate.SQL                        : 
    select
        p1_0.id_permission,
        p1_0.description,
        p1_0.name 
    from
        permission p1_0 
    where
        p1_0.name=?
Hibernate: 
    select
        p1_0.id_permission,
        p1_0.description,
        p1_0.name 
    from
        permission p1_0 
    where
        p1_0.name=?
2026-01-07T19:03:47.232+01:00 DEBUG 289148 --- [smboutique-backend] [           main] tor$SharedEntityManagerInvocationHandler : Creating new EntityManager for shared EntityManager invocation
2026-01-07T19:03:47.233+01:00  WARN 289148 --- [smboutique-backend] [           main] org.hibernate.orm.deprecation            : HHH90000021: Encountered deprecated setting [javax.persistence.query.timeout], use [jakarta.persistence.query.timeout] instead
2026-01-07T19:03:47.235+01:00 DEBUG 289148 --- [smboutique-backend] [           main] org.hibernate.SQL                        : 
    select
        p1_0.id_permission,
        p1_0.description,
        p1_0.name 
    from
        permission p1_0 
    where
        p1_0.name=?
Hibernate: 
    select
        p1_0.id_permission,
        p1_0.description,
        p1_0.name 
    from
        permission p1_0 
    where
        p1_0.name=?
2026-01-07T19:03:47.238+01:00 DEBUG 289148 --- [smboutique-backend] [           main] tor$SharedEntityManagerInvocationHandler : Creating new EntityManager for shared EntityManager invocation
2026-01-07T19:03:47.240+01:00  WARN 289148 --- [smboutique-backend] [           main] org.hibernate.orm.deprecation            : HHH90000021: Encountered deprecated setting [javax.persistence.query.timeout], use [jakarta.persistence.query.timeout] instead
2026-01-07T19:03:47.241+01:00 DEBUG 289148 --- [smboutique-backend] [           main] org.hibernate.SQL                        : 
    select
        p1_0.id_permission,
        p1_0.description,
        p1_0.name 
    from
        permission p1_0 
    where
        p1_0.name=?
Hibernate: 
    select
        p1_0.id_permission,
        p1_0.description,
        p1_0.name 
    from
        permission p1_0 
    where
        p1_0.name=?
2026-01-07T19:03:47.244+01:00 DEBUG 289148 --- [smboutique-backend] [           main] tor$SharedEntityManagerInvocationHandler : Creating new EntityManager for shared EntityManager invocation
2026-01-07T19:03:47.245+01:00  WARN 289148 --- [smboutique-backend] [           main] org.hibernate.orm.deprecation            : HHH90000021: Encountered deprecated setting [javax.persistence.query.timeout], use [jakarta.persistence.query.timeout] instead
2026-01-07T19:03:47.247+01:00 DEBUG 289148 --- [smboutique-backend] [           main] org.hibernate.SQL                        : 
    select
        p1_0.id_permission,
        p1_0.description,
        p1_0.name 
    from
        permission p1_0 
    where
        p1_0.name=?
Hibernate: 
    select
        p1_0.id_permission,
        p1_0.description,
        p1_0.name 
    from
        permission p1_0 
    where
        p1_0.name=?
2026-01-07T19:03:47.250+01:00 DEBUG 289148 --- [smboutique-backend] [           main] tor$SharedEntityManagerInvocationHandler : Creating new EntityManager for shared EntityManager invocation
2026-01-07T19:03:47.250+01:00  WARN 289148 --- [smboutique-backend] [           main] org.hibernate.orm.deprecation            : HHH90000021: Encountered deprecated setting [javax.persistence.query.timeout], use [jakarta.persistence.query.timeout] instead
2026-01-07T19:03:47.252+01:00 DEBUG 289148 --- [smboutique-backend] [           main] org.hibernate.SQL                        : 
    select
        p1_0.id_permission,
        p1_0.description,
        p1_0.name 
    from
        permission p1_0 
    where
        p1_0.name=?
Hibernate: 
    select
        p1_0.id_permission,
        p1_0.description,
        p1_0.name 
    from
        permission p1_0 
    where
        p1_0.name=?
2026-01-07T19:03:47.255+01:00 DEBUG 289148 --- [smboutique-backend] [           main] tor$SharedEntityManagerInvocationHandler : Creating new EntityManager for shared EntityManager invocation
2026-01-07T19:03:47.256+01:00  WARN 289148 --- [smboutique-backend] [           main] org.hibernate.orm.deprecation            : HHH90000021: Encountered deprecated setting [javax.persistence.query.timeout], use [jakarta.persistence.query.timeout] instead
2026-01-07T19:03:47.257+01:00 DEBUG 289148 --- [smboutique-backend] [           main] org.hibernate.SQL                        : 
    select
        p1_0.id_permission,
        p1_0.description,
        p1_0.name 
    from
        permission p1_0 
    where
        p1_0.name=?
Hibernate: 
    select
        p1_0.id_permission,
        p1_0.description,
        p1_0.name 
    from
        permission p1_0 
    where
        p1_0.name=?
2026-01-07T19:03:47.259+01:00 DEBUG 289148 --- [smboutique-backend] [           main] tor$SharedEntityManagerInvocationHandler : Creating new EntityManager for shared EntityManager invocation
2026-01-07T19:03:47.260+01:00  WARN 289148 --- [smboutique-backend] [           main] org.hibernate.orm.deprecation            : HHH90000021: Encountered deprecated setting [javax.persistence.query.timeout], use [jakarta.persistence.query.timeout] instead
2026-01-07T19:03:47.261+01:00 DEBUG 289148 --- [smboutique-backend] [           main] org.hibernate.SQL                        : 
    select
        p1_0.id_permission,
        p1_0.description,
        p1_0.name 
    from
        permission p1_0 
    where
        p1_0.name=?
Hibernate: 
    select
        p1_0.id_permission,
        p1_0.description,
        p1_0.name 
    from
        permission p1_0 
    where
        p1_0.name=?
2026-01-07T19:03:47.263+01:00 DEBUG 289148 --- [smboutique-backend] [           main] tor$SharedEntityManagerInvocationHandler : Creating new EntityManager for shared EntityManager invocation
2026-01-07T19:03:47.264+01:00  WARN 289148 --- [smboutique-backend] [           main] org.hibernate.orm.deprecation            : HHH90000021: Encountered deprecated setting [javax.persistence.query.timeout], use [jakarta.persistence.query.timeout] instead
2026-01-07T19:03:47.266+01:00 DEBUG 289148 --- [smboutique-backend] [           main] org.hibernate.SQL                        : 
    select
        p1_0.id_permission,
        p1_0.description,
        p1_0.name 
    from
        permission p1_0 
    where
        p1_0.name=?
Hibernate: 
    select
        p1_0.id_permission,
        p1_0.description,
        p1_0.name 
    from
        permission p1_0 
    where
        p1_0.name=?
2026-01-07T19:03:47.268+01:00 DEBUG 289148 --- [smboutique-backend] [           main] tor$SharedEntityManagerInvocationHandler : Creating new EntityManager for shared EntityManager invocation
2026-01-07T19:03:47.269+01:00  WARN 289148 --- [smboutique-backend] [           main] org.hibernate.orm.deprecation            : HHH90000021: Encountered deprecated setting [javax.persistence.query.timeout], use [jakarta.persistence.query.timeout] instead
2026-01-07T19:03:47.270+01:00 DEBUG 289148 --- [smboutique-backend] [           main] org.hibernate.SQL                        : 
    select
        p1_0.id_permission,
        p1_0.description,
        p1_0.name 
    from
        permission p1_0 
    where
        p1_0.name=?
Hibernate: 
    select
        p1_0.id_permission,
        p1_0.description,
        p1_0.name 
    from
        permission p1_0 
    where
        p1_0.name=?
2026-01-07T19:03:47.272+01:00 DEBUG 289148 --- [smboutique-backend] [           main] tor$SharedEntityManagerInvocationHandler : Creating new EntityManager for shared EntityManager invocation
2026-01-07T19:03:47.273+01:00  WARN 289148 --- [smboutique-backend] [           main] org.hibernate.orm.deprecation            : HHH90000021: Encountered deprecated setting [javax.persistence.query.timeout], use [jakarta.persistence.query.timeout] instead
2026-01-07T19:03:47.274+01:00 DEBUG 289148 --- [smboutique-backend] [           main] org.hibernate.SQL                        : 
    select
        p1_0.id_permission,
        p1_0.description,
        p1_0.name 
    from
        permission p1_0 
    where
        p1_0.name=?
Hibernate: 
    select
        p1_0.id_permission,
        p1_0.description,
        p1_0.name 
    from
        permission p1_0 
    where
        p1_0.name=?
2026-01-07T19:03:47.277+01:00 DEBUG 289148 --- [smboutique-backend] [           main] tor$SharedEntityManagerInvocationHandler : Creating new EntityManager for shared EntityManager invocation
2026-01-07T19:03:47.277+01:00  WARN 289148 --- [smboutique-backend] [           main] org.hibernate.orm.deprecation            : HHH90000021: Encountered deprecated setting [javax.persistence.query.timeout], use [jakarta.persistence.query.timeout] instead
2026-01-07T19:03:47.279+01:00 DEBUG 289148 --- [smboutique-backend] [           main] org.hibernate.SQL                        : 
    select
        p1_0.id_permission,
        p1_0.description,
        p1_0.name 
    from
        permission p1_0 
    where
        p1_0.name=?
Hibernate: 
    select
        p1_0.id_permission,
        p1_0.description,
        p1_0.name 
    from
        permission p1_0 
    where
        p1_0.name=?
2026-01-07T19:03:47.282+01:00 DEBUG 289148 --- [smboutique-backend] [           main] tor$SharedEntityManagerInvocationHandler : Creating new EntityManager for shared EntityManager invocation
2026-01-07T19:03:47.283+01:00  WARN 289148 --- [smboutique-backend] [           main] org.hibernate.orm.deprecation            : HHH90000021: Encountered deprecated setting [javax.persistence.query.timeout], use [jakarta.persistence.query.timeout] instead
2026-01-07T19:03:47.285+01:00 DEBUG 289148 --- [smboutique-backend] [           main] org.hibernate.SQL                        : 
    select
        p1_0.id_permission,
        p1_0.description,
        p1_0.name 
    from
        permission p1_0 
    where
        p1_0.name=?
Hibernate: 
    select
        p1_0.id_permission,
        p1_0.description,
        p1_0.name 
    from
        permission p1_0 
    where
        p1_0.name=?
2026-01-07T19:03:47.287+01:00 DEBUG 289148 --- [smboutique-backend] [           main] tor$SharedEntityManagerInvocationHandler : Creating new EntityManager for shared EntityManager invocation
2026-01-07T19:03:47.288+01:00  WARN 289148 --- [smboutique-backend] [           main] org.hibernate.orm.deprecation            : HHH90000021: Encountered deprecated setting [javax.persistence.query.timeout], use [jakarta.persistence.query.timeout] instead
2026-01-07T19:03:47.289+01:00 DEBUG 289148 --- [smboutique-backend] [           main] org.hibernate.SQL                        : 
    select
        p1_0.id_permission,
        p1_0.description,
        p1_0.name 
    from
        permission p1_0 
    where
        p1_0.name=?
Hibernate: 
    select
        p1_0.id_permission,
        p1_0.description,
        p1_0.name 
    from
        permission p1_0 
    where
        p1_0.name=?
2026-01-07T19:03:47.293+01:00 DEBUG 289148 --- [smboutique-backend] [           main] tor$SharedEntityManagerInvocationHandler : Creating new EntityManager for shared EntityManager invocation
2026-01-07T19:03:47.294+01:00  WARN 289148 --- [smboutique-backend] [           main] org.hibernate.orm.deprecation            : HHH90000021: Encountered deprecated setting [javax.persistence.query.timeout], use [jakarta.persistence.query.timeout] instead
2026-01-07T19:03:47.296+01:00 DEBUG 289148 --- [smboutique-backend] [           main] org.hibernate.SQL                        : 
    select
        p1_0.id_permission,
        p1_0.description,
        p1_0.name 
    from
        permission p1_0 
    where
        p1_0.name=?
Hibernate: 
    select
        p1_0.id_permission,
        p1_0.description,
        p1_0.name 
    from
        permission p1_0 
    where
        p1_0.name=?
2026-01-07T19:03:47.299+01:00 DEBUG 289148 --- [smboutique-backend] [           main] tor$SharedEntityManagerInvocationHandler : Creating new EntityManager for shared EntityManager invocation
2026-01-07T19:03:47.299+01:00  WARN 289148 --- [smboutique-backend] [           main] org.hibernate.orm.deprecation            : HHH90000021: Encountered deprecated setting [javax.persistence.query.timeout], use [jakarta.persistence.query.timeout] instead
2026-01-07T19:03:47.301+01:00 DEBUG 289148 --- [smboutique-backend] [           main] org.hibernate.SQL                        : 
    select
        p1_0.id_permission,
        p1_0.description,
        p1_0.name 
    from
        permission p1_0 
    where
        p1_0.name=?
Hibernate: 
    select
        p1_0.id_permission,
        p1_0.description,
        p1_0.name 
    from
        permission p1_0 
    where
        p1_0.name=?
2026-01-07T19:03:47.304+01:00 DEBUG 289148 --- [smboutique-backend] [           main] tor$SharedEntityManagerInvocationHandler : Creating new EntityManager for shared EntityManager invocation
2026-01-07T19:03:47.305+01:00  WARN 289148 --- [smboutique-backend] [           main] org.hibernate.orm.deprecation            : HHH90000021: Encountered deprecated setting [javax.persistence.query.timeout], use [jakarta.persistence.query.timeout] instead
2026-01-07T19:03:47.307+01:00 DEBUG 289148 --- [smboutique-backend] [           main] org.hibernate.SQL                        : 
    select
        p1_0.id_permission,
        p1_0.description,
        p1_0.name 
    from
        permission p1_0 
    where
        p1_0.name=?
Hibernate: 
    select
        p1_0.id_permission,
        p1_0.description,
        p1_0.name 
    from
        permission p1_0 
    where
        p1_0.name=?
2026-01-07T19:03:47.309+01:00 DEBUG 289148 --- [smboutique-backend] [           main] tor$SharedEntityManagerInvocationHandler : Creating new EntityManager for shared EntityManager invocation
2026-01-07T19:03:47.310+01:00  WARN 289148 --- [smboutique-backend] [           main] org.hibernate.orm.deprecation            : HHH90000021: Encountered deprecated setting [javax.persistence.query.timeout], use [jakarta.persistence.query.timeout] instead
2026-01-07T19:03:47.311+01:00 DEBUG 289148 --- [smboutique-backend] [           main] org.hibernate.SQL                        : 
    select
        p1_0.id_permission,
        p1_0.description,
        p1_0.name 
    from
        permission p1_0 
    where
        p1_0.name=?
Hibernate: 
    select
        p1_0.id_permission,
        p1_0.description,
        p1_0.name 
    from
        permission p1_0 
    where
        p1_0.name=?
2026-01-07T19:03:47.313+01:00 DEBUG 289148 --- [smboutique-backend] [           main] tor$SharedEntityManagerInvocationHandler : Creating new EntityManager for shared EntityManager invocation
2026-01-07T19:03:47.314+01:00  WARN 289148 --- [smboutique-backend] [           main] org.hibernate.orm.deprecation            : HHH90000021: Encountered deprecated setting [javax.persistence.query.timeout], use [jakarta.persistence.query.timeout] instead
2026-01-07T19:03:47.315+01:00 DEBUG 289148 --- [smboutique-backend] [           main] org.hibernate.SQL                        : 
    select
        p1_0.id_permission,
        p1_0.description,
        p1_0.name 
    from
        permission p1_0 
    where
        p1_0.name=?
Hibernate: 
    select
        p1_0.id_permission,
        p1_0.description,
        p1_0.name 
    from
        permission p1_0 
    where
        p1_0.name=?
2026-01-07T19:03:47.318+01:00 DEBUG 289148 --- [smboutique-backend] [           main] tor$SharedEntityManagerInvocationHandler : Creating new EntityManager for shared EntityManager invocation
2026-01-07T19:03:47.318+01:00  WARN 289148 --- [smboutique-backend] [           main] org.hibernate.orm.deprecation            : HHH90000021: Encountered deprecated setting [javax.persistence.query.timeout], use [jakarta.persistence.query.timeout] instead
2026-01-07T19:03:47.320+01:00 DEBUG 289148 --- [smboutique-backend] [           main] org.hibernate.SQL                        : 
    select
        p1_0.id_permission,
        p1_0.description,
        p1_0.name 
    from
        permission p1_0 
    where
        p1_0.name=?
Hibernate: 
    select
        p1_0.id_permission,
        p1_0.description,
        p1_0.name 
    from
        permission p1_0 
    where
        p1_0.name=?
2026-01-07T19:03:47.323+01:00 DEBUG 289148 --- [smboutique-backend] [           main] tor$SharedEntityManagerInvocationHandler : Creating new EntityManager for shared EntityManager invocation
2026-01-07T19:03:47.323+01:00  WARN 289148 --- [smboutique-backend] [           main] org.hibernate.orm.deprecation            : HHH90000021: Encountered deprecated setting [javax.persistence.query.timeout], use [jakarta.persistence.query.timeout] instead
2026-01-07T19:03:47.324+01:00 DEBUG 289148 --- [smboutique-backend] [           main] org.hibernate.SQL                        : 
    select
        p1_0.id_permission,
        p1_0.description,
        p1_0.name 
    from
        permission p1_0 
    where
        p1_0.name=?
Hibernate: 
    select
        p1_0.id_permission,
        p1_0.description,
        p1_0.name 
    from
        permission p1_0 
    where
        p1_0.name=?
2026-01-07T19:03:47.327+01:00 DEBUG 289148 --- [smboutique-backend] [           main] tor$SharedEntityManagerInvocationHandler : Creating new EntityManager for shared EntityManager invocation
2026-01-07T19:03:47.327+01:00  WARN 289148 --- [smboutique-backend] [           main] org.hibernate.orm.deprecation            : HHH90000021: Encountered deprecated setting [javax.persistence.query.timeout], use [jakarta.persistence.query.timeout] instead
2026-01-07T19:03:47.328+01:00 DEBUG 289148 --- [smboutique-backend] [           main] org.hibernate.SQL                        : 
    select
        p1_0.id_permission,
        p1_0.description,
        p1_0.name 
    from
        permission p1_0 
    where
        p1_0.name=?
Hibernate: 
    select
        p1_0.id_permission,
        p1_0.description,
        p1_0.name 
    from
        permission p1_0 
    where
        p1_0.name=?
2026-01-07T19:03:47.330+01:00 DEBUG 289148 --- [smboutique-backend] [           main] tor$SharedEntityManagerInvocationHandler : Creating new EntityManager for shared EntityManager invocation
2026-01-07T19:03:47.331+01:00  WARN 289148 --- [smboutique-backend] [           main] org.hibernate.orm.deprecation            : HHH90000021: Encountered deprecated setting [javax.persistence.query.timeout], use [jakarta.persistence.query.timeout] instead
2026-01-07T19:03:47.332+01:00 DEBUG 289148 --- [smboutique-backend] [           main] org.hibernate.SQL                        : 
    select
        p1_0.id_permission,
        p1_0.description,
        p1_0.name 
    from
        permission p1_0 
    where
        p1_0.name=?
Hibernate: 
    select
        p1_0.id_permission,
        p1_0.description,
        p1_0.name 
    from
        permission p1_0 
    where
        p1_0.name=?
2026-01-07T19:03:47.334+01:00 DEBUG 289148 --- [smboutique-backend] [           main] tor$SharedEntityManagerInvocationHandler : Creating new EntityManager for shared EntityManager invocation
2026-01-07T19:03:47.335+01:00  WARN 289148 --- [smboutique-backend] [           main] org.hibernate.orm.deprecation            : HHH90000021: Encountered deprecated setting [javax.persistence.query.timeout], use [jakarta.persistence.query.timeout] instead
2026-01-07T19:03:47.337+01:00 DEBUG 289148 --- [smboutique-backend] [           main] org.hibernate.SQL                        : 
    select
        p1_0.id_permission,
        p1_0.description,
        p1_0.name 
    from
        permission p1_0 
    where
        p1_0.name=?
Hibernate: 
    select
        p1_0.id_permission,
        p1_0.description,
        p1_0.name 
    from
        permission p1_0 
    where
        p1_0.name=?
2026-01-07T19:03:47.340+01:00 DEBUG 289148 --- [smboutique-backend] [           main] tor$SharedEntityManagerInvocationHandler : Creating new EntityManager for shared EntityManager invocation
2026-01-07T19:03:47.340+01:00  WARN 289148 --- [smboutique-backend] [           main] org.hibernate.orm.deprecation            : HHH90000021: Encountered deprecated setting [javax.persistence.query.timeout], use [jakarta.persistence.query.timeout] instead
2026-01-07T19:03:47.342+01:00 DEBUG 289148 --- [smboutique-backend] [           main] org.hibernate.SQL                        : 
    select
        p1_0.id_permission,
        p1_0.description,
        p1_0.name 
    from
        permission p1_0 
    where
        p1_0.name=?
Hibernate: 
    select
        p1_0.id_permission,
        p1_0.description,
        p1_0.name 
    from
        permission p1_0 
    where
        p1_0.name=?
2026-01-07T19:03:47.344+01:00 DEBUG 289148 --- [smboutique-backend] [           main] tor$SharedEntityManagerInvocationHandler : Creating new EntityManager for shared EntityManager invocation
2026-01-07T19:03:47.345+01:00  WARN 289148 --- [smboutique-backend] [           main] org.hibernate.orm.deprecation            : HHH90000021: Encountered deprecated setting [javax.persistence.query.timeout], use [jakarta.persistence.query.timeout] instead
2026-01-07T19:03:47.347+01:00 DEBUG 289148 --- [smboutique-backend] [           main] org.hibernate.SQL                        : 
    select
        p1_0.id_permission,
        p1_0.description,
        p1_0.name 
    from
        permission p1_0 
    where
        p1_0.name=?
Hibernate: 
    select
        p1_0.id_permission,
        p1_0.description,
        p1_0.name 
    from
        permission p1_0 
    where
        p1_0.name=?
2026-01-07T19:03:47.350+01:00 DEBUG 289148 --- [smboutique-backend] [           main] tor$SharedEntityManagerInvocationHandler : Creating new EntityManager for shared EntityManager invocation
2026-01-07T19:03:47.350+01:00  WARN 289148 --- [smboutique-backend] [           main] org.hibernate.orm.deprecation            : HHH90000021: Encountered deprecated setting [javax.persistence.query.timeout], use [jakarta.persistence.query.timeout] instead
2026-01-07T19:03:47.352+01:00 DEBUG 289148 --- [smboutique-backend] [           main] org.hibernate.SQL                        : 
    select
        p1_0.id_permission,
        p1_0.description,
        p1_0.name 
    from
        permission p1_0 
    where
        p1_0.name=?
Hibernate: 
    select
        p1_0.id_permission,
        p1_0.description,
        p1_0.name 
    from
        permission p1_0 
    where
        p1_0.name=?
2026-01-07T19:03:47.355+01:00 DEBUG 289148 --- [smboutique-backend] [           main] tor$SharedEntityManagerInvocationHandler : Creating new EntityManager for shared EntityManager invocation
2026-01-07T19:03:47.355+01:00  WARN 289148 --- [smboutique-backend] [           main] org.hibernate.orm.deprecation            : HHH90000021: Encountered deprecated setting [javax.persistence.query.timeout], use [jakarta.persistence.query.timeout] instead
2026-01-07T19:03:47.357+01:00 DEBUG 289148 --- [smboutique-backend] [           main] org.hibernate.SQL                        : 
    select
        p1_0.id_permission,
        p1_0.description,
        p1_0.name 
    from
        permission p1_0 
    where
        p1_0.name=?
Hibernate: 
    select
        p1_0.id_permission,
        p1_0.description,
        p1_0.name 
    from
        permission p1_0 
    where
        p1_0.name=?
2026-01-07T19:03:47.359+01:00 DEBUG 289148 --- [smboutique-backend] [           main] tor$SharedEntityManagerInvocationHandler : Creating new EntityManager for shared EntityManager invocation
2026-01-07T19:03:47.359+01:00  WARN 289148 --- [smboutique-backend] [           main] org.hibernate.orm.deprecation            : HHH90000021: Encountered deprecated setting [javax.persistence.query.timeout], use [jakarta.persistence.query.timeout] instead
2026-01-07T19:03:47.360+01:00 DEBUG 289148 --- [smboutique-backend] [           main] org.hibernate.SQL                        : 
    select
        p1_0.id_permission,
        p1_0.description,
        p1_0.name 
    from
        permission p1_0 
    where
        p1_0.name=?
Hibernate: 
    select
        p1_0.id_permission,
        p1_0.description,
        p1_0.name 
    from
        permission p1_0 
    where
        p1_0.name=?
2026-01-07T19:03:47.363+01:00 DEBUG 289148 --- [smboutique-backend] [           main] tor$SharedEntityManagerInvocationHandler : Creating new EntityManager for shared EntityManager invocation
2026-01-07T19:03:47.364+01:00  WARN 289148 --- [smboutique-backend] [           main] org.hibernate.orm.deprecation            : HHH90000021: Encountered deprecated setting [javax.persistence.query.timeout], use [jakarta.persistence.query.timeout] instead
2026-01-07T19:03:47.365+01:00 DEBUG 289148 --- [smboutique-backend] [           main] org.hibernate.SQL                        : 
    select
        p1_0.id_permission,
        p1_0.description,
        p1_0.name 
    from
        permission p1_0 
    where
        p1_0.name=?
Hibernate: 
    select
        p1_0.id_permission,
        p1_0.description,
        p1_0.name 
    from
        permission p1_0 
    where
        p1_0.name=?
2026-01-07T19:03:47.368+01:00 DEBUG 289148 --- [smboutique-backend] [           main] tor$SharedEntityManagerInvocationHandler : Creating new EntityManager for shared EntityManager invocation
[...]
    values
        (?, ?, ?, ?, ?, ?, ?, ?, ?)
2026-01-07T19:03:49.725+01:00 DEBUG 289148 --- [smboutique-backend] [           main] o.s.orm.jpa.JpaTransactionManager        : Found thread-bound EntityManager [SessionImpl(1065775200<open>)] for JPA transaction
2026-01-07T19:03:49.726+01:00 DEBUG 289148 --- [smboutique-backend] [           main] o.s.orm.jpa.JpaTransactionManager        : Participating in existing transaction
2026-01-07T19:03:49.726+01:00 DEBUG 289148 --- [smboutique-backend] [           main] org.hibernate.SQL                        : 
    insert 
    into
        caisse_movement
        (balance_after, balance_before, boutique_id, commande_id, created_at, depense_id, metadata, montant, paiement_id, raison, reference_caisse, type_tx, user_id) 
    values
        (?, ?, ?, ?, ?, ?, ?, ?, ?, ?, ?, ?, ?)
Hibernate: 
    insert 
    into
        caisse_movement
        (balance_after, balance_before, boutique_id, commande_id, created_at, depense_id, metadata, montant, paiement_id, raison, reference_caisse, type_tx, user_id) 
    values
        (?, ?, ?, ?, ?, ?, ?, ?, ?, ?, ?, ?, ?)
2026-01-07T19:03:49.729+01:00 DEBUG 289148 --- [smboutique-backend] [           main] o.s.orm.jpa.JpaTransactionManager        : Found thread-bound EntityManager [SessionImpl(1065775200<open>)] for JPA transaction
2026-01-07T19:03:49.729+01:00 DEBUG 289148 --- [smboutique-backend] [           main] o.s.orm.jpa.JpaTransactionManager        : Participating in existing transaction
2026-01-07T19:03:49.730+01:00 DEBUG 289148 --- [smboutique-backend] [           main] org.hibernate.SQL                        : 
    insert 
    into
        mouvement
        (id_boutique, date_mov, description, id_inventaire, id_ligne_livraison, id_ligne_reception, id_ligne_vente, id_magasin, montant, id_produit, quantite, reference_id, reference_inventaire, sous_type, id_stock, id_transfer, type_mvnt, id_utilisateur) 
    values
        (?, ?, ?, ?, ?, ?, ?, ?, ?, ?, ?, ?, ?, ?, ?, ?, ?, ?)
Hibernate: 
    insert 
    into
        mouvement
        (id_boutique, date_mov, description, id_inventaire, id_ligne_livraison, id_ligne_reception, id_ligne_vente, id_magasin, montant, id_produit, quantite, reference_id, reference_inventaire, sous_type, id_stock, id_transfer, type_mvnt, id_utilisateur) 
    values
        (?, ?, ?, ?, ?, ?, ?, ?, ?, ?, ?, ?, ?, ?, ?, ?, ?, ?)
2026-01-07T19:03:49.735+01:00 DEBUG 289148 --- [smboutique-backend] [           main] o.s.orm.jpa.JpaTransactionManager        : Found thread-bound EntityManager [SessionImpl(1065775200<open>)] for JPA transaction
2026-01-07T19:03:49.735+01:00 DEBUG 289148 --- [smboutique-backend] [           main] o.s.orm.jpa.JpaTransactionManager        : Participating in existing transaction
2026-01-07T19:03:49.735+01:00 DEBUG 289148 --- [smboutique-backend] [           main] o.s.orm.jpa.JpaTransactionManager        : Found thread-bound EntityManager [SessionImpl(1065775200<open>)] for JPA transaction
2026-01-07T19:03:49.736+01:00 DEBUG 289148 --- [smboutique-backend] [           main] o.s.orm.jpa.JpaTransactionManager        : Participating in existing transaction
2026-01-07T19:03:49.736+01:00  WARN 289148 --- [smboutique-backend] [           main] org.hibernate.orm.deprecation            : HHH90000021: Encountered deprecated setting [javax.persistence.query.timeout], use [jakarta.persistence.query.timeout] instead
2026-01-07T19:03:49.738+01:00 DEBUG 289148 --- [smboutique-backend] [           main] org.hibernate.SQL                        : 
    select
        lv1_0.id_ligne_vente,
        lv1_0.new_price_vente,
        lv1_0.price_mode,
        lv1_0.id_produit,
        lv1_0.quantite,
        lv1_0.quantite_conditionnement,
        lv1_0.qte_livre,
        lv1_0.reste_unites_dans_carton_apres_vente,
        lv1_0.id_vente 
    from
        ligne_vente lv1_0
Hibernate: 
    select
        lv1_0.id_ligne_vente,
        lv1_0.new_price_vente,
        lv1_0.price_mode,
        lv1_0.id_produit,
        lv1_0.quantite,
        lv1_0.quantite_conditionnement,
        lv1_0.qte_livre,
        lv1_0.reste_unites_dans_carton_apres_vente,
        lv1_0.id_vente 
    from
        ligne_vente lv1_0
2026-01-07T19:03:49.741+01:00 DEBUG 289148 --- [smboutique-backend] [           main] org.hibernate.SQL                        : 
    select
        p1_0.id_produit,
        p1_0.alerte_stock,
        p1_0.caracteristique,
        p1_0.date_creation,
        p1_0.marge_detail,
        p1_0.marge_gros,
        p1_0.nom_produit,
        p1_0.nombre_unites_par_conditionnement,
        p1_0.prix_achat,
        p1_0.prix_detail,
        p1_0.prix_en_gros,
        p1_0.product_image,
        u1_0.id_unite,
        u1_0.id_boutique,
        u1_0.libelle,
        u1_0.symbole,
        p1_0.unite_conditionnement 
    from
        tbl_product p1_0 
    left join
        unite u1_0 
            on u1_0.id_unite=p1_0.id_unite 
    where
        p1_0.id_produit=?
Hibernate: 
    select
        p1_0.id_produit,
        p1_0.alerte_stock,
        p1_0.caracteristique,
        p1_0.date_creation,
        p1_0.marge_detail,
        p1_0.marge_gros,
        p1_0.nom_produit,
        p1_0.nombre_unites_par_conditionnement,
        p1_0.prix_achat,
        p1_0.prix_detail,
        p1_0.prix_en_gros,
        p1_0.product_image,
        u1_0.id_unite,
        u1_0.id_boutique,
        u1_0.libelle,
        u1_0.symbole,
        p1_0.unite_conditionnement 
    from
        tbl_product p1_0 
    left join
        unite u1_0 
            on u1_0.id_unite=p1_0.id_unite 
    where
        p1_0.id_produit=?
2026-01-07T19:03:49.743+01:00 DEBUG 289148 --- [smboutique-backend] [           main] org.hibernate.SQL                        : 
    select
        v1_0.id_vente,
        b1_0.id_boutique,
        b1_0.adresse,
        b1_0.logo,
        b1_0.nom,
        b1_0.quartier,
        b1_0.telephone,
        v1_0.date_vente,
        v1_0.monnaie_rembourse,
        v1_0.montant_recu,
        v1_0.montant_total,
        v1_0.net_a_payer,
        v1_0.nom_client,
        v1_0.reference_caisse,
        v1_0.remise,
        u1_0.id_utilisateur,
        u1_0.adresse,
        u1_0.avatar,
        u1_0.boutique_id,
        u1_0.contact_utilisateur,
        u1_0.email,
        u1_0.mot_de_passe_utilisateur,
        u1_0.nom_utilisateur,
        p1_0.utilisateur_id,
        p1_1.id_permission,
        p1_1.description,
        p1_1.name,
        u1_0.prenom_utilisateur,
        u1_0.psedeau_utilisateur,
        u1_0.reset_token,
        u1_0.reset_token_expire,
        r1_0.utilisateur_id,
        r1_1.id_role,
        r1_1.description,
        r1_1.name,
        u1_0.statut,
        u1_0.type_utilisateur 
    from
        vente v1_0 
    left join
        boutique b1_0 
            on b1_0.id_boutique=v1_0.id_boutique 
    left join
        utilisateur u1_0 
            on u1_0.id_utilisateur=v1_0.id_utilisateur 
    left join
        utilisateur_permissions p1_0 
            on u1_0.id_utilisateur=p1_0.utilisateur_id 
    left join
        permission p1_1 
            on p1_1.id_permission=p1_0.permission_id 
    left join
        utilisateur_roles r1_0 
            on u1_0.id_utilisateur=r1_0.utilisateur_id 
    left join
        role r1_1 
            on r1_1.id_role=r1_0.role_id 
    where
        v1_0.id_vente=?
Hibernate: 
    select
        v1_0.id_vente,
        b1_0.id_boutique,
        b1_0.adresse,
        b1_0.logo,
        b1_0.nom,
        b1_0.quartier,
        b1_0.telephone,
        v1_0.date_vente,
        v1_0.monnaie_rembourse,
        v1_0.montant_recu,
        v1_0.montant_total,
        v1_0.net_a_payer,
        v1_0.nom_client,
        v1_0.reference_caisse,
        v1_0.remise,
        u1_0.id_utilisateur,
        u1_0.adresse,
        u1_0.avatar,
        u1_0.boutique_id,
        u1_0.contact_utilisateur,
        u1_0.email,
        u1_0.mot_de_passe_utilisateur,
        u1_0.nom_utilisateur,
        p1_0.utilisateur_id,
        p1_1.id_permission,
        p1_1.description,
        p1_1.name,
        u1_0.prenom_utilisateur,
        u1_0.psedeau_utilisateur,
        u1_0.reset_token,
        u1_0.reset_token_expire,
        r1_0.utilisateur_id,
        r1_1.id_role,
        r1_1.description,
        r1_1.name,
        u1_0.statut,
        u1_0.type_utilisateur 
    from
        vente v1_0 
    left join
        boutique b1_0 
            on b1_0.id_boutique=v1_0.id_boutique 
    left join
        utilisateur u1_0 
            on u1_0.id_utilisateur=v1_0.id_utilisateur 
    left join
        utilisateur_permissions p1_0 
            on u1_0.id_utilisateur=p1_0.utilisateur_id 
    left join
        permission p1_1 
            on p1_1.id_permission=p1_0.permission_id 
    left join
        utilisateur_roles r1_0 
            on u1_0.id_utilisateur=r1_0.utilisateur_id 
    left join
        role r1_1 
            on r1_1.id_role=r1_0.role_id 
    where
        v1_0.id_vente=?
2026-01-07T19:03:49.749+01:00 DEBUG 289148 --- [smboutique-backend] [           main] org.hibernate.SQL                        : 
    select
        p1_0.id_produit,
        p1_0.alerte_stock,
        p1_0.caracteristique,
        p1_0.date_creation,
        p1_0.marge_detail,
        p1_0.marge_gros,
        p1_0.nom_produit,
        p1_0.nombre_unites_par_conditionnement,
        p1_0.prix_achat,
        p1_0.prix_detail,
        p1_0.prix_en_gros,
        p1_0.product_image,
        u1_0.id_unite,
        u1_0.id_boutique,
        u1_0.libelle,
        u1_0.symbole,
        p1_0.unite_conditionnement 
    from
        tbl_product p1_0 
    left join
        unite u1_0 
            on u1_0.id_unite=p1_0.id_unite 
    where
        p1_0.id_produit=?
Hibernate: 
    select
        p1_0.id_produit,
        p1_0.alerte_stock,
        p1_0.caracteristique,
        p1_0.date_creation,
        p1_0.marge_detail,
        p1_0.marge_gros,
        p1_0.nom_produit,
        p1_0.nombre_unites_par_conditionnement,
        p1_0.prix_achat,
        p1_0.prix_detail,
        p1_0.prix_en_gros,
        p1_0.product_image,
        u1_0.id_unite,
        u1_0.id_boutique,
        u1_0.libelle,
        u1_0.symbole,
        p1_0.unite_conditionnement 
    from
        tbl_product p1_0 
    left join
        unite u1_0 
            on u1_0.id_unite=p1_0.id_unite 
    where
        p1_0.id_produit=?
2026-01-07T19:03:49.751+01:00 DEBUG 289148 --- [smboutique-backend] [           main] org.hibernate.SQL                        : 
    select
        p1_0.role_id,
        p1_1.id_permission,
        p1_1.description,
        p1_1.name 
    from
        role_permissions p1_0 
    join
        permission p1_1 
            on p1_1.id_permission=p1_0.permission_id 
    where
        p1_0.role_id=?
Hibernate: 
    select
        p1_0.role_id,
        p1_1.id_permission,
        p1_1.description,
        p1_1.name 
    from
        role_permissions p1_0 
    join
        permission p1_1 
            on p1_1.id_permission=p1_0.permission_id 
    where
        p1_0.role_id=?
2026-01-07T19:03:49.754+01:00 DEBUG 289148 --- [smboutique-backend] [           main] o.s.orm.jpa.JpaTransactionManager        : Found thread-bound EntityManager [SessionImpl(1065775200<open>)] for JPA transaction
2026-01-07T19:03:49.754+01:00 DEBUG 289148 --- [smboutique-backend] [           main] o.s.orm.jpa.JpaTransactionManager        : Participating in existing transaction
2026-01-07T19:03:49.755+01:00  WARN 289148 --- [smboutique-backend] [           main] org.hibernate.orm.deprecation            : HHH90000021: Encountered deprecated setting [javax.persistence.query.timeout], use [jakarta.persistence.query.timeout] instead
2026-01-07T19:03:49.760+01:00 DEBUG 289148 --- [smboutique-backend] [           main] org.hibernate.SQL                        : 
    select
        m1_0.id_mvnt,
        m1_0.id_boutique,
        m1_0.date_mov,
        m1_0.description,
        m1_0.id_inventaire,
        m1_0.id_ligne_livraison,
        m1_0.id_ligne_reception,
        m1_0.id_ligne_vente,
        m1_0.id_magasin,
        m1_0.montant,
        m1_0.id_produit,
        m1_0.quantite,
        m1_0.reference_id,
        m1_0.reference_inventaire,
        m1_0.sous_type,
        m1_0.id_stock,
        m1_0.id_transfer,
        m1_0.type_mvnt,
        m1_0.id_utilisateur 
    from
        mouvement m1_0
Hibernate: 
    select
        m1_0.id_mvnt,
        m1_0.id_boutique,
        m1_0.date_mov,
        m1_0.description,
        m1_0.id_inventaire,
        m1_0.id_ligne_livraison,
        m1_0.id_ligne_reception,
        m1_0.id_ligne_vente,
        m1_0.id_magasin,
        m1_0.montant,
        m1_0.id_produit,
        m1_0.quantite,
        m1_0.reference_id,
        m1_0.reference_inventaire,
        m1_0.sous_type,
        m1_0.id_stock,
        m1_0.id_transfer,
        m1_0.type_mvnt,
        m1_0.id_utilisateur 
    from
        mouvement m1_0
2026-01-07T19:03:49.764+01:00 DEBUG 289148 --- [smboutique-backend] [           main] org.hibernate.SQL                        : 
    select
        s1_0.id_stock,
        b1_0.id_boutique,
        b1_0.adresse,
        b1_0.logo,
        b1_0.nom,
        b1_0.quartier,
        b1_0.telephone,
        s1_0.cost_average,
        s1_0.last_purchase_price,
        m1_0.id_magasin,
        m1_0.adresse,
        b2_0.id_boutique,
        b2_0.adresse,
        b2_0.logo,
        b2_0.nom,
        b2_0.quartier,
        b2_0.telephone,
        m1_0.nom,
        m1_0.type_magasin,
        p1_0.id_produit,
        p1_0.alerte_stock,
        p1_0.caracteristique,
        p1_0.date_creation,
        p1_0.marge_detail,
        p1_0.marge_gros,
        p1_0.nom_produit,
        p1_0.nombre_unites_par_conditionnement,
        p1_0.prix_achat,
        p1_0.prix_detail,
        p1_0.prix_en_gros,
        p1_0.product_image,
        u1_0.id_unite,
        u1_0.id_boutique,
        u1_0.libelle,
        u1_0.symbole,
        p1_0.unite_conditionnement,
        s1_0.quantite_disponible 
    from
        stock s1_0 
    left join
        boutique b1_0 
            on b1_0.id_boutique=s1_0.id_boutique 
    left join
        magasin m1_0 
            on m1_0.id_magasin=s1_0.id_magasin 
    left join
        boutique b2_0 
            on b2_0.id_boutique=m1_0.id_boutique 
    left join
        tbl_product p1_0 
            on p1_0.id_produit=s1_0.id_produit 
    left join
        unite u1_0 
            on u1_0.id_unite=p1_0.id_unite 
    where
        s1_0.id_stock=?
Hibernate: 
    select
        s1_0.id_stock,
        b1_0.id_boutique,
        b1_0.adresse,
        b1_0.logo,
        b1_0.nom,
        b1_0.quartier,
        b1_0.telephone,
        s1_0.cost_average,
        s1_0.last_purchase_price,
        m1_0.id_magasin,
        m1_0.adresse,
        b2_0.id_boutique,
        b2_0.adresse,
        b2_0.logo,
        b2_0.nom,
        b2_0.quartier,
        b2_0.telephone,
        m1_0.nom,
        m1_0.type_magasin,
        p1_0.id_produit,
        p1_0.alerte_stock,
        p1_0.caracteristique,
        p1_0.date_creation,
        p1_0.marge_detail,
        p1_0.marge_gros,
        p1_0.nom_produit,
        p1_0.nombre_unites_par_conditionnement,
        p1_0.prix_achat,
        p1_0.prix_detail,
        p1_0.prix_en_gros,
        p1_0.product_image,
        u1_0.id_unite,
        u1_0.id_boutique,
        u1_0.libelle,
        u1_0.symbole,
        p1_0.unite_conditionnement,
        s1_0.quantite_disponible 
    from
        stock s1_0 
    left join
        boutique b1_0 
            on b1_0.id_boutique=s1_0.id_boutique 
    left join
        magasin m1_0 
            on m1_0.id_magasin=s1_0.id_magasin 
    left join
        boutique b2_0 
            on b2_0.id_boutique=m1_0.id_boutique 
    left join
        tbl_product p1_0 
            on p1_0.id_produit=s1_0.id_produit 
    left join
        unite u1_0 
            on u1_0.id_unite=p1_0.id_unite 
    where
        s1_0.id_stock=?
2026-01-07T19:03:49.768+01:00 DEBUG 289148 --- [smboutique-backend] [           main] org.hibernate.SQL                        : 
    select
        b1_0.id_boutique,
        b1_0.adresse,
        b1_0.logo,
        b1_0.nom,
        b1_0.quartier,
        b1_0.telephone 
    from
        boutique b1_0 
    where
        b1_0.id_boutique=?
Hibernate: 
    select
        b1_0.id_boutique,
        b1_0.adresse,
        b1_0.logo,
        b1_0.nom,
        b1_0.quartier,
        b1_0.telephone 
    from
        boutique b1_0 
    where
        b1_0.id_boutique=?
2026-01-07T19:03:49.770+01:00 DEBUG 289148 --- [smboutique-backend] [           main] org.hibernate.SQL                        : 
    select
        u1_0.id_utilisateur,
        u1_0.adresse,
        u1_0.avatar,
        u1_0.boutique_id,
        u1_0.contact_utilisateur,
        u1_0.email,
        u1_0.mot_de_passe_utilisateur,
        u1_0.nom_utilisateur,
        p1_0.utilisateur_id,
        p1_1.id_permission,
        p1_1.description,
        p1_1.name,
        u1_0.prenom_utilisateur,
        u1_0.psedeau_utilisateur,
        u1_0.reset_token,
        u1_0.reset_token_expire,
        r1_0.utilisateur_id,
        r1_1.id_role,
        r1_1.description,
        r1_1.name,
        p2_0.role_id,
        p2_1.id_permission,
        p2_1.description,
        p2_1.name,
        u1_0.statut,
        u1_0.type_utilisateur 
    from
        utilisateur u1_0 
    left join
        utilisateur_permissions p1_0 
            on u1_0.id_utilisateur=p1_0.utilisateur_id 
    left join
        permission p1_1 
            on p1_1.id_permission=p1_0.permission_id 
    left join
        utilisateur_roles r1_0 
            on u1_0.id_utilisateur=r1_0.utilisateur_id 
    left join
        role r1_1 
            on r1_1.id_role=r1_0.role_id 
    left join
        role_permissions p2_0 
            on r1_1.id_role=p2_0.role_id 
    left join
        permission p2_1 
            on p2_1.id_permission=p2_0.permission_id 
    where
        u1_0.id_utilisateur=?
Hibernate: 
    select
        u1_0.id_utilisateur,
        u1_0.adresse,
        u1_0.avatar,
        u1_0.boutique_id,
        u1_0.contact_utilisateur,
        u1_0.email,
        u1_0.mot_de_passe_utilisateur,
        u1_0.nom_utilisateur,
        p1_0.utilisateur_id,
        p1_1.id_permission,
        p1_1.description,
        p1_1.name,
        u1_0.prenom_utilisateur,
        u1_0.psedeau_utilisateur,
        u1_0.reset_token,
        u1_0.reset_token_expire,
        r1_0.utilisateur_id,
        r1_1.id_role,
        r1_1.description,
        r1_1.name,
        p2_0.role_id,
        p2_1.id_permission,
        p2_1.description,
        p2_1.name,
        u1_0.statut,
        u1_0.type_utilisateur 
    from
        utilisateur u1_0 
    left join
        utilisateur_permissions p1_0 
            on u1_0.id_utilisateur=p1_0.utilisateur_id 
    left join
        permission p1_1 
            on p1_1.id_permission=p1_0.permission_id 
    left join
        utilisateur_roles r1_0 
            on u1_0.id_utilisateur=r1_0.utilisateur_id 
    left join
        role r1_1 
            on r1_1.id_role=r1_0.role_id 
    left join
        role_permissions p2_0 
            on r1_1.id_role=p2_0.role_id 
    left join
        permission p2_1 
            on p2_1.id_permission=p2_0.permission_id 
    where
        u1_0.id_utilisateur=?
2026-01-07T19:03:49.844+01:00 DEBUG 289148 --- [smboutique-backend] [           main] o.s.orm.jpa.JpaTransactionManager        : Initiating transaction rollback
2026-01-07T19:03:49.844+01:00 DEBUG 289148 --- [smboutique-backend] [           main] o.s.orm.jpa.JpaTransactionManager        : Rolling back JPA transaction on EntityManager [SessionImpl(1065775200<open>)]
2026-01-07T19:03:49.871+01:00 DEBUG 289148 --- [smboutique-backend] [           main] o.s.orm.jpa.JpaTransactionManager        : Closing JPA EntityManager [SessionImpl(1065775200<open>)] after transaction
]]></system-out>
  </testcase>
</testsuite>